{"meta": {"format": 3, "version": "7.13.4", "timestamp": "2026-02-14T19:43:54.737066", "branch_coverage": true, "show_contexts": false}, "files": {"core_app/__init__.py": {"executed_lines": [], "summary": {"covered_lines": 0, "num_statements": 0, "percent_covered": 100.0, "percent_covered_display": "100.00", "missing_lines": 0, "excluded_lines": 0, "percent_statements_covered": 100.0, "percent_statements_covered_display": "100.00", "num_branches": 0, "num_partial_branches": 0, "covered_branches": 0, "missing_branches": 0, "percent_branches_covered": 100.0, "percent_branches_covered_display": "100.00"}, "missing_lines": [], "excluded_lines": [], "executed_branches": [], "missing_branches": [], "functions": {"": {"executed_lines": [], "summary": {"covered_lines": 0, "num_statements": 0, "percent_covered": 100.0, "percent_covered_display": "100.00", "missing_lines": 0, "excluded_lines": 0, "percent_statements_covered": 100.0, "percent_statements_covered_display": "100.00", "num_branches": 0, "num_partial_branches": 0, "covered_branches": 0, "missing_branches": 0, "percent_branches_covered": 100.0, "percent_branches_covered_display": "100.00"}, "missing_lines": [], "excluded_lines": [], "start_line": 1, "executed_branches": [], "missing_branches": []}}, "classes": {"": {"executed_lines": [], "summary": {"covered_lines": 0, "num_statements": 0, "percent_covered": 100.0, "percent_covered_display": "100.00", "missing_lines": 0, "excluded_lines": 0, "percent_statements_covered": 100.0, "percent_statements_covered_display": "100.00", "num_branches": 0, "num_partial_branches": 0, "covered_branches": 0, "missing_branches": 0, "percent_branches_covered": 100.0, "percent_branches_covered_display": "100.00"}, "missing_lines": [], "excluded_lines": [], "start_line": 1, "executed_branches": [], "missing_branches": []}}}, "core_app/admin.py": {"executed_lines": [1, 2, 4, 5, 20, 21, 22, 23, 24, 26, 27, 28, 29, 31, 50, 60, 61, 64, 65, 66, 67, 68, 69, 72, 73, 74, 75, 76, 77, 78, 81, 82, 83, 84, 85, 86, 89, 90, 91, 92, 93, 94, 97, 98, 99, 100, 101, 102, 105, 106, 107, 108, 109, 110, 113, 114, 115, 118, 119, 120, 121, 122, 125, 126, 127, 128, 129, 130, 131, 134, 135, 136, 137, 138], "summary": {"covered_lines": 74, "num_statements": 74, "percent_covered": 100.0, "percent_covered_display": "100.00", "missing_lines": 0, "excluded_lines": 0, "percent_statements_covered": 100.0, "percent_statements_covered_display": "100.00", "num_branches": 0, "num_partial_branches": 0, "covered_branches": 0, "missing_branches": 0, "percent_branches_covered": 100.0, "percent_branches_covered_display": "100.00"}, "missing_lines": [], "excluded_lines": [], "executed_branches": [], "missing_branches": [], "functions": {"": {"executed_lines": [1, 2, 4, 5, 20, 21, 22, 23, 24, 26, 27, 28, 29, 31, 50, 60, 61, 64, 65, 66, 67, 68, 69, 72, 73, 74, 75, 76, 77, 78, 81, 82, 83, 84, 85, 86, 89, 90, 91, 92, 93, 94, 97, 98, 99, 100, 101, 102, 105, 106, 107, 108, 109, 110, 113, 114, 115, 118, 119, 120, 121, 122, 125, 126, 127, 128, 129, 130, 131, 134, 135, 136, 137, 138], "summary": {"covered_lines": 74, "num_statements": 74, "percent_covered": 100.0, "percent_covered_display": "100.00", "missing_lines": 0, "excluded_lines": 0, "percent_statements_covered": 100.0, "percent_statements_covered_display": "100.00", "num_branches": 0, "num_partial_branches": 0, "covered_branches": 0, "missing_branches": 0, "percent_branches_covered": 100.0, "percent_branches_covered_display": "100.00"}, "missing_lines": [], "excluded_lines": [], "start_line": 1, "executed_branches": [], "missing_branches": []}}, "classes": {"UserAdmin": {"executed_lines": [], "summary": {"covered_lines": 0, "num_statements": 0, "percent_covered": 100.0, "percent_covered_display": "100.00", "missing_lines": 0, "excluded_lines": 0, "percent_statements_covered": 100.0, "percent_statements_covered_display": "100.00", "num_branches": 0, "num_partial_branches": 0, "covered_branches": 0, "missing_branches": 0, "percent_branches_covered": 100.0, "percent_branches_covered_display": "100.00"}, "missing_lines": [], "excluded_lines": [], "start_line": 21, "executed_branches": [], "missing_branches": []}, "PackageAdmin": {"executed_lines": [], "summary": {"covered_lines": 0, "num_statements": 0, "percent_covered": 100.0, "percent_covered_display": "100.00", "missing_lines": 0, "excluded_lines": 0, "percent_statements_covered": 100.0, "percent_statements_covered_display": "100.00", "num_branches": 0, "num_partial_branches": 0, "covered_branches": 0, "missing_branches": 0, "percent_branches_covered": 100.0, "percent_branches_covered_display": "100.00"}, "missing_lines": [], "excluded_lines": [], "start_line": 65, "executed_branches": [], "missing_branches": []}, "AvailabilitySlotAdmin": {"executed_lines": [], "summary": {"covered_lines": 0, "num_statements": 0, "percent_covered": 100.0, "percent_covered_display": "100.00", "missing_lines": 0, "excluded_lines": 0, "percent_statements_covered": 100.0, "percent_statements_covered_display": "100.00", "num_branches": 0, "num_partial_branches": 0, "covered_branches": 0, "missing_branches": 0, "percent_branches_covered": 100.0, "percent_branches_covered_display": "100.00"}, "missing_lines": [], "excluded_lines": [], "start_line": 73, "executed_branches": [], "missing_branches": []}, "BookingAdmin": {"executed_lines": [], "summary": {"covered_lines": 0, "num_statements": 0, "percent_covered": 100.0, "percent_covered_display": "100.00", "missing_lines": 0, "excluded_lines": 0, "percent_statements_covered": 100.0, "percent_statements_covered_display": "100.00", "num_branches": 0, "num_partial_branches": 0, "covered_branches": 0, "missing_branches": 0, "percent_branches_covered": 100.0, "percent_branches_covered_display": "100.00"}, "missing_lines": [], "excluded_lines": [], "start_line": 82, "executed_branches": [], "missing_branches": []}, "PaymentAdmin": {"executed_lines": [], "summary": {"covered_lines": 0, "num_statements": 0, "percent_covered": 100.0, "percent_covered_display": "100.00", "missing_lines": 0, "excluded_lines": 0, "percent_statements_covered": 100.0, "percent_statements_covered_display": "100.00", "num_branches": 0, "num_partial_branches": 0, "covered_branches": 0, "missing_branches": 0, "percent_branches_covered": 100.0, "percent_branches_covered_display": "100.00"}, "missing_lines": [], "excluded_lines": [], "start_line": 90, "executed_branches": [], "missing_branches": []}, "NotificationAdmin": {"executed_lines": [], "summary": {"covered_lines": 0, "num_statements": 0, "percent_covered": 100.0, "percent_covered_display": "100.00", "missing_lines": 0, "excluded_lines": 0, "percent_statements_covered": 100.0, "percent_statements_covered_display": "100.00", "num_branches": 0, "num_partial_branches": 0, "covered_branches": 0, "missing_branches": 0, "percent_branches_covered": 100.0, "percent_branches_covered_display": "100.00"}, "missing_lines": [], "excluded_lines": [], "start_line": 98, "executed_branches": [], "missing_branches": []}, "FAQItemAdmin": {"executed_lines": [], "summary": {"covered_lines": 0, "num_statements": 0, "percent_covered": 100.0, "percent_covered_display": "100.00", "missing_lines": 0, "excluded_lines": 0, "percent_statements_covered": 100.0, "percent_statements_covered_display": "100.00", "num_branches": 0, "num_partial_branches": 0, "covered_branches": 0, "missing_branches": 0, "percent_branches_covered": 100.0, "percent_branches_covered_display": "100.00"}, "missing_lines": [], "excluded_lines": [], "start_line": 106, "executed_branches": [], "missing_branches": []}, "SiteSettingsAdmin": {"executed_lines": [], "summary": {"covered_lines": 0, "num_statements": 0, "percent_covered": 100.0, "percent_covered_display": "100.00", "missing_lines": 0, "excluded_lines": 0, "percent_statements_covered": 100.0, "percent_statements_covered_display": "100.00", "num_branches": 0, "num_partial_branches": 0, "covered_branches": 0, "missing_branches": 0, "percent_branches_covered": 100.0, "percent_branches_covered_display": "100.00"}, "missing_lines": [], "excluded_lines": [], "start_line": 114, "executed_branches": [], "missing_branches": []}, "TrainerProfileAdmin": {"executed_lines": [], "summary": {"covered_lines": 0, "num_statements": 0, "percent_covered": 100.0, "percent_covered_display": "100.00", "missing_lines": 0, "excluded_lines": 0, "percent_statements_covered": 100.0, "percent_statements_covered_display": "100.00", "num_branches": 0, "num_partial_branches": 0, "covered_branches": 0, "missing_branches": 0, "percent_branches_covered": 100.0, "percent_branches_covered_display": "100.00"}, "missing_lines": [], "excluded_lines": [], "start_line": 119, "executed_branches": [], "missing_branches": []}, "SubscriptionAdmin": {"executed_lines": [], "summary": {"covered_lines": 0, "num_statements": 0, "percent_covered": 100.0, "percent_covered_display": "100.00", "missing_lines": 0, "excluded_lines": 0, "percent_statements_covered": 100.0, "percent_statements_covered_display": "100.00", "num_branches": 0, "num_partial_branches": 0, "covered_branches": 0, "missing_branches": 0, "percent_branches_covered": 100.0, "percent_branches_covered_display": "100.00"}, "missing_lines": [], "excluded_lines": [], "start_line": 126, "executed_branches": [], "missing_branches": []}, "AnalyticsEventAdmin": {"executed_lines": [], "summary": {"covered_lines": 0, "num_statements": 0, "percent_covered": 100.0, "percent_covered_display": "100.00", "missing_lines": 0, "excluded_lines": 0, "percent_statements_covered": 100.0, "percent_statements_covered_display": "100.00", "num_branches": 0, "num_partial_branches": 0, "covered_branches": 0, "missing_branches": 0, "percent_branches_covered": 100.0, "percent_branches_covered_display": "100.00"}, "missing_lines": [], "excluded_lines": [], "start_line": 135, "executed_branches": [], "missing_branches": []}, "": {"executed_lines": [1, 2, 4, 5, 20, 21, 22, 23, 24, 26, 27, 28, 29, 31, 50, 60, 61, 64, 65, 66, 67, 68, 69, 72, 73, 74, 75, 76, 77, 78, 81, 82, 83, 84, 85, 86, 89, 90, 91, 92, 93, 94, 97, 98, 99, 100, 101, 102, 105, 106, 107, 108, 109, 110, 113, 114, 115, 118, 119, 120, 121, 122, 125, 126, 127, 128, 129, 130, 131, 134, 135, 136, 137, 138], "summary": {"covered_lines": 74, "num_statements": 74, "percent_covered": 100.0, "percent_covered_display": "100.00", "missing_lines": 0, "excluded_lines": 0, "percent_statements_covered": 100.0, "percent_statements_covered_display": "100.00", "num_branches": 0, "num_partial_branches": 0, "covered_branches": 0, "missing_branches": 0, "percent_branches_covered": 100.0, "percent_branches_covered_display": "100.00"}, "missing_lines": [], "excluded_lines": [], "start_line": 1, "executed_branches": [], "missing_branches": []}}}, "core_app/apps.py": {"executed_lines": [1, 4, 5, 6], "summary": {"covered_lines": 4, "num_statements": 4, "percent_covered": 100.0, "percent_covered_display": "100.00", "missing_lines": 0, "excluded_lines": 0, "percent_statements_covered": 100.0, "percent_statements_covered_display": "100.00", "num_branches": 0, "num_partial_branches": 0, "covered_branches": 0, "missing_branches": 0, "percent_branches_covered": 100.0, "percent_branches_covered_display": "100.00"}, "missing_lines": [], "excluded_lines": [], "executed_branches": [], "missing_branches": [], "functions": {"": {"executed_lines": [1, 4, 5, 6], "summary": {"covered_lines": 4, "num_statements": 4, "percent_covered": 100.0, "percent_covered_display": "100.00", "missing_lines": 0, "excluded_lines": 0, "percent_statements_covered": 100.0, "percent_statements_covered_display": "100.00", "num_branches": 0, "num_partial_branches": 0, "covered_branches": 0, "missing_branches": 0, "percent_branches_covered": 100.0, "percent_branches_covered_display": "100.00"}, "missing_lines": [], "excluded_lines": [], "start_line": 1, "executed_branches": [], "missing_branches": []}}, "classes": {"CoreAppConfig": {"executed_lines": [], "summary": {"covered_lines": 0, "num_statements": 0, "percent_covered": 100.0, "percent_covered_display": "100.00", "missing_lines": 0, "excluded_lines": 0, "percent_statements_covered": 100.0, "percent_statements_covered_display": "100.00", "num_branches": 0, "num_partial_branches": 0, "covered_branches": 0, "missing_branches": 0, "percent_branches_covered": 100.0, "percent_branches_covered_display": "100.00"}, "missing_lines": [], "excluded_lines": [], "start_line": 4, "executed_branches": [], "missing_branches": []}, "": {"executed_lines": [1, 4, 5, 6], "summary": {"covered_lines": 4, "num_statements": 4, "percent_covered": 100.0, "percent_covered_display": "100.00", "missing_lines": 0, "excluded_lines": 0, "percent_statements_covered": 100.0, "percent_statements_covered_display": "100.00", "num_branches": 0, "num_partial_branches": 0, "covered_branches": 0, "missing_branches": 0, "percent_branches_covered": 100.0, "percent_branches_covered_display": "100.00"}, "missing_lines": [], "excluded_lines": [], "start_line": 1, "executed_branches": [], "missing_branches": []}}}, "core_app/forms.py": {"executed_lines": [1, 2, 4, 7, 8, 9, 11, 12, 13, 15, 22, 30, 31, 32, 33], "summary": {"covered_lines": 15, "num_statements": 25, "percent_covered": 51.724137931034484, "percent_covered_display": "51.72", "missing_lines": 10, "excluded_lines": 0, "percent_statements_covered": 60.0, "percent_statements_covered_display": "60.00", "num_branches": 4, "num_partial_branches": 0, "covered_branches": 0, "missing_branches": 4, "percent_branches_covered": 0.0, "percent_branches_covered_display": "0.00"}, "missing_lines": [16, 17, 18, 19, 20, 23, 24, 25, 26, 27], "excluded_lines": [], "executed_branches": [], "missing_branches": [[18, 19], [18, 20], [25, 26], [25, 27]], "functions": {"UserCreationForm.clean_password2": {"executed_lines": [], "summary": {"covered_lines": 0, "num_statements": 5, "percent_covered": 0.0, "percent_covered_display": "0.00", "missing_lines": 5, "excluded_lines": 0, "percent_statements_covered": 0.0, "percent_statements_covered_display": "0.00", "num_branches": 2, "num_partial_branches": 0, "covered_branches": 0, "missing_branches": 2, "percent_branches_covered": 0.0, "percent_branches_covered_display": "0.00"}, "missing_lines": [16, 17, 18, 19, 20], "excluded_lines": [], "start_line": 15, "executed_branches": [], "missing_branches": [[18, 19], [18, 20]]}, "UserCreationForm.save": {"executed_lines": [], "summary": {"covered_lines": 0, "num_statements": 5, "percent_covered": 0.0, "percent_covered_display": "0.00", "missing_lines": 5, "excluded_lines": 0, "percent_statements_covered": 0.0, "percent_statements_covered_display": "0.00", "num_branches": 2, "num_partial_branches": 0, "covered_branches": 0, "missing_branches": 2, "percent_branches_covered": 0.0, "percent_branches_covered_display": "0.00"}, "missing_lines": [23, 24, 25, 26, 27], "excluded_lines": [], "start_line": 22, "executed_branches": [], "missing_branches": [[25, 26], [25, 27]]}, "": {"executed_lines": [1, 2, 4, 7, 8, 9, 11, 12, 13, 15, 22, 30, 31, 32, 33], "summary": {"covered_lines": 15, "num_statements": 15, "percent_covered": 100.0, "percent_covered_display": "100.00", "missing_lines": 0, "excluded_lines": 0, "percent_statements_covered": 100.0, "percent_statements_covered_display": "100.00", "num_branches": 0, "num_partial_branches": 0, "covered_branches": 0, "missing_branches": 0, "percent_branches_covered": 100.0, "percent_branches_covered_display": "100.00"}, "missing_lines": [], "excluded_lines": [], "start_line": 1, "executed_branches": [], "missing_branches": []}}, "classes": {"UserCreationForm": {"executed_lines": [], "summary": {"covered_lines": 0, "num_statements": 10, "percent_covered": 0.0, "percent_covered_display": "0.00", "missing_lines": 10, "excluded_lines": 0, "percent_statements_covered": 0.0, "percent_statements_covered_display": "0.00", "num_branches": 4, "num_partial_branches": 0, "covered_branches": 0, "missing_branches": 4, "percent_branches_covered": 0.0, "percent_branches_covered_display": "0.00"}, "missing_lines": [16, 17, 18, 19, 20, 23, 24, 25, 26, 27], "excluded_lines": [], "start_line": 7, "executed_branches": [], "missing_branches": [[18, 19], [18, 20], [25, 26], [25, 27]]}, "UserCreationForm.Meta": {"executed_lines": [], "summary": {"covered_lines": 0, "num_statements": 0, "percent_covered": 100.0, "percent_covered_display": "100.00", "missing_lines": 0, "excluded_lines": 0, "percent_statements_covered": 100.0, "percent_statements_covered_display": "100.00", "num_branches": 0, "num_partial_branches": 0, "covered_branches": 0, "missing_branches": 0, "percent_branches_covered": 100.0, "percent_branches_covered_display": "100.00"}, "missing_lines": [], "excluded_lines": [], "start_line": 11, "executed_branches": [], "missing_branches": []}, "UserChangeForm": {"executed_lines": [], "summary": {"covered_lines": 0, "num_statements": 0, "percent_covered": 100.0, "percent_covered_display": "100.00", "missing_lines": 0, "excluded_lines": 0, "percent_statements_covered": 100.0, "percent_statements_covered_display": "100.00", "num_branches": 0, "num_partial_branches": 0, "covered_branches": 0, "missing_branches": 0, "percent_branches_covered": 100.0, "percent_branches_covered_display": "100.00"}, "missing_lines": [], "excluded_lines": [], "start_line": 30, "executed_branches": [], "missing_branches": []}, "UserChangeForm.Meta": {"executed_lines": [], "summary": {"covered_lines": 0, "num_statements": 0, "percent_covered": 100.0, "percent_covered_display": "100.00", "missing_lines": 0, "excluded_lines": 0, "percent_statements_covered": 100.0, "percent_statements_covered_display": "100.00", "num_branches": 0, "num_partial_branches": 0, "covered_branches": 0, "missing_branches": 0, "percent_branches_covered": 100.0, "percent_branches_covered_display": "100.00"}, "missing_lines": [], "excluded_lines": [], "start_line": 31, "executed_branches": [], "missing_branches": []}, "": {"executed_lines": [1, 2, 4, 7, 8, 9, 11, 12, 13, 15, 22, 30, 31, 32, 33], "summary": {"covered_lines": 15, "num_statements": 15, "percent_covered": 100.0, "percent_covered_display": "100.00", "missing_lines": 0, "excluded_lines": 0, "percent_statements_covered": 100.0, "percent_statements_covered_display": "100.00", "num_branches": 0, "num_partial_branches": 0, "covered_branches": 0, "missing_branches": 0, "percent_branches_covered": 100.0, "percent_branches_covered_display": "100.00"}, "missing_lines": [], "excluded_lines": [], "start_line": 1, "executed_branches": [], "missing_branches": []}}}, "core_app/management/__init__.py": {"executed_lines": [], "summary": {"covered_lines": 0, "num_statements": 0, "percent_covered": 100.0, "percent_covered_display": "100.00", "missing_lines": 0, "excluded_lines": 0, "percent_statements_covered": 100.0, "percent_statements_covered_display": "100.00", "num_branches": 0, "num_partial_branches": 0, "covered_branches": 0, "missing_branches": 0, "percent_branches_covered": 100.0, "percent_branches_covered_display": "100.00"}, "missing_lines": [], "excluded_lines": [], "executed_branches": [], "missing_branches": [], "functions": {"": {"executed_lines": [], "summary": {"covered_lines": 0, "num_statements": 0, "percent_covered": 100.0, "percent_covered_display": "100.00", "missing_lines": 0, "excluded_lines": 0, "percent_statements_covered": 100.0, "percent_statements_covered_display": "100.00", "num_branches": 0, "num_partial_branches": 0, "covered_branches": 0, "missing_branches": 0, "percent_branches_covered": 100.0, "percent_branches_covered_display": "100.00"}, "missing_lines": [], "excluded_lines": [], "start_line": 1, "executed_branches": [], "missing_branches": []}}, "classes": {"": {"executed_lines": [], "summary": {"covered_lines": 0, "num_statements": 0, "percent_covered": 100.0, "percent_covered_display": "100.00", "missing_lines": 0, "excluded_lines": 0, "percent_statements_covered": 100.0, "percent_statements_covered_display": "100.00", "num_branches": 0, "num_partial_branches": 0, "covered_branches": 0, "missing_branches": 0, "percent_branches_covered": 100.0, "percent_branches_covered_display": "100.00"}, "missing_lines": [], "excluded_lines": [], "start_line": 1, "executed_branches": [], "missing_branches": []}}}, "core_app/management/commands/__init__.py": {"executed_lines": [], "summary": {"covered_lines": 0, "num_statements": 0, "percent_covered": 100.0, "percent_covered_display": "100.00", "missing_lines": 0, "excluded_lines": 0, "percent_statements_covered": 100.0, "percent_statements_covered_display": "100.00", "num_branches": 0, "num_partial_branches": 0, "covered_branches": 0, "missing_branches": 0, "percent_branches_covered": 100.0, "percent_branches_covered_display": "100.00"}, "missing_lines": [], "excluded_lines": [], "executed_branches": [], "missing_branches": [], "functions": {"": {"executed_lines": [], "summary": {"covered_lines": 0, "num_statements": 0, "percent_covered": 100.0, "percent_covered_display": "100.00", "missing_lines": 0, "excluded_lines": 0, "percent_statements_covered": 100.0, "percent_statements_covered_display": "100.00", "num_branches": 0, "num_partial_branches": 0, "covered_branches": 0, "missing_branches": 0, "percent_branches_covered": 100.0, "percent_branches_covered_display": "100.00"}, "missing_lines": [], "excluded_lines": [], "start_line": 1, "executed_branches": [], "missing_branches": []}}, "classes": {"": {"executed_lines": [], "summary": {"covered_lines": 0, "num_statements": 0, "percent_covered": 100.0, "percent_covered_display": "100.00", "missing_lines": 0, "excluded_lines": 0, "percent_statements_covered": 100.0, "percent_statements_covered_display": "100.00", "num_branches": 0, "num_partial_branches": 0, "covered_branches": 0, "missing_branches": 0, "percent_branches_covered": 100.0, "percent_branches_covered_display": "100.00"}, "missing_lines": [], "excluded_lines": [], "start_line": 1, "executed_branches": [], "missing_branches": []}}}, "core_app/management/commands/create_fake_analytics_events.py": {"executed_lines": [], "summary": {"covered_lines": 0, "num_statements": 25, "percent_covered": 0.0, "percent_covered_display": "0.00", "missing_lines": 25, "excluded_lines": 0, "percent_statements_covered": 0.0, "percent_statements_covered_display": "0.00", "num_branches": 2, "num_partial_branches": 0, "covered_branches": 0, "missing_branches": 2, "percent_branches_covered": 0.0, "percent_branches_covered_display": "0.00"}, "missing_lines": [1, 2, 4, 6, 8, 13, 21, 22, 24, 25, 27, 28, 30, 31, 34, 36, 37, 38, 39, 40, 42, 50, 52, 53, 54], "excluded_lines": [], "executed_branches": [], "missing_branches": [[37, 38], [37, 52]], "functions": {"Command.add_arguments": {"executed_lines": [], "summary": {"covered_lines": 0, "num_statements": 1, "percent_covered": 0.0, "percent_covered_display": "0.00", "missing_lines": 1, "excluded_lines": 0, "percent_statements_covered": 0.0, "percent_statements_covered_display": "0.00", "num_branches": 0, "num_partial_branches": 0, "covered_branches": 0, "missing_branches": 0, "percent_branches_covered": 100.0, "percent_branches_covered_display": "100.00"}, "missing_lines": [25], "excluded_lines": [], "start_line": 24, "executed_branches": [], "missing_branches": []}, "Command.handle": {"executed_lines": [], "summary": {"covered_lines": 0, "num_statements": 14, "percent_covered": 0.0, "percent_covered_display": "0.00", "missing_lines": 14, "excluded_lines": 0, "percent_statements_covered": 0.0, "percent_statements_covered_display": "0.00", "num_branches": 2, "num_partial_branches": 0, "covered_branches": 0, "missing_branches": 2, "percent_branches_covered": 0.0, "percent_branches_covered_display": "0.00"}, "missing_lines": [28, 30, 31, 34, 36, 37, 38, 39, 40, 42, 50, 52, 53, 54], "excluded_lines": [], "start_line": 27, "executed_branches": [], "missing_branches": [[37, 38], [37, 52]]}, "": {"executed_lines": [], "summary": {"covered_lines": 0, "num_statements": 10, "percent_covered": 0.0, "percent_covered_display": "0.00", "missing_lines": 10, "excluded_lines": 0, "percent_statements_covered": 0.0, "percent_statements_covered_display": "0.00", "num_branches": 0, "num_partial_branches": 0, "covered_branches": 0, "missing_branches": 0, "percent_branches_covered": 100.0, "percent_branches_covered_display": "100.00"}, "missing_lines": [1, 2, 4, 6, 8, 13, 21, 22, 24, 27], "excluded_lines": [], "start_line": 1, "executed_branches": [], "missing_branches": []}}, "classes": {"Command": {"executed_lines": [], "summary": {"covered_lines": 0, "num_statements": 15, "percent_covered": 0.0, "percent_covered_display": "0.00", "missing_lines": 15, "excluded_lines": 0, "percent_statements_covered": 0.0, "percent_statements_covered_display": "0.00", "num_branches": 2, "num_partial_branches": 0, "covered_branches": 0, "missing_branches": 2, "percent_branches_covered": 0.0, "percent_branches_covered_display": "0.00"}, "missing_lines": [25, 28, 30, 31, 34, 36, 37, 38, 39, 40, 42, 50, 52, 53, 54], "excluded_lines": [], "start_line": 21, "executed_branches": [], "missing_branches": [[37, 38], [37, 52]]}, "": {"executed_lines": [], "summary": {"covered_lines": 0, "num_statements": 10, "percent_covered": 0.0, "percent_covered_display": "0.00", "missing_lines": 10, "excluded_lines": 0, "percent_statements_covered": 0.0, "percent_statements_covered_display": "0.00", "num_branches": 0, "num_partial_branches": 0, "covered_branches": 0, "missing_branches": 0, "percent_branches_covered": 100.0, "percent_branches_covered_display": "100.00"}, "missing_lines": [1, 2, 4, 6, 8, 13, 21, 22, 24, 27], "excluded_lines": [], "start_line": 1, "executed_branches": [], "missing_branches": []}}}, "core_app/management/commands/create_fake_bookings.py": {"executed_lines": [], "summary": {"covered_lines": 0, "num_statements": 58, "percent_covered": 0.0, "percent_covered_display": "0.00", "missing_lines": 58, "excluded_lines": 0, "percent_statements_covered": 0.0, "percent_statements_covered_display": "0.00", "num_branches": 20, "num_partial_branches": 0, "covered_branches": 0, "missing_branches": 20, "percent_branches_covered": 0.0, "percent_branches_covered_display": "0.00"}, "missing_lines": [3, 5, 6, 7, 9, 18, 25, 35, 44, 46, 47, 49, 50, 52, 53, 54, 56, 57, 58, 59, 60, 61, 63, 64, 66, 67, 78, 79, 81, 82, 83, 86, 99, 100, 101, 102, 103, 105, 107, 108, 109, 110, 112, 113, 114, 116, 125, 126, 127, 129, 130, 131, 135, 136, 138, 139, 140, 141], "excluded_lines": [], "executed_branches": [], "missing_branches": [[56, 57], [56, 59], [59, 60], [59, 63], [66, 67], [66, 138], [78, 79], [78, 81], [100, 101], [100, 102], [102, 103], [102, 105], [109, 110], [109, 112], [112, 113], [112, 116], [125, 126], [125, 129], [129, 130], [129, 135]], "functions": {"Command.add_arguments": {"executed_lines": [], "summary": {"covered_lines": 0, "num_statements": 1, "percent_covered": 0.0, "percent_covered_display": "0.00", "missing_lines": 1, "excluded_lines": 0, "percent_statements_covered": 0.0, "percent_statements_covered_display": "0.00", "num_branches": 0, "num_partial_branches": 0, "covered_branches": 0, "missing_branches": 0, "percent_branches_covered": 100.0, "percent_branches_covered_display": "100.00"}, "missing_lines": [47], "excluded_lines": [], "start_line": 46, "executed_branches": [], "missing_branches": []}, "Command.handle": {"executed_lines": [], "summary": {"covered_lines": 0, "num_statements": 46, "percent_covered": 0.0, "percent_covered_display": "0.00", "missing_lines": 46, "excluded_lines": 0, "percent_statements_covered": 0.0, "percent_statements_covered_display": "0.00", "num_branches": 20, "num_partial_branches": 0, "covered_branches": 0, "missing_branches": 20, "percent_branches_covered": 0.0, "percent_branches_covered_display": "0.00"}, "missing_lines": [50, 52, 53, 54, 56, 57, 58, 59, 60, 61, 63, 64, 66, 67, 78, 79, 81, 82, 83, 86, 99, 100, 101, 102, 103, 105, 107, 108, 109, 110, 112, 113, 114, 116, 125, 126, 127, 129, 130, 131, 135, 136, 138, 139, 140, 141], "excluded_lines": [], "start_line": 49, "executed_branches": [], "missing_branches": [[56, 57], [56, 59], [59, 60], [59, 63], [66, 67], [66, 138], [78, 79], [78, 81], [100, 101], [100, 102], [102, 103], [102, 105], [109, 110], [109, 112], [112, 113], [112, 116], [125, 126], [125, 129], [129, 130], [129, 135]]}, "": {"executed_lines": [], "summary": {"covered_lines": 0, "num_statements": 11, "percent_covered": 0.0, "percent_covered_display": "0.00", "missing_lines": 11, "excluded_lines": 0, "percent_statements_covered": 0.0, "percent_statements_covered_display": "0.00", "num_branches": 0, "num_partial_branches": 0, "covered_branches": 0, "missing_branches": 0, "percent_branches_covered": 100.0, "percent_branches_covered_display": "100.00"}, "missing_lines": [3, 5, 6, 7, 9, 18, 25, 35, 44, 46, 49], "excluded_lines": [], "start_line": 1, "executed_branches": [], "missing_branches": []}}, "classes": {"Command": {"executed_lines": [], "summary": {"covered_lines": 0, "num_statements": 47, "percent_covered": 0.0, "percent_covered_display": "0.00", "missing_lines": 47, "excluded_lines": 0, "percent_statements_covered": 0.0, "percent_statements_covered_display": "0.00", "num_branches": 20, "num_partial_branches": 0, "covered_branches": 0, "missing_branches": 20, "percent_branches_covered": 0.0, "percent_branches_covered_display": "0.00"}, "missing_lines": [47, 50, 52, 53, 54, 56, 57, 58, 59, 60, 61, 63, 64, 66, 67, 78, 79, 81, 82, 83, 86, 99, 100, 101, 102, 103, 105, 107, 108, 109, 110, 112, 113, 114, 116, 125, 126, 127, 129, 130, 131, 135, 136, 138, 139, 140, 141], "excluded_lines": [], "start_line": 35, "executed_branches": [], "missing_branches": [[56, 57], [56, 59], [59, 60], [59, 63], [66, 67], [66, 138], [78, 79], [78, 81], [100, 101], [100, 102], [102, 103], [102, 105], [109, 110], [109, 112], [112, 113], [112, 116], [125, 126], [125, 129], [129, 130], [129, 135]]}, "": {"executed_lines": [], "summary": {"covered_lines": 0, "num_statements": 11, "percent_covered": 0.0, "percent_covered_display": "0.00", "missing_lines": 11, "excluded_lines": 0, "percent_statements_covered": 0.0, "percent_statements_covered_display": "0.00", "num_branches": 0, "num_partial_branches": 0, "covered_branches": 0, "missing_branches": 0, "percent_branches_covered": 100.0, "percent_branches_covered_display": "100.00"}, "missing_lines": [3, 5, 6, 7, 9, 18, 25, 35, 44, 46, 49], "excluded_lines": [], "start_line": 1, "executed_branches": [], "missing_branches": []}}}, "core_app/management/commands/create_fake_content.py": {"executed_lines": [], "summary": {"covered_lines": 0, "num_statements": 31, "percent_covered": 0.0, "percent_covered_display": "0.00", "missing_lines": 31, "excluded_lines": 0, "percent_statements_covered": 0.0, "percent_statements_covered_display": "0.00", "num_branches": 14, "num_partial_branches": 0, "covered_branches": 0, "missing_branches": 14, "percent_branches_covered": 0.0, "percent_branches_covered_display": "0.00"}, "missing_lines": [1, 3, 6, 7, 9, 10, 11, 13, 14, 15, 16, 17, 18, 19, 20, 21, 22, 23, 24, 26, 27, 29, 35, 36, 37, 41, 42, 44, 45, 46, 47], "excluded_lines": [], "executed_branches": [], "missing_branches": [[13, 14], [13, 16], [16, 17], [16, 19], [19, 20], [19, 22], [22, 23], [22, 26], [26, 27], [26, 29], [36, 37], [36, 44], [41, 36], [41, 42]], "functions": {"Command.handle": {"executed_lines": [], "summary": {"covered_lines": 0, "num_statements": 26, "percent_covered": 0.0, "percent_covered_display": "0.00", "missing_lines": 26, "excluded_lines": 0, "percent_statements_covered": 0.0, "percent_statements_covered_display": "0.00", "num_branches": 14, "num_partial_branches": 0, "covered_branches": 0, "missing_branches": 14, "percent_branches_covered": 0.0, "percent_branches_covered_display": "0.00"}, "missing_lines": [10, 11, 13, 14, 15, 16, 17, 18, 19, 20, 21, 22, 23, 24, 26, 27, 29, 35, 36, 37, 41, 42, 44, 45, 46, 47], "excluded_lines": [], "start_line": 9, "executed_branches": [], "missing_branches": [[13, 14], [13, 16], [16, 17], [16, 19], [19, 20], [19, 22], [22, 23], [22, 26], [26, 27], [26, 29], [36, 37], [36, 44], [41, 36], [41, 42]]}, "": {"executed_lines": [], "summary": {"covered_lines": 0, "num_statements": 5, "percent_covered": 0.0, "percent_covered_display": "0.00", "missing_lines": 5, "excluded_lines": 0, "percent_statements_covered": 0.0, "percent_statements_covered_display": "0.00", "num_branches": 0, "num_partial_branches": 0, "covered_branches": 0, "missing_branches": 0, "percent_branches_covered": 100.0, "percent_branches_covered_display": "100.00"}, "missing_lines": [1, 3, 6, 7, 9], "excluded_lines": [], "start_line": 1, "executed_branches": [], "missing_branches": []}}, "classes": {"Command": {"executed_lines": [], "summary": {"covered_lines": 0, "num_statements": 26, "percent_covered": 0.0, "percent_covered_display": "0.00", "missing_lines": 26, "excluded_lines": 0, "percent_statements_covered": 0.0, "percent_statements_covered_display": "0.00", "num_branches": 14, "num_partial_branches": 0, "covered_branches": 0, "missing_branches": 14, "percent_branches_covered": 0.0, "percent_branches_covered_display": "0.00"}, "missing_lines": [10, 11, 13, 14, 15, 16, 17, 18, 19, 20, 21, 22, 23, 24, 26, 27, 29, 35, 36, 37, 41, 42, 44, 45, 46, 47], "excluded_lines": [], "start_line": 6, "executed_branches": [], "missing_branches": [[13, 14], [13, 16], [16, 17], [16, 19], [19, 20], [19, 22], [22, 23], [22, 26], [26, 27], [26, 29], [36, 37], [36, 44], [41, 36], [41, 42]]}, "": {"executed_lines": [], "summary": {"covered_lines": 0, "num_statements": 5, "percent_covered": 0.0, "percent_covered_display": "0.00", "missing_lines": 5, "excluded_lines": 0, "percent_statements_covered": 0.0, "percent_statements_covered_display": "0.00", "num_branches": 0, "num_partial_branches": 0, "covered_branches": 0, "missing_branches": 0, "percent_branches_covered": 100.0, "percent_branches_covered_display": "100.00"}, "missing_lines": [1, 3, 6, 7, 9], "excluded_lines": [], "start_line": 1, "executed_branches": [], "missing_branches": []}}}, "core_app/management/commands/create_fake_data.py": {"executed_lines": [], "summary": {"covered_lines": 0, "num_statements": 87, "percent_covered": 0.0, "percent_covered_display": "0.00", "missing_lines": 87, "excluded_lines": 0, "percent_statements_covered": 0.0, "percent_statements_covered_display": "0.00", "num_branches": 24, "num_partial_branches": 0, "covered_branches": 0, "missing_branches": 24, "percent_branches_covered": 0.0, "percent_branches_covered_display": "0.00"}, "missing_lines": [1, 2, 5, 6, 8, 9, 10, 11, 12, 13, 14, 16, 18, 19, 21, 22, 24, 26, 27, 28, 29, 30, 31, 33, 34, 36, 37, 39, 40, 42, 43, 45, 46, 47, 48, 49, 51, 53, 54, 63, 65, 67, 68, 69, 71, 73, 74, 79, 81, 83, 84, 85, 87, 89, 90, 91, 93, 95, 96, 105, 107, 109, 110, 111, 113, 115, 116, 117, 119, 121, 122, 123, 125, 127, 128, 129, 131, 133, 134, 135, 136, 137, 139, 140, 141, 142, 144], "excluded_lines": [], "executed_branches": [], "missing_branches": [[53, 54], [53, 65], [67, 68], [67, 71], [73, 74], [73, 81], [83, 84], [83, 87], [89, 90], [89, 93], [95, 96], [95, 107], [109, 110], [109, 113], [115, 116], [115, 119], [121, 122], [121, 125], [127, 128], [127, 131], [139, 140], [139, 144], [141, -45], [141, 142]], "functions": {"Command.add_arguments": {"executed_lines": [], "summary": {"covered_lines": 0, "num_statements": 26, "percent_covered": 0.0, "percent_covered_display": "0.00", "missing_lines": 26, "excluded_lines": 0, "percent_statements_covered": 0.0, "percent_statements_covered_display": "0.00", "num_branches": 0, "num_partial_branches": 0, "covered_branches": 0, "missing_branches": 0, "percent_branches_covered": 100.0, "percent_branches_covered_display": "100.00"}, "missing_lines": [9, 10, 11, 12, 13, 14, 16, 18, 19, 21, 22, 24, 26, 27, 28, 29, 30, 31, 33, 34, 36, 37, 39, 40, 42, 43], "excluded_lines": [], "start_line": 8, "executed_branches": [], "missing_branches": []}, "Command.handle": {"executed_lines": [], "summary": {"covered_lines": 0, "num_statements": 55, "percent_covered": 0.0, "percent_covered_display": "0.00", "missing_lines": 55, "excluded_lines": 0, "percent_statements_covered": 0.0, "percent_statements_covered_display": "0.00", "num_branches": 24, "num_partial_branches": 0, "covered_branches": 0, "missing_branches": 24, "percent_branches_covered": 0.0, "percent_branches_covered_display": "0.00"}, "missing_lines": [46, 47, 48, 49, 51, 53, 54, 63, 65, 67, 68, 69, 71, 73, 74, 79, 81, 83, 84, 85, 87, 89, 90, 91, 93, 95, 96, 105, 107, 109, 110, 111, 113, 115, 116, 117, 119, 121, 122, 123, 125, 127, 128, 129, 131, 133, 134, 135, 136, 137, 139, 140, 141, 142, 144], "excluded_lines": [], "start_line": 45, "executed_branches": [], "missing_branches": [[53, 54], [53, 65], [67, 68], [67, 71], [73, 74], [73, 81], [83, 84], [83, 87], [89, 90], [89, 93], [95, 96], [95, 107], [109, 110], [109, 113], [115, 116], [115, 119], [121, 122], [121, 125], [127, 128], [127, 131], [139, 140], [139, 144], [141, -45], [141, 142]]}, "": {"executed_lines": [], "summary": {"covered_lines": 0, "num_statements": 6, "percent_covered": 0.0, "percent_covered_display": "0.00", "missing_lines": 6, "excluded_lines": 0, "percent_statements_covered": 0.0, "percent_statements_covered_display": "0.00", "num_branches": 0, "num_partial_branches": 0, "covered_branches": 0, "missing_branches": 0, "percent_branches_covered": 100.0, "percent_branches_covered_display": "100.00"}, "missing_lines": [1, 2, 5, 6, 8, 45], "excluded_lines": [], "start_line": 1, "executed_branches": [], "missing_branches": []}}, "classes": {"Command": {"executed_lines": [], "summary": {"covered_lines": 0, "num_statements": 81, "percent_covered": 0.0, "percent_covered_display": "0.00", "missing_lines": 81, "excluded_lines": 0, "percent_statements_covered": 0.0, "percent_statements_covered_display": "0.00", "num_branches": 24, "num_partial_branches": 0, "covered_branches": 0, "missing_branches": 24, "percent_branches_covered": 0.0, "percent_branches_covered_display": "0.00"}, "missing_lines": [9, 10, 11, 12, 13, 14, 16, 18, 19, 21, 22, 24, 26, 27, 28, 29, 30, 31, 33, 34, 36, 37, 39, 40, 42, 43, 46, 47, 48, 49, 51, 53, 54, 63, 65, 67, 68, 69, 71, 73, 74, 79, 81, 83, 84, 85, 87, 89, 90, 91, 93, 95, 96, 105, 107, 109, 110, 111, 113, 115, 116, 117, 119, 121, 122, 123, 125, 127, 128, 129, 131, 133, 134, 135, 136, 137, 139, 140, 141, 142, 144], "excluded_lines": [], "start_line": 5, "executed_branches": [], "missing_branches": [[53, 54], [53, 65], [67, 68], [67, 71], [73, 74], [73, 81], [83, 84], [83, 87], [89, 90], [89, 93], [95, 96], [95, 107], [109, 110], [109, 113], [115, 116], [115, 119], [121, 122], [121, 125], [127, 128], [127, 131], [139, 140], [139, 144], [141, -45], [141, 142]]}, "": {"executed_lines": [], "summary": {"covered_lines": 0, "num_statements": 6, "percent_covered": 0.0, "percent_covered_display": "0.00", "missing_lines": 6, "excluded_lines": 0, "percent_statements_covered": 0.0, "percent_statements_covered_display": "0.00", "num_branches": 0, "num_partial_branches": 0, "covered_branches": 0, "missing_branches": 0, "percent_branches_covered": 100.0, "percent_branches_covered_display": "100.00"}, "missing_lines": [1, 2, 5, 6, 8, 45], "excluded_lines": [], "start_line": 1, "executed_branches": [], "missing_branches": []}}}, "core_app/management/commands/create_fake_notifications.py": {"executed_lines": [], "summary": {"covered_lines": 0, "num_statements": 42, "percent_covered": 0.0, "percent_covered_display": "0.00", "missing_lines": 42, "excluded_lines": 0, "percent_statements_covered": 0.0, "percent_statements_covered_display": "0.00", "num_branches": 12, "num_partial_branches": 0, "covered_branches": 0, "missing_branches": 12, "percent_branches_covered": 0.0, "percent_branches_covered_display": "0.00"}, "missing_lines": [1, 3, 5, 7, 14, 19, 24, 31, 32, 34, 35, 37, 38, 40, 41, 43, 44, 45, 47, 48, 49, 51, 52, 53, 55, 56, 57, 58, 67, 68, 69, 77, 78, 79, 88, 90, 91, 92, 94, 95, 96, 97], "excluded_lines": [], "executed_branches": [], "missing_branches": [[43, 44], [43, 47], [49, 51], [49, 94], [56, 57], [56, 67], [67, 68], [67, 77], [77, 78], [77, 88], [91, 49], [91, 92]], "functions": {"Command.add_arguments": {"executed_lines": [], "summary": {"covered_lines": 0, "num_statements": 1, "percent_covered": 0.0, "percent_covered_display": "0.00", "missing_lines": 1, "excluded_lines": 0, "percent_statements_covered": 0.0, "percent_statements_covered_display": "0.00", "num_branches": 0, "num_partial_branches": 0, "covered_branches": 0, "missing_branches": 0, "percent_branches_covered": 100.0, "percent_branches_covered_display": "100.00"}, "missing_lines": [35], "excluded_lines": [], "start_line": 34, "executed_branches": [], "missing_branches": []}, "Command.handle": {"executed_lines": [], "summary": {"covered_lines": 0, "num_statements": 30, "percent_covered": 0.0, "percent_covered_display": "0.00", "missing_lines": 30, "excluded_lines": 0, "percent_statements_covered": 0.0, "percent_statements_covered_display": "0.00", "num_branches": 12, "num_partial_branches": 0, "covered_branches": 0, "missing_branches": 12, "percent_branches_covered": 0.0, "percent_branches_covered_display": "0.00"}, "missing_lines": [38, 40, 41, 43, 44, 45, 47, 48, 49, 51, 52, 53, 55, 56, 57, 58, 67, 68, 69, 77, 78, 79, 88, 90, 91, 92, 94, 95, 96, 97], "excluded_lines": [], "start_line": 37, "executed_branches": [], "missing_branches": [[43, 44], [43, 47], [49, 51], [49, 94], [56, 57], [56, 67], [67, 68], [67, 77], [77, 78], [77, 88], [91, 49], [91, 92]]}, "": {"executed_lines": [], "summary": {"covered_lines": 0, "num_statements": 11, "percent_covered": 0.0, "percent_covered_display": "0.00", "missing_lines": 11, "excluded_lines": 0, "percent_statements_covered": 0.0, "percent_statements_covered_display": "0.00", "num_branches": 0, "num_partial_branches": 0, "covered_branches": 0, "missing_branches": 0, "percent_branches_covered": 100.0, "percent_branches_covered_display": "100.00"}, "missing_lines": [1, 3, 5, 7, 14, 19, 24, 31, 32, 34, 37], "excluded_lines": [], "start_line": 1, "executed_branches": [], "missing_branches": []}}, "classes": {"Command": {"executed_lines": [], "summary": {"covered_lines": 0, "num_statements": 31, "percent_covered": 0.0, "percent_covered_display": "0.00", "missing_lines": 31, "excluded_lines": 0, "percent_statements_covered": 0.0, "percent_statements_covered_display": "0.00", "num_branches": 12, "num_partial_branches": 0, "covered_branches": 0, "missing_branches": 12, "percent_branches_covered": 0.0, "percent_branches_covered_display": "0.00"}, "missing_lines": [35, 38, 40, 41, 43, 44, 45, 47, 48, 49, 51, 52, 53, 55, 56, 57, 58, 67, 68, 69, 77, 78, 79, 88, 90, 91, 92, 94, 95, 96, 97], "excluded_lines": [], "start_line": 31, "executed_branches": [], "missing_branches": [[43, 44], [43, 47], [49, 51], [49, 94], [56, 57], [56, 67], [67, 68], [67, 77], [77, 78], [77, 88], [91, 49], [91, 92]]}, "": {"executed_lines": [], "summary": {"covered_lines": 0, "num_statements": 11, "percent_covered": 0.0, "percent_covered_display": "0.00", "missing_lines": 11, "excluded_lines": 0, "percent_statements_covered": 0.0, "percent_statements_covered_display": "0.00", "num_branches": 0, "num_partial_branches": 0, "covered_branches": 0, "missing_branches": 0, "percent_branches_covered": 100.0, "percent_branches_covered_display": "100.00"}, "missing_lines": [1, 3, 5, 7, 14, 19, 24, 31, 32, 34, 37], "excluded_lines": [], "start_line": 1, "executed_branches": [], "missing_branches": []}}}, "core_app/management/commands/create_fake_packages.py": {"executed_lines": [1, 3, 5, 8, 9, 11, 12, 14, 15, 17, 107, 108, 109, 113, 114, 116, 117, 118, 131, 132, 134, 135, 136], "summary": {"covered_lines": 23, "num_statements": 23, "percent_covered": 93.54838709677419, "percent_covered_display": "93.55", "missing_lines": 0, "excluded_lines": 0, "percent_statements_covered": 100.0, "percent_statements_covered_display": "100.00", "num_branches": 8, "num_partial_branches": 2, "covered_branches": 6, "missing_branches": 2, "percent_branches_covered": 75.0, "percent_branches_covered_display": "75.00"}, "missing_lines": [], "excluded_lines": [], "executed_branches": [[108, 109], [108, 116], [113, 114], [116, 117], [116, 134], [131, 132]], "missing_branches": [[113, 108], [131, 116]], "functions": {"Command.add_arguments": {"executed_lines": [12], "summary": {"covered_lines": 1, "num_statements": 1, "percent_covered": 100.0, "percent_covered_display": "100.00", "missing_lines": 0, "excluded_lines": 0, "percent_statements_covered": 100.0, "percent_statements_covered_display": "100.00", "num_branches": 0, "num_partial_branches": 0, "covered_branches": 0, "missing_branches": 0, "percent_branches_covered": 100.0, "percent_branches_covered_display": "100.00"}, "missing_lines": [], "excluded_lines": [], "start_line": 11, "executed_branches": [], "missing_branches": []}, "Command.handle": {"executed_lines": [15, 17, 107, 108, 109, 113, 114, 116, 117, 118, 131, 132, 134, 135, 136], "summary": {"covered_lines": 15, "num_statements": 15, "percent_covered": 91.30434782608695, "percent_covered_display": "91.30", "missing_lines": 0, "excluded_lines": 0, "percent_statements_covered": 100.0, "percent_statements_covered_display": "100.00", "num_branches": 8, "num_partial_branches": 2, "covered_branches": 6, "missing_branches": 2, "percent_branches_covered": 75.0, "percent_branches_covered_display": "75.00"}, "missing_lines": [], "excluded_lines": [], "start_line": 14, "executed_branches": [[108, 109], [108, 116], [113, 114], [116, 117], [116, 134], [131, 132]], "missing_branches": [[113, 108], [131, 116]]}, "": {"executed_lines": [1, 3, 5, 8, 9, 11, 14], "summary": {"covered_lines": 7, "num_statements": 7, "percent_covered": 100.0, "percent_covered_display": "100.00", "missing_lines": 0, "excluded_lines": 0, "percent_statements_covered": 100.0, "percent_statements_covered_display": "100.00", "num_branches": 0, "num_partial_branches": 0, "covered_branches": 0, "missing_branches": 0, "percent_branches_covered": 100.0, "percent_branches_covered_display": "100.00"}, "missing_lines": [], "excluded_lines": [], "start_line": 1, "executed_branches": [], "missing_branches": []}}, "classes": {"Command": {"executed_lines": [12, 15, 17, 107, 108, 109, 113, 114, 116, 117, 118, 131, 132, 134, 135, 136], "summary": {"covered_lines": 16, "num_statements": 16, "percent_covered": 91.66666666666667, "percent_covered_display": "91.67", "missing_lines": 0, "excluded_lines": 0, "percent_statements_covered": 100.0, "percent_statements_covered_display": "100.00", "num_branches": 8, "num_partial_branches": 2, "covered_branches": 6, "missing_branches": 2, "percent_branches_covered": 75.0, "percent_branches_covered_display": "75.00"}, "missing_lines": [], "excluded_lines": [], "start_line": 8, "executed_branches": [[108, 109], [108, 116], [113, 114], [116, 117], [116, 134], [131, 132]], "missing_branches": [[113, 108], [131, 116]]}, "": {"executed_lines": [1, 3, 5, 8, 9, 11, 14], "summary": {"covered_lines": 7, "num_statements": 7, "percent_covered": 100.0, "percent_covered_display": "100.00", "missing_lines": 0, "excluded_lines": 0, "percent_statements_covered": 100.0, "percent_statements_covered_display": "100.00", "num_branches": 0, "num_partial_branches": 0, "covered_branches": 0, "missing_branches": 0, "percent_branches_covered": 100.0, "percent_branches_covered_display": "100.00"}, "missing_lines": [], "excluded_lines": [], "start_line": 1, "executed_branches": [], "missing_branches": []}}}, "core_app/management/commands/create_fake_payments.py": {"executed_lines": [], "summary": {"covered_lines": 0, "num_statements": 41, "percent_covered": 0.0, "percent_covered_display": "0.00", "missing_lines": 41, "excluded_lines": 0, "percent_statements_covered": 0.0, "percent_statements_covered_display": "0.00", "num_branches": 12, "num_partial_branches": 0, "covered_branches": 0, "missing_branches": 12, "percent_branches_covered": 0.0, "percent_branches_covered_display": "0.00"}, "missing_lines": [1, 2, 4, 5, 7, 10, 11, 13, 14, 16, 17, 19, 23, 24, 25, 27, 28, 30, 31, 33, 34, 35, 36, 37, 38, 39, 41, 43, 44, 46, 58, 61, 65, 66, 67, 68, 79, 81, 82, 83, 84], "excluded_lines": [], "executed_branches": [], "missing_branches": [[23, 24], [23, 27], [31, 33], [31, 61], [34, 35], [34, 36], [36, 37], [36, 38], [38, 39], [38, 41], [66, 67], [66, 81]], "functions": {"Command.add_arguments": {"executed_lines": [], "summary": {"covered_lines": 0, "num_statements": 1, "percent_covered": 0.0, "percent_covered_display": "0.00", "missing_lines": 1, "excluded_lines": 0, "percent_statements_covered": 0.0, "percent_statements_covered_display": "0.00", "num_branches": 0, "num_partial_branches": 0, "covered_branches": 0, "missing_branches": 0, "percent_branches_covered": 100.0, "percent_branches_covered_display": "100.00"}, "missing_lines": [14], "excluded_lines": [], "start_line": 13, "executed_branches": [], "missing_branches": []}, "Command.handle": {"executed_lines": [], "summary": {"covered_lines": 0, "num_statements": 31, "percent_covered": 0.0, "percent_covered_display": "0.00", "missing_lines": 31, "excluded_lines": 0, "percent_statements_covered": 0.0, "percent_statements_covered_display": "0.00", "num_branches": 12, "num_partial_branches": 0, "covered_branches": 0, "missing_branches": 12, "percent_branches_covered": 0.0, "percent_branches_covered_display": "0.00"}, "missing_lines": [17, 19, 23, 24, 25, 27, 28, 30, 31, 33, 34, 35, 36, 37, 38, 39, 41, 43, 44, 46, 58, 61, 65, 66, 67, 68, 79, 81, 82, 83, 84], "excluded_lines": [], "start_line": 16, "executed_branches": [], "missing_branches": [[23, 24], [23, 27], [31, 33], [31, 61], [34, 35], [34, 36], [36, 37], [36, 38], [38, 39], [38, 41], [66, 67], [66, 81]]}, "": {"executed_lines": [], "summary": {"covered_lines": 0, "num_statements": 9, "percent_covered": 0.0, "percent_covered_display": "0.00", "missing_lines": 9, "excluded_lines": 0, "percent_statements_covered": 0.0, "percent_statements_covered_display": "0.00", "num_branches": 0, "num_partial_branches": 0, "covered_branches": 0, "missing_branches": 0, "percent_branches_covered": 100.0, "percent_branches_covered_display": "100.00"}, "missing_lines": [1, 2, 4, 5, 7, 10, 11, 13, 16], "excluded_lines": [], "start_line": 1, "executed_branches": [], "missing_branches": []}}, "classes": {"Command": {"executed_lines": [], "summary": {"covered_lines": 0, "num_statements": 32, "percent_covered": 0.0, "percent_covered_display": "0.00", "missing_lines": 32, "excluded_lines": 0, "percent_statements_covered": 0.0, "percent_statements_covered_display": "0.00", "num_branches": 12, "num_partial_branches": 0, "covered_branches": 0, "missing_branches": 12, "percent_branches_covered": 0.0, "percent_branches_covered_display": "0.00"}, "missing_lines": [14, 17, 19, 23, 24, 25, 27, 28, 30, 31, 33, 34, 35, 36, 37, 38, 39, 41, 43, 44, 46, 58, 61, 65, 66, 67, 68, 79, 81, 82, 83, 84], "excluded_lines": [], "start_line": 10, "executed_branches": [], "missing_branches": [[23, 24], [23, 27], [31, 33], [31, 61], [34, 35], [34, 36], [36, 37], [36, 38], [38, 39], [38, 41], [66, 67], [66, 81]]}, "": {"executed_lines": [], "summary": {"covered_lines": 0, "num_statements": 9, "percent_covered": 0.0, "percent_covered_display": "0.00", "missing_lines": 9, "excluded_lines": 0, "percent_statements_covered": 0.0, "percent_statements_covered_display": "0.00", "num_branches": 0, "num_partial_branches": 0, "covered_branches": 0, "missing_branches": 0, "percent_branches_covered": 100.0, "percent_branches_covered_display": "100.00"}, "missing_lines": [1, 2, 4, 5, 7, 10, 11, 13, 16], "excluded_lines": [], "start_line": 1, "executed_branches": [], "missing_branches": []}}}, "core_app/management/commands/create_fake_slots.py": {"executed_lines": [], "summary": {"covered_lines": 0, "num_statements": 62, "percent_covered": 0.0, "percent_covered_display": "0.00", "missing_lines": 62, "excluded_lines": 0, "percent_statements_covered": 0.0, "percent_statements_covered_display": "0.00", "num_branches": 22, "num_partial_branches": 0, "covered_branches": 0, "missing_branches": 22, "percent_branches_covered": 0.0, "percent_branches_covered_display": "0.00"}, "missing_lines": [1, 2, 3, 5, 6, 8, 11, 12, 14, 15, 16, 17, 18, 19, 21, 22, 23, 24, 25, 27, 28, 29, 31, 33, 34, 35, 36, 38, 39, 40, 41, 43, 44, 45, 46, 48, 49, 50, 51, 52, 53, 55, 56, 57, 59, 60, 62, 63, 64, 66, 67, 68, 78, 79, 80, 81, 83, 85, 86, 87, 88, 89], "excluded_lines": [], "executed_branches": [], "missing_branches": [[28, 29], [28, 31], [33, 34], [33, 35], [35, 36], [35, 38], [40, 41], [40, 43], [44, 45], [44, 48], [50, 51], [50, 85], [55, 50], [55, 56], [59, 60], [59, 62], [62, 63], [62, 66], [78, 79], [78, 83], [80, 81], [80, 83]], "functions": {"Command.add_arguments": {"executed_lines": [], "summary": {"covered_lines": 0, "num_statements": 5, "percent_covered": 0.0, "percent_covered_display": "0.00", "missing_lines": 5, "excluded_lines": 0, "percent_statements_covered": 0.0, "percent_statements_covered_display": "0.00", "num_branches": 0, "num_partial_branches": 0, "covered_branches": 0, "missing_branches": 0, "percent_branches_covered": 100.0, "percent_branches_covered_display": "100.00"}, "missing_lines": [15, 16, 17, 18, 19], "excluded_lines": [], "start_line": 14, "executed_branches": [], "missing_branches": []}, "Command.handle": {"executed_lines": [], "summary": {"covered_lines": 0, "num_statements": 47, "percent_covered": 0.0, "percent_covered_display": "0.00", "missing_lines": 47, "excluded_lines": 0, "percent_statements_covered": 0.0, "percent_statements_covered_display": "0.00", "num_branches": 22, "num_partial_branches": 0, "covered_branches": 0, "missing_branches": 22, "percent_branches_covered": 0.0, "percent_branches_covered_display": "0.00"}, "missing_lines": [22, 23, 24, 25, 27, 28, 29, 31, 33, 34, 35, 36, 38, 39, 40, 41, 43, 44, 45, 46, 48, 49, 50, 51, 52, 53, 55, 56, 57, 59, 60, 62, 63, 64, 66, 67, 68, 78, 79, 80, 81, 83, 85, 86, 87, 88, 89], "excluded_lines": [], "start_line": 21, "executed_branches": [], "missing_branches": [[28, 29], [28, 31], [33, 34], [33, 35], [35, 36], [35, 38], [40, 41], [40, 43], [44, 45], [44, 48], [50, 51], [50, 85], [55, 50], [55, 56], [59, 60], [59, 62], [62, 63], [62, 66], [78, 79], [78, 83], [80, 81], [80, 83]]}, "": {"executed_lines": [], "summary": {"covered_lines": 0, "num_statements": 10, "percent_covered": 0.0, "percent_covered_display": "0.00", "missing_lines": 10, "excluded_lines": 0, "percent_statements_covered": 0.0, "percent_statements_covered_display": "0.00", "num_branches": 0, "num_partial_branches": 0, "covered_branches": 0, "missing_branches": 0, "percent_branches_covered": 100.0, "percent_branches_covered_display": "100.00"}, "missing_lines": [1, 2, 3, 5, 6, 8, 11, 12, 14, 21], "excluded_lines": [], "start_line": 1, "executed_branches": [], "missing_branches": []}}, "classes": {"Command": {"executed_lines": [], "summary": {"covered_lines": 0, "num_statements": 52, "percent_covered": 0.0, "percent_covered_display": "0.00", "missing_lines": 52, "excluded_lines": 0, "percent_statements_covered": 0.0, "percent_statements_covered_display": "0.00", "num_branches": 22, "num_partial_branches": 0, "covered_branches": 0, "missing_branches": 22, "percent_branches_covered": 0.0, "percent_branches_covered_display": "0.00"}, "missing_lines": [15, 16, 17, 18, 19, 22, 23, 24, 25, 27, 28, 29, 31, 33, 34, 35, 36, 38, 39, 40, 41, 43, 44, 45, 46, 48, 49, 50, 51, 52, 53, 55, 56, 57, 59, 60, 62, 63, 64, 66, 67, 68, 78, 79, 80, 81, 83, 85, 86, 87, 88, 89], "excluded_lines": [], "start_line": 11, "executed_branches": [], "missing_branches": [[28, 29], [28, 31], [33, 34], [33, 35], [35, 36], [35, 38], [40, 41], [40, 43], [44, 45], [44, 48], [50, 51], [50, 85], [55, 50], [55, 56], [59, 60], [59, 62], [62, 63], [62, 66], [78, 79], [78, 83], [80, 81], [80, 83]]}, "": {"executed_lines": [], "summary": {"covered_lines": 0, "num_statements": 10, "percent_covered": 0.0, "percent_covered_display": "0.00", "missing_lines": 10, "excluded_lines": 0, "percent_statements_covered": 0.0, "percent_statements_covered_display": "0.00", "num_branches": 0, "num_partial_branches": 0, "covered_branches": 0, "missing_branches": 0, "percent_branches_covered": 100.0, "percent_branches_covered_display": "100.00"}, "missing_lines": [1, 2, 3, 5, 6, 8, 11, 12, 14, 21], "excluded_lines": [], "start_line": 1, "executed_branches": [], "missing_branches": []}}}, "core_app/management/commands/create_fake_subscriptions.py": {"executed_lines": [], "summary": {"covered_lines": 0, "num_statements": 50, "percent_covered": 0.0, "percent_covered_display": "0.00", "missing_lines": 50, "excluded_lines": 0, "percent_statements_covered": 0.0, "percent_statements_covered_display": "0.00", "num_branches": 18, "num_partial_branches": 0, "covered_branches": 0, "missing_branches": 18, "percent_branches_covered": 0.0, "percent_branches_covered_display": "0.00"}, "missing_lines": [3, 4, 6, 7, 9, 11, 19, 21, 22, 23, 24, 25, 26, 27, 30, 38, 40, 41, 44, 46, 47, 50, 51, 52, 55, 57, 58, 60, 61, 62, 64, 65, 66, 68, 69, 71, 72, 74, 75, 76, 77, 78, 79, 80, 81, 83, 94, 96, 97, 98], "excluded_lines": [], "executed_branches": [], "missing_branches": [[23, 24], [23, 27], [25, 23], [25, 26], [46, 47], [46, 51], [51, 52], [51, 57], [60, 61], [60, 96], [61, 62], [61, 64], [74, 75], [74, 76], [76, 77], [76, 78], [78, 79], [78, 83]], "functions": {"_pick_status": {"executed_lines": [], "summary": {"covered_lines": 0, "num_statements": 7, "percent_covered": 0.0, "percent_covered_display": "0.00", "missing_lines": 7, "excluded_lines": 0, "percent_statements_covered": 0.0, "percent_statements_covered_display": "0.00", "num_branches": 4, "num_partial_branches": 0, "covered_branches": 0, "missing_branches": 4, "percent_branches_covered": 0.0, "percent_branches_covered_display": "0.00"}, "missing_lines": [21, 22, 23, 24, 25, 26, 27], "excluded_lines": [], "start_line": 19, "executed_branches": [], "missing_branches": [[23, 24], [23, 27], [25, 23], [25, 26]]}, "Command.handle": {"executed_lines": [], "summary": {"covered_lines": 0, "num_statements": 33, "percent_covered": 0.0, "percent_covered_display": "0.00", "missing_lines": 33, "excluded_lines": 0, "percent_statements_covered": 0.0, "percent_statements_covered_display": "0.00", "num_branches": 14, "num_partial_branches": 0, "covered_branches": 0, "missing_branches": 14, "percent_branches_covered": 0.0, "percent_branches_covered_display": "0.00"}, "missing_lines": [41, 44, 46, 47, 50, 51, 52, 55, 57, 58, 60, 61, 62, 64, 65, 66, 68, 69, 71, 72, 74, 75, 76, 77, 78, 79, 80, 81, 83, 94, 96, 97, 98], "excluded_lines": [], "start_line": 40, "executed_branches": [], "missing_branches": [[46, 47], [46, 51], [51, 52], [51, 57], [60, 61], [60, 96], [61, 62], [61, 64], [74, 75], [74, 76], [76, 77], [76, 78], [78, 79], [78, 83]]}, "": {"executed_lines": [], "summary": {"covered_lines": 0, "num_statements": 10, "percent_covered": 0.0, "percent_covered_display": "0.00", "missing_lines": 10, "excluded_lines": 0, "percent_statements_covered": 0.0, "percent_statements_covered_display": "0.00", "num_branches": 0, "num_partial_branches": 0, "covered_branches": 0, "missing_branches": 0, "percent_branches_covered": 100.0, "percent_branches_covered_display": "100.00"}, "missing_lines": [3, 4, 6, 7, 9, 11, 19, 30, 38, 40], "excluded_lines": [], "start_line": 1, "executed_branches": [], "missing_branches": []}}, "classes": {"Command": {"executed_lines": [], "summary": {"covered_lines": 0, "num_statements": 33, "percent_covered": 0.0, "percent_covered_display": "0.00", "missing_lines": 33, "excluded_lines": 0, "percent_statements_covered": 0.0, "percent_statements_covered_display": "0.00", "num_branches": 14, "num_partial_branches": 0, "covered_branches": 0, "missing_branches": 14, "percent_branches_covered": 0.0, "percent_branches_covered_display": "0.00"}, "missing_lines": [41, 44, 46, 47, 50, 51, 52, 55, 57, 58, 60, 61, 62, 64, 65, 66, 68, 69, 71, 72, 74, 75, 76, 77, 78, 79, 80, 81, 83, 94, 96, 97, 98], "excluded_lines": [], "start_line": 30, "executed_branches": [], "missing_branches": [[46, 47], [46, 51], [51, 52], [51, 57], [60, 61], [60, 96], [61, 62], [61, 64], [74, 75], [74, 76], [76, 77], [76, 78], [78, 79], [78, 83]]}, "": {"executed_lines": [], "summary": {"covered_lines": 0, "num_statements": 17, "percent_covered": 0.0, "percent_covered_display": "0.00", "missing_lines": 17, "excluded_lines": 0, "percent_statements_covered": 0.0, "percent_statements_covered_display": "0.00", "num_branches": 4, "num_partial_branches": 0, "covered_branches": 0, "missing_branches": 4, "percent_branches_covered": 0.0, "percent_branches_covered_display": "0.00"}, "missing_lines": [3, 4, 6, 7, 9, 11, 19, 21, 22, 23, 24, 25, 26, 27, 30, 38, 40], "excluded_lines": [], "start_line": 1, "executed_branches": [], "missing_branches": [[23, 24], [23, 27], [25, 23], [25, 26]]}}}, "core_app/management/commands/create_fake_trainers.py": {"executed_lines": [], "summary": {"covered_lines": 0, "num_statements": 27, "percent_covered": 0.0, "percent_covered_display": "0.00", "missing_lines": 27, "excluded_lines": 0, "percent_statements_covered": 0.0, "percent_statements_covered_display": "0.00", "num_branches": 8, "num_partial_branches": 0, "covered_branches": 0, "missing_branches": 8, "percent_branches_covered": 0.0, "percent_branches_covered_display": "0.00"}, "missing_lines": [3, 5, 8, 15, 17, 18, 20, 21, 22, 23, 25, 67, 68, 76, 77, 78, 79, 80, 81, 82, 84, 93, 94, 96, 97, 98, 99], "excluded_lines": [], "executed_branches": [], "missing_branches": [[67, 68], [67, 96], [76, 77], [76, 80], [80, 81], [80, 84], [93, 67], [93, 94]], "functions": {"Command.add_arguments": {"executed_lines": [], "summary": {"covered_lines": 0, "num_statements": 1, "percent_covered": 0.0, "percent_covered_display": "0.00", "missing_lines": 1, "excluded_lines": 0, "percent_statements_covered": 0.0, "percent_statements_covered_display": "0.00", "num_branches": 0, "num_partial_branches": 0, "covered_branches": 0, "missing_branches": 0, "percent_branches_covered": 100.0, "percent_branches_covered_display": "100.00"}, "missing_lines": [18], "excluded_lines": [], "start_line": 17, "executed_branches": [], "missing_branches": []}, "Command.handle": {"executed_lines": [], "summary": {"covered_lines": 0, "num_statements": 20, "percent_covered": 0.0, "percent_covered_display": "0.00", "missing_lines": 20, "excluded_lines": 0, "percent_statements_covered": 0.0, "percent_statements_covered_display": "0.00", "num_branches": 8, "num_partial_branches": 0, "covered_branches": 0, "missing_branches": 8, "percent_branches_covered": 0.0, "percent_branches_covered_display": "0.00"}, "missing_lines": [21, 22, 23, 25, 67, 68, 76, 77, 78, 79, 80, 81, 82, 84, 93, 94, 96, 97, 98, 99], "excluded_lines": [], "start_line": 20, "executed_branches": [], "missing_branches": [[67, 68], [67, 96], [76, 77], [76, 80], [80, 81], [80, 84], [93, 67], [93, 94]]}, "": {"executed_lines": [], "summary": {"covered_lines": 0, "num_statements": 6, "percent_covered": 0.0, "percent_covered_display": "0.00", "missing_lines": 6, "excluded_lines": 0, "percent_statements_covered": 0.0, "percent_statements_covered_display": "0.00", "num_branches": 0, "num_partial_branches": 0, "covered_branches": 0, "missing_branches": 0, "percent_branches_covered": 100.0, "percent_branches_covered_display": "100.00"}, "missing_lines": [3, 5, 8, 15, 17, 20], "excluded_lines": [], "start_line": 1, "executed_branches": [], "missing_branches": []}}, "classes": {"Command": {"executed_lines": [], "summary": {"covered_lines": 0, "num_statements": 21, "percent_covered": 0.0, "percent_covered_display": "0.00", "missing_lines": 21, "excluded_lines": 0, "percent_statements_covered": 0.0, "percent_statements_covered_display": "0.00", "num_branches": 8, "num_partial_branches": 0, "covered_branches": 0, "missing_branches": 8, "percent_branches_covered": 0.0, "percent_branches_covered_display": "0.00"}, "missing_lines": [18, 21, 22, 23, 25, 67, 68, 76, 77, 78, 79, 80, 81, 82, 84, 93, 94, 96, 97, 98, 99], "excluded_lines": [], "start_line": 8, "executed_branches": [], "missing_branches": [[67, 68], [67, 96], [76, 77], [76, 80], [80, 81], [80, 84], [93, 67], [93, 94]]}, "": {"executed_lines": [], "summary": {"covered_lines": 0, "num_statements": 6, "percent_covered": 0.0, "percent_covered_display": "0.00", "missing_lines": 6, "excluded_lines": 0, "percent_statements_covered": 0.0, "percent_statements_covered_display": "0.00", "num_branches": 0, "num_partial_branches": 0, "covered_branches": 0, "missing_branches": 0, "percent_branches_covered": 100.0, "percent_branches_covered_display": "100.00"}, "missing_lines": [3, 5, 8, 15, 17, 20], "excluded_lines": [], "start_line": 1, "executed_branches": [], "missing_branches": []}}}, "core_app/management/commands/create_fake_users.py": {"executed_lines": [], "summary": {"covered_lines": 0, "num_statements": 41, "percent_covered": 0.0, "percent_covered_display": "0.00", "missing_lines": 41, "excluded_lines": 0, "percent_statements_covered": 0.0, "percent_statements_covered_display": "0.00", "num_branches": 8, "num_partial_branches": 0, "covered_branches": 0, "missing_branches": 8, "percent_branches_covered": 0.0, "percent_branches_covered_display": "0.00"}, "missing_lines": [1, 3, 5, 16, 17, 19, 20, 21, 22, 23, 24, 26, 27, 28, 29, 30, 31, 33, 34, 36, 37, 47, 48, 49, 50, 52, 53, 54, 55, 56, 65, 66, 67, 68, 70, 71, 73, 74, 75, 76, 77], "excluded_lines": [], "executed_branches": [], "missing_branches": [[36, 37], [36, 52], [47, 48], [47, 52], [52, 53], [52, 70], [65, 52], [65, 66]], "functions": {"Command.add_arguments": {"executed_lines": [], "summary": {"covered_lines": 0, "num_statements": 5, "percent_covered": 0.0, "percent_covered_display": "0.00", "missing_lines": 5, "excluded_lines": 0, "percent_statements_covered": 0.0, "percent_statements_covered_display": "0.00", "num_branches": 0, "num_partial_branches": 0, "covered_branches": 0, "missing_branches": 0, "percent_branches_covered": 100.0, "percent_branches_covered_display": "100.00"}, "missing_lines": [20, 21, 22, 23, 24], "excluded_lines": [], "start_line": 19, "executed_branches": [], "missing_branches": []}, "Command.handle": {"executed_lines": [], "summary": {"covered_lines": 0, "num_statements": 29, "percent_covered": 0.0, "percent_covered_display": "0.00", "missing_lines": 29, "excluded_lines": 0, "percent_statements_covered": 0.0, "percent_statements_covered_display": "0.00", "num_branches": 8, "num_partial_branches": 0, "covered_branches": 0, "missing_branches": 8, "percent_branches_covered": 0.0, "percent_branches_covered_display": "0.00"}, "missing_lines": [27, 28, 29, 30, 31, 33, 34, 36, 37, 47, 48, 49, 50, 52, 53, 54, 55, 56, 65, 66, 67, 68, 70, 71, 73, 74, 75, 76, 77], "excluded_lines": [], "start_line": 26, "executed_branches": [], "missing_branches": [[36, 37], [36, 52], [47, 48], [47, 52], [52, 53], [52, 70], [65, 52], [65, 66]]}, "": {"executed_lines": [], "summary": {"covered_lines": 0, "num_statements": 7, "percent_covered": 0.0, "percent_covered_display": "0.00", "missing_lines": 7, "excluded_lines": 0, "percent_statements_covered": 0.0, "percent_statements_covered_display": "0.00", "num_branches": 0, "num_partial_branches": 0, "covered_branches": 0, "missing_branches": 0, "percent_branches_covered": 100.0, "percent_branches_covered_display": "100.00"}, "missing_lines": [1, 3, 5, 16, 17, 19, 26], "excluded_lines": [], "start_line": 1, "executed_branches": [], "missing_branches": []}}, "classes": {"Command": {"executed_lines": [], "summary": {"covered_lines": 0, "num_statements": 34, "percent_covered": 0.0, "percent_covered_display": "0.00", "missing_lines": 34, "excluded_lines": 0, "percent_statements_covered": 0.0, "percent_statements_covered_display": "0.00", "num_branches": 8, "num_partial_branches": 0, "covered_branches": 0, "missing_branches": 8, "percent_branches_covered": 0.0, "percent_branches_covered_display": "0.00"}, "missing_lines": [20, 21, 22, 23, 24, 27, 28, 29, 30, 31, 33, 34, 36, 37, 47, 48, 49, 50, 52, 53, 54, 55, 56, 65, 66, 67, 68, 70, 71, 73, 74, 75, 76, 77], "excluded_lines": [], "start_line": 16, "executed_branches": [], "missing_branches": [[36, 37], [36, 52], [47, 48], [47, 52], [52, 53], [52, 70], [65, 52], [65, 66]]}, "": {"executed_lines": [], "summary": {"covered_lines": 0, "num_statements": 7, "percent_covered": 0.0, "percent_covered_display": "0.00", "missing_lines": 7, "excluded_lines": 0, "percent_statements_covered": 0.0, "percent_statements_covered_display": "0.00", "num_branches": 0, "num_partial_branches": 0, "covered_branches": 0, "missing_branches": 0, "percent_branches_covered": 100.0, "percent_branches_covered_display": "100.00"}, "missing_lines": [1, 3, 5, 16, 17, 19, 26], "excluded_lines": [], "start_line": 1, "executed_branches": [], "missing_branches": []}}}, "core_app/management/commands/delete_fake_data.py": {"executed_lines": [], "summary": {"covered_lines": 0, "num_statements": 44, "percent_covered": 0.0, "percent_covered_display": "0.00", "missing_lines": 44, "excluded_lines": 0, "percent_statements_covered": 0.0, "percent_statements_covered_display": "0.00", "num_branches": 6, "num_partial_branches": 0, "covered_branches": 0, "missing_branches": 6, "percent_branches_covered": 0.0, "percent_branches_covered_display": "0.00"}, "missing_lines": [1, 3, 4, 6, 21, 22, 28, 34, 35, 36, 38, 39, 40, 41, 42, 43, 44, 45, 46, 47, 48, 49, 50, 51, 53, 54, 56, 57, 58, 59, 60, 62, 63, 65, 66, 67, 68, 70, 71, 77, 79, 80, 81, 82], "excluded_lines": [], "executed_branches": [], "missing_branches": [[39, 40], [39, 53], [70, 71], [70, 79], [81, -38], [81, 82]], "functions": {"Command.add_arguments": {"executed_lines": [], "summary": {"covered_lines": 0, "num_statements": 2, "percent_covered": 0.0, "percent_covered_display": "0.00", "missing_lines": 2, "excluded_lines": 0, "percent_statements_covered": 0.0, "percent_statements_covered_display": "0.00", "num_branches": 0, "num_partial_branches": 0, "covered_branches": 0, "missing_branches": 0, "percent_branches_covered": 100.0, "percent_branches_covered_display": "100.00"}, "missing_lines": [35, 36], "excluded_lines": [], "start_line": 34, "executed_branches": [], "missing_branches": []}, "Command.handle": {"executed_lines": [], "summary": {"covered_lines": 0, "num_statements": 33, "percent_covered": 0.0, "percent_covered_display": "0.00", "missing_lines": 33, "excluded_lines": 0, "percent_statements_covered": 0.0, "percent_statements_covered_display": "0.00", "num_branches": 6, "num_partial_branches": 0, "covered_branches": 0, "missing_branches": 6, "percent_branches_covered": 0.0, "percent_branches_covered_display": "0.00"}, "missing_lines": [39, 40, 41, 42, 43, 44, 45, 46, 47, 48, 49, 50, 51, 53, 54, 56, 57, 58, 59, 60, 62, 63, 65, 66, 67, 68, 70, 71, 77, 79, 80, 81, 82], "excluded_lines": [], "start_line": 38, "executed_branches": [], "missing_branches": [[39, 40], [39, 53], [70, 71], [70, 79], [81, -38], [81, 82]]}, "": {"executed_lines": [], "summary": {"covered_lines": 0, "num_statements": 9, "percent_covered": 0.0, "percent_covered_display": "0.00", "missing_lines": 9, "excluded_lines": 0, "percent_statements_covered": 0.0, "percent_statements_covered_display": "0.00", "num_branches": 0, "num_partial_branches": 0, "covered_branches": 0, "missing_branches": 0, "percent_branches_covered": 100.0, "percent_branches_covered_display": "100.00"}, "missing_lines": [1, 3, 4, 6, 21, 22, 28, 34, 38], "excluded_lines": [], "start_line": 1, "executed_branches": [], "missing_branches": []}}, "classes": {"Command": {"executed_lines": [], "summary": {"covered_lines": 0, "num_statements": 35, "percent_covered": 0.0, "percent_covered_display": "0.00", "missing_lines": 35, "excluded_lines": 0, "percent_statements_covered": 0.0, "percent_statements_covered_display": "0.00", "num_branches": 6, "num_partial_branches": 0, "covered_branches": 0, "missing_branches": 6, "percent_branches_covered": 0.0, "percent_branches_covered_display": "0.00"}, "missing_lines": [35, 36, 39, 40, 41, 42, 43, 44, 45, 46, 47, 48, 49, 50, 51, 53, 54, 56, 57, 58, 59, 60, 62, 63, 65, 66, 67, 68, 70, 71, 77, 79, 80, 81, 82], "excluded_lines": [], "start_line": 21, "executed_branches": [], "missing_branches": [[39, 40], [39, 53], [70, 71], [70, 79], [81, -38], [81, 82]]}, "": {"executed_lines": [], "summary": {"covered_lines": 0, "num_statements": 9, "percent_covered": 0.0, "percent_covered_display": "0.00", "missing_lines": 9, "excluded_lines": 0, "percent_statements_covered": 0.0, "percent_statements_covered_display": "0.00", "num_branches": 0, "num_partial_branches": 0, "covered_branches": 0, "missing_branches": 0, "percent_branches_covered": 100.0, "percent_branches_covered_display": "100.00"}, "missing_lines": [1, 3, 4, 6, 21, 22, 28, 34, 38], "excluded_lines": [], "start_line": 1, "executed_branches": [], "missing_branches": []}}}, "core_app/models/__init__.py": {"executed_lines": [1, 2, 3, 4, 5, 6, 7, 8, 9, 10, 12], "summary": {"covered_lines": 11, "num_statements": 11, "percent_covered": 100.0, "percent_covered_display": "100.00", "missing_lines": 0, "excluded_lines": 0, "percent_statements_covered": 100.0, "percent_statements_covered_display": "100.00", "num_branches": 0, "num_partial_branches": 0, "covered_branches": 0, "missing_branches": 0, "percent_branches_covered": 100.0, "percent_branches_covered_display": "100.00"}, "missing_lines": [], "excluded_lines": [], "executed_branches": [], "missing_branches": [], "functions": {"": {"executed_lines": [1, 2, 3, 4, 5, 6, 7, 8, 9, 10, 12], "summary": {"covered_lines": 11, "num_statements": 11, "percent_covered": 100.0, "percent_covered_display": "100.00", "missing_lines": 0, "excluded_lines": 0, "percent_statements_covered": 100.0, "percent_statements_covered_display": "100.00", "num_branches": 0, "num_partial_branches": 0, "covered_branches": 0, "missing_branches": 0, "percent_branches_covered": 100.0, "percent_branches_covered_display": "100.00"}, "missing_lines": [], "excluded_lines": [], "start_line": 1, "executed_branches": [], "missing_branches": []}}, "classes": {"": {"executed_lines": [1, 2, 3, 4, 5, 6, 7, 8, 9, 10, 12], "summary": {"covered_lines": 11, "num_statements": 11, "percent_covered": 100.0, "percent_covered_display": "100.00", "missing_lines": 0, "excluded_lines": 0, "percent_statements_covered": 100.0, "percent_statements_covered_display": "100.00", "num_branches": 0, "num_partial_branches": 0, "covered_branches": 0, "missing_branches": 0, "percent_branches_covered": 100.0, "percent_branches_covered_display": "100.00"}, "missing_lines": [], "excluded_lines": [], "start_line": 1, "executed_branches": [], "missing_branches": []}}}, "core_app/models/analytics.py": {"executed_lines": [1, 2, 4, 7, 8, 9, 10, 11, 12, 14, 16, 17, 19, 20, 22, 24, 25, 27], "summary": {"covered_lines": 18, "num_statements": 19, "percent_covered": 94.73684210526316, "percent_covered_display": "94.74", "missing_lines": 1, "excluded_lines": 0, "percent_statements_covered": 94.73684210526316, "percent_statements_covered_display": "94.74", "num_branches": 0, "num_partial_branches": 0, "covered_branches": 0, "missing_branches": 0, "percent_branches_covered": 100.0, "percent_branches_covered_display": "100.00"}, "missing_lines": [28], "excluded_lines": [], "executed_branches": [], "missing_branches": [], "functions": {"AnalyticsEvent.__str__": {"executed_lines": [], "summary": {"covered_lines": 0, "num_statements": 1, "percent_covered": 0.0, "percent_covered_display": "0.00", "missing_lines": 1, "excluded_lines": 0, "percent_statements_covered": 0.0, "percent_statements_covered_display": "0.00", "num_branches": 0, "num_partial_branches": 0, "covered_branches": 0, "missing_branches": 0, "percent_branches_covered": 100.0, "percent_branches_covered_display": "100.00"}, "missing_lines": [28], "excluded_lines": [], "start_line": 27, "executed_branches": [], "missing_branches": []}, "": {"executed_lines": [1, 2, 4, 7, 8, 9, 10, 11, 12, 14, 16, 17, 19, 20, 22, 24, 25, 27], "summary": {"covered_lines": 18, "num_statements": 18, "percent_covered": 100.0, "percent_covered_display": "100.00", "missing_lines": 0, "excluded_lines": 0, "percent_statements_covered": 100.0, "percent_statements_covered_display": "100.00", "num_branches": 0, "num_partial_branches": 0, "covered_branches": 0, "missing_branches": 0, "percent_branches_covered": 100.0, "percent_branches_covered_display": "100.00"}, "missing_lines": [], "excluded_lines": [], "start_line": 1, "executed_branches": [], "missing_branches": []}}, "classes": {"AnalyticsEvent": {"executed_lines": [], "summary": {"covered_lines": 0, "num_statements": 1, "percent_covered": 0.0, "percent_covered_display": "0.00", "missing_lines": 1, "excluded_lines": 0, "percent_statements_covered": 0.0, "percent_statements_covered_display": "0.00", "num_branches": 0, "num_partial_branches": 0, "covered_branches": 0, "missing_branches": 0, "percent_branches_covered": 100.0, "percent_branches_covered_display": "100.00"}, "missing_lines": [28], "excluded_lines": [], "start_line": 7, "executed_branches": [], "missing_branches": []}, "AnalyticsEvent.Type": {"executed_lines": [], "summary": {"covered_lines": 0, "num_statements": 0, "percent_covered": 100.0, "percent_covered_display": "100.00", "missing_lines": 0, "excluded_lines": 0, "percent_statements_covered": 100.0, "percent_statements_covered_display": "100.00", "num_branches": 0, "num_partial_branches": 0, "covered_branches": 0, "missing_branches": 0, "percent_branches_covered": 100.0, "percent_branches_covered_display": "100.00"}, "missing_lines": [], "excluded_lines": [], "start_line": 8, "executed_branches": [], "missing_branches": []}, "AnalyticsEvent.Meta": {"executed_lines": [], "summary": {"covered_lines": 0, "num_statements": 0, "percent_covered": 100.0, "percent_covered_display": "100.00", "missing_lines": 0, "excluded_lines": 0, "percent_statements_covered": 100.0, "percent_statements_covered_display": "100.00", "num_branches": 0, "num_partial_branches": 0, "covered_branches": 0, "missing_branches": 0, "percent_branches_covered": 100.0, "percent_branches_covered_display": "100.00"}, "missing_lines": [], "excluded_lines": [], "start_line": 24, "executed_branches": [], "missing_branches": []}, "": {"executed_lines": [1, 2, 4, 7, 8, 9, 10, 11, 12, 14, 16, 17, 19, 20, 22, 24, 25, 27], "summary": {"covered_lines": 18, "num_statements": 18, "percent_covered": 100.0, "percent_covered_display": "100.00", "missing_lines": 0, "excluded_lines": 0, "percent_statements_covered": 100.0, "percent_statements_covered_display": "100.00", "num_branches": 0, "num_partial_branches": 0, "covered_branches": 0, "missing_branches": 0, "percent_branches_covered": 100.0, "percent_branches_covered_display": "100.00"}, "missing_lines": [], "excluded_lines": [], "start_line": 1, "executed_branches": [], "missing_branches": []}}}, "core_app/models/availability.py": {"executed_lines": [1, 2, 4, 7, 22, 29, 30, 32, 33, 34, 36, 37, 38, 43, 46, 47], "summary": {"covered_lines": 16, "num_statements": 18, "percent_covered": 88.88888888888889, "percent_covered_display": "88.89", "missing_lines": 2, "excluded_lines": 0, "percent_statements_covered": 88.88888888888889, "percent_statements_covered_display": "88.89", "num_branches": 0, "num_partial_branches": 0, "covered_branches": 0, "missing_branches": 0, "percent_branches_covered": 100.0, "percent_branches_covered_display": "100.00"}, "missing_lines": [44, 48], "excluded_lines": [], "executed_branches": [], "missing_branches": [], "functions": {"AvailabilitySlot.__str__": {"executed_lines": [], "summary": {"covered_lines": 0, "num_statements": 1, "percent_covered": 0.0, "percent_covered_display": "0.00", "missing_lines": 1, "excluded_lines": 0, "percent_statements_covered": 0.0, "percent_statements_covered_display": "0.00", "num_branches": 0, "num_partial_branches": 0, "covered_branches": 0, "missing_branch
[...]
": 0.0, "percent_covered_display": "0.00", "missing_lines": 8, "excluded_lines": 0, "percent_statements_covered": 0.0, "percent_statements_covered_display": "0.00", "num_branches": 0, "num_partial_branches": 0, "covered_branches": 0, "missing_branches": 0, "percent_branches_covered": 100.0, "percent_branches_covered_display": "100.00"}, "missing_lines": [1, 3, 4, 5, 8, 9, 10, 12], "excluded_lines": [], "start_line": 1, "executed_branches": [], "missing_branches": []}}}, "core_app/views/payment_views.py": {"executed_lines": [], "summary": {"covered_lines": 0, "num_statements": 16, "percent_covered": 0.0, "percent_covered_display": "0.00", "missing_lines": 16, "excluded_lines": 0, "percent_statements_covered": 0.0, "percent_statements_covered_display": "0.00", "num_branches": 4, "num_partial_branches": 0, "covered_branches": 0, "missing_branches": 4, "percent_branches_covered": 0.0, "percent_branches_covered_display": "0.00"}, "missing_lines": [1, 2, 4, 5, 6, 9, 10, 12, 13, 14, 15, 17, 18, 19, 20, 21], "excluded_lines": [], "executed_branches": [], "missing_branches": [[13, 14], [13, 15], [19, 20], [19, 21]], "functions": {"PaymentViewSet.get_permissions": {"executed_lines": [], "summary": {"covered_lines": 0, "num_statements": 3, "percent_covered": 0.0, "percent_covered_display": "0.00", "missing_lines": 3, "excluded_lines": 0, "percent_statements_covered": 0.0, "percent_statements_covered_display": "0.00", "num_branches": 2, "num_partial_branches": 0, "covered_branches": 0, "missing_branches": 2, "percent_branches_covered": 0.0, "percent_branches_covered_display": "0.00"}, "missing_lines": [13, 14, 15], "excluded_lines": [], "start_line": 12, "executed_branches": [], "missing_branches": [[13, 14], [13, 15]]}, "PaymentViewSet.get_queryset": {"executed_lines": [], "summary": {"covered_lines": 0, "num_statements": 4, "percent_covered": 0.0, "percent_covered_display": "0.00", "missing_lines": 4, "excluded_lines": 0, "percent_statements_covered": 0.0, "percent_statements_covered_display": "0.00", "num_branches": 2, "num_partial_branches": 0, "covered_branches": 0, "missing_branches": 2, "percent_branches_covered": 0.0, "percent_branches_covered_display": "0.00"}, "missing_lines": [18, 19, 20, 21], "excluded_lines": [], "start_line": 17, "executed_branches": [], "missing_branches": [[19, 20], [19, 21]]}, "": {"executed_lines": [], "summary": {"covered_lines": 0, "num_statements": 9, "percent_covered": 0.0, "percent_covered_display": "0.00", "missing_lines": 9, "excluded_lines": 0, "percent_statements_covered": 0.0, "percent_statements_covered_display": "0.00", "num_branches": 0, "num_partial_branches": 0, "covered_branches": 0, "missing_branches": 0, "percent_branches_covered": 100.0, "percent_branches_covered_display": "100.00"}, "missing_lines": [1, 2, 4, 5, 6, 9, 10, 12, 17], "excluded_lines": [], "start_line": 1, "executed_branches": [], "missing_branches": []}}, "classes": {"PaymentViewSet": {"executed_lines": [], "summary": {"covered_lines": 0, "num_statements": 7, "percent_covered": 0.0, "percent_covered_display": "0.00", "missing_lines": 7, "excluded_lines": 0, "percent_statements_covered": 0.0, "percent_statements_covered_display": "0.00", "num_branches": 4, "num_partial_branches": 0, "covered_branches": 0, "missing_branches": 4, "percent_branches_covered": 0.0, "percent_branches_covered_display": "0.00"}, "missing_lines": [13, 14, 15, 18, 19, 20, 21], "excluded_lines": [], "start_line": 9, "executed_branches": [], "missing_branches": [[13, 14], [13, 15], [19, 20], [19, 21]]}, "": {"executed_lines": [], "summary": {"covered_lines": 0, "num_statements": 9, "percent_covered": 0.0, "percent_covered_display": "0.00", "missing_lines": 9, "excluded_lines": 0, "percent_statements_covered": 0.0, "percent_statements_covered_display": "0.00", "num_branches": 0, "num_partial_branches": 0, "covered_branches": 0, "missing_branches": 0, "percent_branches_covered": 100.0, "percent_branches_covered_display": "100.00"}, "missing_lines": [1, 2, 4, 5, 6, 9, 10, 12, 17], "excluded_lines": [], "start_line": 1, "executed_branches": [], "missing_branches": []}}}, "core_app/views/subscription_views.py": {"executed_lines": [], "summary": {"covered_lines": 0, "num_statements": 80, "percent_covered": 0.0, "percent_covered_display": "0.00", "missing_lines": 80, "excluded_lines": 0, "percent_statements_covered": 0.0, "percent_statements_covered_display": "0.00", "num_branches": 8, "num_partial_branches": 0, "covered_branches": 0, "missing_branches": 8, "percent_branches_covered": 0.0, "percent_branches_covered_display": "0.00"}, "missing_lines": [1, 2, 3, 5, 6, 7, 8, 9, 11, 12, 13, 14, 18, 25, 28, 44, 45, 47, 56, 57, 58, 59, 61, 62, 75, 76, 78, 79, 80, 82, 84, 85, 89, 90, 91, 96, 97, 98, 106, 107, 108, 113, 114, 127, 138, 143, 144, 156, 157, 158, 162, 163, 164, 165, 167, 168, 180, 181, 182, 186, 187, 188, 189, 191, 192, 205, 206, 207, 211, 212, 213, 214, 217, 218, 220, 221, 231, 232, 233, 234], "excluded_lines": [], "executed_branches": [], "missing_branches": [[57, 58], [57, 59], [157, 158], [157, 162], [181, 182], [181, 186], [206, 207], [206, 211]], "functions": {"SubscriptionViewSet.get_queryset": {"executed_lines": [], "summary": {"covered_lines": 0, "num_statements": 4, "percent_covered": 0.0, "percent_covered_display": "0.00", "missing_lines": 4, "excluded_lines": 0, "percent_statements_covered": 0.0, "percent_statements_covered_display": "0.00", "num_branches": 2, "num_partial_branches": 0, "covered_branches": 0, "missing_branches": 2, "percent_branches_covered": 0.0, "percent_branches_covered_display": "0.00"}, "missing_lines": [56, 57, 58, 59], "excluded_lines": [], "start_line": 47, "executed_branches": [], "missing_branches": [[57, 58], [57, 59]]}, "SubscriptionViewSet.purchase": {"executed_lines": [], "summary": {"covered_lines": 0, "num_statements": 21, "percent_covered": 0.0, "percent_covered_display": "0.00", "missing_lines": 21, "excluded_lines": 0, "percent_statements_covered": 0.0, "percent_statements_covered_display": "0.00", "num_branches": 0, "num_partial_branches": 0, "covered_branches": 0, "missing_branches": 0, "percent_branches_covered": 100.0, "percent_branches_covered_display": "100.00"}, "missing_lines": [75, 76, 78, 79, 80, 82, 84, 85, 89, 90, 91, 96, 97, 98, 106, 107, 108, 113, 114, 127, 138], "excluded_lines": [], "start_line": 62, "executed_branches": [], "missing_branches": []}, "SubscriptionViewSet.cancel_subscription": {"executed_lines": [], "summary": {"covered_lines": 0, "num_statements": 7, "percent_covered": 0.0, "percent_covered_display": "0.00", "missing_lines": 7, "excluded_lines": 0, "percent_statements_covered": 0.0, "percent_statements_covered_display": "0.00", "num_branches": 2, "num_partial_branches": 0, "covered_branches": 0, "missing_branches": 2, "percent_branches_covered": 0.0, "percent_branches_covered_display": "0.00"}, "missing_lines": [156, 157, 158, 162, 163, 164, 165], "excluded_lines": [], "start_line": 144, "executed_branches": [], "missing_branches": [[157, 158], [157, 162]]}, "SubscriptionViewSet.pause_subscription": {"executed_lines": [], "summary": {"covered_lines": 0, "num_statements": 7, "percent_covered": 0.0, "percent_covered_display": "0.00", "missing_lines": 7, "excluded_lines": 0, "percent_statements_covered": 0.0, "percent_statements_covered_display": "0.00", "num_branches": 2, "num_partial_branches": 0, "covered_branches": 0, "missing_branches": 2, "percent_branches_covered": 0.0, "percent_branches_covered_display": "0.00"}, "missing_lines": [180, 181, 182, 186, 187, 188, 189], "excluded_lines": [], "start_line": 168, "executed_branches": [], "missing_branches": [[181, 182], [181, 186]]}, "SubscriptionViewSet.resume_subscription": {"executed_lines": [], "summary": {"covered_lines": 0, "num_statements": 9, "percent_covered": 0.0, "percent_covered_display": "0.00", "missing_lines": 9, "excluded_lines": 0, "percent_statements_covered": 0.0, "percent_statements_covered_display": "0.00", "num_branches": 2, "num_partial_branches": 0, "covered_branches": 0, "missing_branches": 2, "percent_branches_covered": 0.0, "percent_branches_covered_display": "0.00"}, "missing_lines": [205, 206, 207, 211, 212, 213, 214, 217, 218], "excluded_lines": [], "start_line": 192, "executed_branches": [], "missing_branches": [[206, 207], [206, 211]]}, "SubscriptionViewSet.payment_history": {"executed_lines": [], "summary": {"covered_lines": 0, "num_statements": 4, "percent_covered": 0.0, "percent_covered_display": "0.00", "missing_lines": 4, "excluded_lines": 0, "percent_statements_covered": 0.0, "percent_statements_covered_display": "0.00", "num_branches": 0, "num_partial_branches": 0, "covered_branches": 0, "missing_branches": 0, "percent_branches_covered": 100.0, "percent_branches_covered_display": "100.00"}, "missing_lines": [231, 232, 233, 234], "excluded_lines": [], "start_line": 221, "executed_branches": [], "missing_branches": []}, "": {"executed_lines": [], "summary": {"covered_lines": 0, "num_statements": 28, "percent_covered": 0.0, "percent_covered_display": "0.00", "missing_lines": 28, "excluded_lines": 0, "percent_statements_covered": 0.0, "percent_statements_covered_display": "0.00", "num_branches": 0, "num_partial_branches": 0, "covered_branches": 0, "missing_branches": 0, "percent_branches_covered": 100.0, "percent_branches_covered_display": "100.00"}, "missing_lines": [1, 2, 3, 5, 6, 7, 8, 9, 11, 12, 13, 14, 18, 25, 28, 44, 45, 47, 61, 62, 143, 144, 167, 168, 191, 192, 220, 221], "excluded_lines": [], "start_line": 1, "executed_branches": [], "missing_branches": []}}, "classes": {"SubscriptionViewSet": {"executed_lines": [], "summary": {"covered_lines": 0, "num_statements": 52, "percent_covered": 0.0, "percent_covered_display": "0.00", "missing_lines": 52, "excluded_lines": 0, "percent_statements_covered": 0.0, "percent_statements_covered_display": "0.00", "num_branches": 8, "num_partial_branches": 0, "covered_branches": 0, "missing_branches": 8, "percent_branches_covered": 0.0, "percent_branches_covered_display": "0.00"}, "missing_lines": [56, 57, 58, 59, 75, 76, 78, 79, 80, 82, 84, 85, 89, 90, 91, 96, 97, 98, 106, 107, 108, 113, 114, 127, 138, 156, 157, 158, 162, 163, 164, 165, 180, 181, 182, 186, 187, 188, 189, 205, 206, 207, 211, 212, 213, 214, 217, 218, 231, 232, 233, 234], "excluded_lines": [], "start_line": 28, "executed_branches": [], "missing_branches": [[57, 58], [57, 59], [157, 158], [157, 162], [181, 182], [181, 186], [206, 207], [206, 211]]}, "": {"executed_lines": [], "summary": {"covered_lines": 0, "num_statements": 28, "percent_covered": 0.0, "percent_covered_display": "0.00", "missing_lines": 28, "excluded_lines": 0, "percent_statements_covered": 0.0, "percent_statements_covered_display": "0.00", "num_branches": 0, "num_partial_branches": 0, "covered_branches": 0, "missing_branches": 0, "percent_branches_covered": 100.0, "percent_branches_covered_display": "100.00"}, "missing_lines": [1, 2, 3, 5, 6, 7, 8, 9, 11, 12, 13, 14, 18, 25, 28, 44, 45, 47, 61, 62, 143, 144, 167, 168, 191, 192, 220, 221], "excluded_lines": [], "start_line": 1, "executed_branches": [], "missing_branches": []}}}, "core_app/views/trainer_profile_views.py": {"executed_lines": [], "summary": {"covered_lines": 0, "num_statements": 9, "percent_covered": 0.0, "percent_covered_display": "0.00", "missing_lines": 9, "excluded_lines": 0, "percent_statements_covered": 0.0, "percent_statements_covered_display": "0.00", "num_branches": 0, "num_partial_branches": 0, "covered_branches": 0, "missing_branches": 0, "percent_branches_covered": 100.0, "percent_branches_covered_display": "100.00"}, "missing_lines": [1, 2, 4, 5, 8, 19, 20, 22, 28], "excluded_lines": [], "executed_branches": [], "missing_branches": [], "functions": {"TrainerProfileViewSet.get_queryset": {"executed_lines": [], "summary": {"covered_lines": 0, "num_statements": 1, "percent_covered": 0.0, "percent_covered_display": "0.00", "missing_lines": 1, "excluded_lines": 0, "percent_statements_covered": 0.0, "percent_statements_covered_display": "0.00", "num_branches": 0, "num_partial_branches": 0, "covered_branches": 0, "missing_branches": 0, "percent_branches_covered": 100.0, "percent_branches_covered_display": "100.00"}, "missing_lines": [28], "excluded_lines": [], "start_line": 22, "executed_branches": [], "missing_branches": []}, "": {"executed_lines": [], "summary": {"covered_lines": 0, "num_statements": 8, "percent_covered": 0.0, "percent_covered_display": "0.00", "missing_lines": 8, "excluded_lines": 0, "percent_statements_covered": 0.0, "percent_statements_covered_display": "0.00", "num_branches": 0, "num_partial_branches": 0, "covered_branches": 0, "missing_branches": 0, "percent_branches_covered": 100.0, "percent_branches_covered_display": "100.00"}, "missing_lines": [1, 2, 4, 5, 8, 19, 20, 22], "excluded_lines": [], "start_line": 1, "executed_branches": [], "missing_branches": []}}, "classes": {"TrainerProfileViewSet": {"executed_lines": [], "summary": {"covered_lines": 0, "num_statements": 1, "percent_covered": 0.0, "percent_covered_display": "0.00", "missing_lines": 1, "excluded_lines": 0, "percent_statements_covered": 0.0, "percent_statements_covered_display": "0.00", "num_branches": 0, "num_partial_branches": 0, "covered_branches": 0, "missing_branches": 0, "percent_branches_covered": 100.0, "percent_branches_covered_display": "100.00"}, "missing_lines": [28], "excluded_lines": [], "start_line": 8, "executed_branches": [], "missing_branches": []}, "": {"executed_lines": [], "summary": {"covered_lines": 0, "num_statements": 8, "percent_covered": 0.0, "percent_covered_display": "0.00", "missing_lines": 8, "excluded_lines": 0, "percent_statements_covered": 0.0, "percent_statements_covered_display": "0.00", "num_branches": 0, "num_partial_branches": 0, "covered_branches": 0, "missing_branches": 0, "percent_branches_covered": 100.0, "percent_branches_covered_display": "100.00"}, "missing_lines": [1, 2, 4, 5, 8, 19, 20, 22], "excluded_lines": [], "start_line": 1, "executed_branches": [], "missing_branches": []}}}, "core_app/views/wompi_views.py": {"executed_lines": [], "summary": {"covered_lines": 0, "num_statements": 76, "percent_covered": 0.0, "percent_covered_display": "0.00", "missing_lines": 76, "excluded_lines": 0, "percent_statements_covered": 0.0, "percent_statements_covered_display": "0.00", "num_branches": 16, "num_partial_branches": 0, "covered_branches": 0, "missing_branches": 16, "percent_branches_covered": 0.0, "percent_branches_covered_display": "0.00"}, "missing_lines": [9, 11, 12, 13, 14, 15, 16, 17, 19, 20, 25, 28, 29, 30, 39, 45, 46, 47, 56, 57, 58, 60, 61, 66, 67, 68, 69, 74, 75, 81, 82, 83, 84, 94, 96, 97, 98, 103, 104, 106, 107, 109, 112, 122, 123, 124, 126, 127, 128, 130, 131, 135, 136, 137, 138, 139, 140, 142, 143, 144, 145, 146, 148, 149, 150, 151, 153, 154, 155, 156, 157, 158, 160, 161, 162, 163], "excluded_lines": [], "executed_branches": [], "missing_branches": [[60, 61], [60, 66], [96, 97], [96, 103], [106, 107], [106, 109], [126, 127], [126, 130], [142, 143], [142, 148], [148, 149], [148, 160], [153, -112], [153, 154], [160, -112], [160, 161]], "functions": {"wompi_config": {"executed_lines": [], "summary": {"covered_lines": 0, "num_statements": 1, "percent_covered": 0.0, "percent_covered_display": "0.00", "missing_lines": 1, "excluded_lines": 0, "percent_statements_covered": 0.0, "percent_statements_covered_display": "0.00", "num_branches": 0, "num_partial_branches": 0, "covered_branches": 0, "missing_branches": 0, "percent_branches_covered": 100.0, "percent_branches_covered_display": "100.00"}, "missing_lines": [39], "excluded_lines": [], "start_line": 30, "executed_branches": [], "missing_branches": []}, "generate_signature": {"executed_lines": [], "summary": {"covered_lines": 0, "num_statements": 11, "percent_covered": 0.0, "percent_covered_display": "0.00", "missing_lines": 11, "excluded_lines": 0, "percent_statements_covered": 0.0, "percent_statements_covered_display": "0.00", "num_branches": 2, "num_partial_branches": 0, "covered_branches": 0, "missing_branches": 2, "percent_branches_covered": 0.0, "percent_branches_covered_display": "0.00"}, "missing_lines": [56, 57, 58, 60, 61, 66, 67, 68, 69, 74, 75], "excluded_lines": [], "start_line": 47, "executed_branches": [], "missing_branches": [[60, 61], [60, 66]]}, "wompi_webhook": {"executed_lines": [], "summary": {"covered_lines": 0, "num_statements": 9, "percent_covered": 0.0, "percent_covered_display": "0.00", "missing_lines": 9, "excluded_lines": 0, "percent_statements_covered": 0.0, "percent_statements_covered_display": "0.00", "num_branches": 4, "num_partial_branches": 0, "covered_branches": 0, "missing_branches": 4, "percent_branches_covered": 0.0, "percent_branches_covered_display": "0.00"}, "missing_lines": [94, 96, 97, 98, 103, 104, 106, 107, 109], "excluded_lines": [], "start_line": 84, "executed_branches": [], "missing_branches": [[96, 97], [96, 103], [106, 107], [106, 109]]}, "_handle_transaction_updated": {"executed_lines": [], "summary": {"covered_lines": 0, "num_statements": 33, "percent_covered": 0.0, "percent_covered_display": "0.00", "missing_lines": 33, "excluded_lines": 0, "percent_statements_covered": 0.0, "percent_statements_covered_display": "0.00", "num_branches": 10, "num_partial_branches": 0, "covered_branches": 0, "missing_branches": 10, "percent_branches_covered": 0.0, "percent_branches_covered_display": "0.00"}, "missing_lines": [122, 123, 124, 126, 127, 128, 130, 131, 135, 136, 137, 138, 139, 140, 142, 143, 144, 145, 146, 148, 149, 150, 151, 153, 154, 155, 156, 157, 158, 160, 161, 162, 163], "excluded_lines": [], "start_line": 112, "executed_branches": [], "missing_branches": [[126, 127], [126, 130], [142, 143], [142, 148], [148, 149], [148, 160], [153, -112], [153, 154], [160, -112], [160, 161]]}, "": {"executed_lines": [], "summary": {"covered_lines": 0, "num_statements": 22, "percent_covered": 0.0, "percent_covered_display": "0.00", "missing_lines": 22, "excluded_lines": 0, "percent_statements_covered": 0.0, "percent_statements_covered_display": "0.00", "num_branches": 0, "num_partial_branches": 0, "covered_branches": 0, "missing_branches": 0, "percent_branches_covered": 100.0, "percent_branches_covered_display": "100.00"}, "missing_lines": [9, 11, 12, 13, 14, 15, 16, 17, 19, 20, 25, 28, 29, 30, 45, 46, 47, 81, 82, 83, 84, 112], "excluded_lines": [], "start_line": 1, "executed_branches": [], "missing_branches": []}}, "classes": {"": {"executed_lines": [], "summary": {"covered_lines": 0, "num_statements": 76, "percent_covered": 0.0, "percent_covered_display": "0.00", "missing_lines": 76, "excluded_lines": 0, "percent_statements_covered": 0.0, "percent_statements_covered_display": "0.00", "num_branches": 16, "num_partial_branches": 0, "covered_branches": 0, "missing_branches": 16, "percent_branches_covered": 0.0, "percent_branches_covered_display": "0.00"}, "missing_lines": [9, 11, 12, 13, 14, 15, 16, 17, 19, 20, 25, 28, 29, 30, 39, 45, 46, 47, 56, 57, 58, 60, 61, 66, 67, 68, 69, 74, 75, 81, 82, 83, 84, 94, 96, 97, 98, 103, 104, 106, 107, 109, 112, 122, 123, 124, 126, 127, 128, 130, 131, 135, 136, 137, 138, 139, 140, 142, 143, 144, 145, 146, 148, 149, 150, 151, 153, 154, 155, 156, 157, 158, 160, 161, 162, 163], "excluded_lines": [], "start_line": 1, "executed_branches": [], "missing_branches": [[60, 61], [60, 66], [96, 97], [96, 103], [106, 107], [106, 109], [126, 127], [126, 130], [142, 143], [142, 148], [148, 149], [148, 160], [153, -112], [153, 154], [160, -112], [160, 161]]}}}}, "totals": {"covered_lines": 352, "num_statements": 1785, "percent_covered": 17.170263788968825, "percent_covered_display": "17.17", "missing_lines": 1433, "excluded_lines": 0, "percent_statements_covered": 19.719887955182074, "percent_statements_covered_display": "19.72", "num_branches": 300, "num_partial_branches": 2, "covered_branches": 6, "missing_branches": 294, "percent_branches_covered": 2.0, "percent_branches_covered_display": "2.00"}}