{"total": {"lines":{"total":1377,"covered":1244,"skipped":0,"pct":90.34},"statements":{"total":1457,"covered":1306,"skipped":0,"pct":89.63},"functions":{"total":363,"covered":323,"skipped":0,"pct":88.98},"branches":{"total":1006,"covered":805,"skipped":0,"pct":80.01},"branchesTrue":{"total":0,"covered":0,"skipped":0,"pct":100}}
,"app/(app)/book-session/page.tsx": {"lines":{"total":117,"covered":109,"skipped":0,"pct":93.16},"functions":{"total":41,"covered":38,"skipped":0,"pct":92.68},"statements":{"total":134,"covered":120,"skipped":0,"pct":89.55},"branches":{"total":147,"covered":118,"skipped":0,"pct":80.27}}
,"app/(app)/calendar/page.tsx": {"lines":{"total":8,"covered":8,"skipped":0,"pct":100},"functions":{"total":3,"covered":3,"skipped":0,"pct":100},"statements":{"total":9,"covered":9,"skipped":0,"pct":100},"branches":{"total":0,"covered":0,"skipped":0,"pct":100}}
,"app/(app)/dashboard/page.tsx": {"lines":{"total":33,"covered":33,"skipped":0,"pct":100},"functions":{"total":5,"covered":5,"skipped":0,"pct":100},"statements":{"total":34,"covered":34,"skipped":0,"pct":100},"branches":{"total":26,"covered":26,"skipped":0,"pct":100}}
,"app/(app)/layout.tsx": {"lines":{"total":15,"covered":15,"skipped":0,"pct":100},"functions":{"total":4,"covered":4,"skipped":0,"pct":100},"statements":{"total":15,"covered":15,"skipped":0,"pct":100},"branches":{"total":4,"covered":4,"skipped":0,"pct":100}}
,"app/(app)/my-programs/page.tsx": {"lines":{"total":21,"covered":21,"skipped":0,"pct":100},"functions":{"total":5,"covered":5,"skipped":0,"pct":100},"statements":{"total":22,"covered":22,"skipped":0,"pct":100},"branches":{"total":14,"covered":13,"skipped":0,"pct":92.85}}
,"app/(app)/my-programs/program/[subscriptionId]/page.tsx": {"lines":{"total":45,"covered":45,"skipped":0,"pct":100},"functions":{"total":19,"covered":15,"skipped":0,"pct":78.94},"statements":{"total":47,"covered":47,"skipped":0,"pct":100},"branches":{"total":48,"covered":42,"skipped":0,"pct":87.5}}
,"app/(app)/subscription/page.tsx": {"lines":{"total":52,"covered":48,"skipped":0,"pct":92.3},"functions":{"total":23,"covered":18,"skipped":0,"pct":78.26},"statements":{"total":53,"covered":49,"skipped":0,"pct":92.45},"branches":{"total":75,"covered":60,"skipped":0,"pct":80}}
,"app/(public)/checkout/page.tsx": {"lines":{"total":127,"covered":107,"skipped":0,"pct":84.25},"functions":{"total":23,"covered":15,"skipped":0,"pct":65.21},"statements":{"total":133,"covered":110,"skipped":0,"pct":82.7},"branches":{"total":85,"covered":72,"skipped":0,"pct":84.7}}
,"app/(public)/contact/page.tsx": {"lines":{"total":31,"covered":30,"skipped":0,"pct":96.77},"functions":{"total":7,"covered":7,"skipped":0,"pct":100},"statements":{"total":32,"covered":31,"skipped":0,"pct":96.87},"branches":{"total":17,"covered":17,"skipped":0,"pct":100}}
,"app/(public)/faq/page.tsx": {"lines":{"total":18,"covered":18,"skipped":0,"pct":100},"functions":{"total":5,"covered":4,"skipped":0,"pct":80},"statements":{"total":19,"covered":19,"skipped":0,"pct":100},"branches":{"total":4,"covered":4,"skipped":0,"pct":100}}
,"app/(public)/kore-brand/page.tsx": {"lines":{"total":20,"covered":20,"skipped":0,"pct":100},"functions":{"total":10,"covered":9,"skipped":0,"pct":90},"statements":{"total":22,"covered":22,"skipped":0,"pct":100},"branches":{"total":8,"covered":7,"skipped":0,"pct":87.5}}
,"app/(public)/login/page.tsx": {"lines":{"total":47,"covered":45,"skipped":0,"pct":95.74},"functions":{"total":13,"covered":10,"skipped":0,"pct":76.92},"statements":{"total":48,"covered":46,"skipped":0,"pct":95.83},"branches":{"total":24,"covered":20,"skipped":0,"pct":83.33}}
,"app/(public)/programs/page.tsx": {"lines":{"total":49,"covered":48,"skipped":0,"pct":97.95},"functions":{"total":15,"covered":15,"skipped":0,"pct":100},"statements":{"total":54,"covered":52,"skipped":0,"pct":96.29},"branches":{"total":39,"covered":36,"skipped":0,"pct":92.3}}
,"app/(public)/register/page.tsx": {"lines":{"total":95,"covered":88,"skipped":0,"pct":92.63},"functions":{"total":21,"covered":17,"skipped":0,"pct":80.95},"statements":{"total":96,"covered":89,"skipped":0,"pct":92.7},"branches":{"total":50,"covered":41,"skipped":0,"pct":82}}
,"app/components/Gallery.tsx": {"lines":{"total":9,"covered":9,"skipped":0,"pct":100},"functions":{"total":3,"covered":3,"skipped":0,"pct":100},"statements":{"total":10,"covered":10,"skipped":0,"pct":100},"branches":{"total":0,"covered":0,"skipped":0,"pct":100}}
,"app/components/Hero.tsx": {"lines":{"total":8,"covered":8,"skipped":0,"pct":100},"functions":{"total":3,"covered":3,"skipped":0,"pct":100},"statements":{"total":9,"covered":9,"skipped":0,"pct":100},"branches":{"total":0,"covered":0,"skipped":0,"pct":100}}
,"app/components/Philosophy.tsx": {"lines":{"total":9,"covered":9,"skipped":0,"pct":100},"functions":{"total":4,"covered":4,"skipped":0,"pct":100},"statements":{"total":10,"covered":10,"skipped":0,"pct":100},"branches":{"total":0,"covered":0,"skipped":0,"pct":100}}
,"app/components/PricingTable.tsx": {"lines":{"total":12,"covered":12,"skipped":0,"pct":100},"functions":{"total":6,"covered":6,"skipped":0,"pct":100},"statements":{"total":13,"covered":13,"skipped":0,"pct":100},"branches":{"total":10,"covered":10,"skipped":0,"pct":100}}
,"app/components/Process.tsx": {"lines":{"total":9,"covered":9,"skipped":0,"pct":100},"functions":{"total":4,"covered":4,"skipped":0,"pct":100},"statements":{"total":10,"covered":10,"skipped":0,"pct":100},"branches":{"total":0,"covered":0,"skipped":0,"pct":100}}
,"app/components/Programs.tsx": {"lines":{"total":9,"covered":9,"skipped":0,"pct":100},"functions":{"total":5,"covered":5,"skipped":0,"pct":100},"statements":{"total":10,"covered":10,"skipped":0,"pct":100},"branches":{"total":0,"covered":0,"skipped":0,"pct":100}}
,"app/components/booking/BookingCalendar.tsx": {"lines":{"total":37,"covered":37,"skipped":0,"pct":100},"functions":{"total":12,"covered":12,"skipped":0,"pct":100},"statements":{"total":38,"covered":38,"skipped":0,"pct":100},"branches":{"total":15,"covered":15,"skipped":0,"pct":100}}
,"app/components/booking/BookingConfirmation.tsx": {"lines":{"total":7,"covered":7,"skipped":0,"pct":100},"functions":{"total":3,"covered":3,"skipped":0,"pct":100},"statements":{"total":7,"covered":7,"skipped":0,"pct":100},"branches":{"total":10,"covered":8,"skipped":0,"pct":80}}
,"app/components/booking/BookingSuccess.tsx": {"lines":{"total":10,"covered":10,"skipped":0,"pct":100},"functions":{"total":3,"covered":3,"skipped":0,"pct":100},"statements":{"total":12,"covered":11,"skipped":0,"pct":91.66},"branches":{"total":8,"covered":7,"skipped":0,"pct":87.5}}
,"app/components/booking/NoSessionsModal.tsx": {"lines":{"total":4,"covered":4,"skipped":0,"pct":100},"functions":{"total":2,"covered":2,"skipped":0,"pct":100},"statements":{"total":4,"covered":4,"skipped":0,"pct":100},"branches":{"total":2,"covered":1,"skipped":0,"pct":50}}
,"app/components/booking/SessionDetailModal.tsx": {"lines":{"total":32,"covered":32,"skipped":0,"pct":100},"functions":{"total":9,"covered":9,"skipped":0,"pct":100},"statements":{"total":34,"covered":33,"skipped":0,"pct":97.05},"branches":{"total":38,"covered":35,"skipped":0,"pct":92.1}}
,"app/components/booking/TimeSlotPicker.tsx": {"lines":{"total":14,"covered":13,"skipped":0,"pct":92.85},"functions":{"total":7,"covered":7,"skipped":0,"pct":100},"statements":{"total":15,"covered":14,"skipped":0,"pct":93.33},"branches":{"total":10,"covered":9,"skipped":0,"pct":90}}
,"app/components/booking/TrainerInfoPanel.tsx": {"lines":{"total":4,"covered":4,"skipped":0,"pct":100},"functions":{"total":2,"covered":2,"skipped":0,"pct":100},"statements":{"total":4,"covered":4,"skipped":0,"pct":100},"branches":{"total":12,"covered":12,"skipped":0,"pct":100}}
,"app/components/booking/UpcomingSessionReminder.tsx": {"lines":{"total":26,"covered":26,"skipped":0,"pct":100},"functions":{"total":7,"covered":7,"skipped":0,"pct":100},"statements":{"total":29,"covered":28,"skipped":0,"pct":96.55},"branches":{"total":15,"covered":13,"skipped":0,"pct":86.66}}
,"app/components/faq/FAQAccordion.tsx": {"lines":{"total":17,"covered":17,"skipped":0,"pct":100},"functions":{"total":7,"covered":7,"skipped":0,"pct":100},"statements":{"total":18,"covered":18,"skipped":0,"pct":100},"branches":{"total":12,"covered":11,"skipped":0,"pct":91.66}}
,"app/components/layouts/Navbar.tsx": {"lines":{"total":17,"covered":17,"skipped":0,"pct":100},"functions":{"total":9,"covered":8,"skipped":0,"pct":88.88},"statements":{"total":18,"covered":18,"skipped":0,"pct":100},"branches":{"total":20,"covered":20,"skipped":0,"pct":100}}
,"app/components/layouts/Sidebar.tsx": {"lines":{"total":20,"covered":20,"skipped":0,"pct":100},"functions":{"total":9,"covered":9,"skipped":0,"pct":100},"statements":{"total":21,"covered":21,"skipped":0,"pct":100},"branches":{"total":11,"covered":11,"skipped":0,"pct":100}}
,"app/components/subscription/SubscriptionExpiryReminder.tsx": {"lines":{"total":30,"covered":30,"skipped":0,"pct":100},"functions":{"total":7,"covered":7,"skipped":0,"pct":100},"statements":{"total":32,"covered":32,"skipped":0,"pct":100},"branches":{"total":17,"covered":12,"skipped":0,"pct":70.58}}
,"app/composables/useScrollAnimations.ts": {"lines":{"total":63,"covered":60,"skipped":0,"pct":95.23},"functions":{"total":10,"covered":10,"skipped":0,"pct":100},"statements":{"total":72,"covered":68,"skipped":0,"pct":94.44},"branches":{"total":29,"covered":25,"skipped":0,"pct":86.2}}
,"lib/constants.ts": {"lines":{"total":2,"covered":2,"skipped":0,"pct":100},"functions":{"total":1,"covered":1,"skipped":0,"pct":100},"statements":{"total":2,"covered":2,"skipped":0,"pct":100},"branches":{"total":0,"covered":0,"skipped":0,"pct":100}}
,"lib/services/http.ts": {"lines":{"total":3,"covered":3,"skipped":0,"pct":100},"functions":{"total":0,"covered":0,"skipped":0,"pct":100},"statements":{"total":3,"covered":3,"skipped":0,"pct":100},"branches":{"total":2,"covered":2,"skipped":0,"pct":100}}
,"lib/stores/authStore.ts": {"lines":{"total":74,"covered":53,"skipped":0,"pct":71.62},"functions":{"total":11,"covered":10,"skipped":0,"pct":90.9},"statements":{"total":74,"covered":53,"skipped":0,"pct":71.62},"branches":{"total":35,"covered":24,"skipped":0,"pct":68.57}}
,"lib/stores/bookingStore.ts": {"lines":{"total":116,"covered":84,"skipped":0,"pct":72.41},"functions":{"total":19,"covered":15,"skipped":0,"pct":78.94},"statements":{"total":127,"covered":91,"skipped":0,"pct":71.65},"branches":{"total":81,"covered":51,"skipped":0,"pct":62.96}}
,"lib/stores/checkoutStore.ts": {"lines":{"total":85,"covered":61,"skipped":0,"pct":71.76},"functions":{"total":11,"covered":9,"skipped":0,"pct":81.81},"statements":{"total":85,"covered":61,"skipped":0,"pct":71.76},"branches":{"total":42,"covered":27,"skipped":0,"pct":64.28}}
,"lib/stores/subscriptionStore.ts": {"lines":{"total":38,"covered":29,"skipped":0,"pct":76.31},"functions":{"total":11,"covered":8,"skipped":0,"pct":72.72},"statements":{"total":38,"covered":29,"skipped":0,"pct":76.31},"branches":{"total":12,"covered":8,"skipped":0,"pct":66.66}}
,"localhost-3000/_next/static/chunks/[turbopack]_browser_dev_hmr-client_hmr-client_ts_956a0d3a._.js": {"lines":{"total":4,"covered":4,"skipped":0,"pct":100},"functions":{"total":4,"covered":4,"skipped":0,"pct":100},"statements":{"total":4,"covered":4,"skipped":0,"pct":100},"branches":{"total":4,"covered":3,"skipped":0,"pct":75}}
,"localhost-3000/_next/static/chunks/[turbopack]_browser_dev_hmr-client_hmr-client_ts_c7192189._.js": {"lines":{"total":1,"covered":1,"skipped":0,"pct":100},"functions":{"total":0,"covered":0,"skipped":0,"pct":100},"statements":{"total":1,"covered":1,"skipped":0,"pct":100},"branches":{"total":4,"covered":2,"skipped":0,"pct":50}}
,"localhost-3000/_next/static/chunks/_a0ff3932._.js": {"lines":{"total":1,"covered":1,"skipped":0,"pct":100},"functions":{"total":0,"covered":0,"skipped":0,"pct":100},"statements":{"total":1,"covered":1,"skipped":0,"pct":100},"branches":{"total":4,"covered":3,"skipped":0,"pct":75}}
,"localhost-3000/_next/static/chunks/app_(app)_book-session_page_tsx_7f6d6fc0._.js": {"lines":{"total":1,"covered":1,"skipped":0,"pct":100},"functions":{"total":0,"covered":0,"skipped":0,"pct":100},"statements":{"total":1,"covered":1,"skipped":0,"pct":100},"branches":{"total":4,"covered":2,"skipped":0,"pct":50}}
,"localhost-3000/_next/static/chunks/app_(app)_calendar_page_tsx_7f6d6fc0._.js": {"lines":{"total":1,"covered":1,"skipped":0,"pct":100},"functions":{"total":0,"covered":0,"skipped":0,"pct":100},"statements":{"total":1,"covered":1,"skipped":0,"pct":100},"branches":{"total":4,"covered":2,"skipped":0,"pct":50}}
,"localhost-3000/_next/static/chunks/app_(app)_dashboard_page_tsx_7f6d6fc0._.js": {"lines":{"total":1,"covered":1,"skipped":0,"pct":100},"functions":{"total":0,"covered":0,"skipped":0,"pct":100},"statements":{"total":1,"covered":1,"skipped":0,"pct":100},"branches":{"total":4,"covered":2,"skipped":0,"pct":50}}
,"localhost-3000/_next/static/chunks/app_(app)_layout_tsx_22648a07._.js": {"lines":{"total":1,"covered":1,"skipped":0,"pct":100},"functions":{"total":0,"covered":0,"skipped":0,"pct":100},"statements":{"total":1,"covered":1,"skipped":0,"pct":100},"branches":{"total":4,"covered":2,"skipped":0,"pct":50}}
,"localhost-3000/_next/static/chunks/app_(app)_my-programs_page_tsx_7f6d6fc0._.js": {"lines":{"total":1,"covered":1,"skipped":0,"pct":100},"functions":{"total":0,"covered":0,"skipped":0,"pct":100},"statements":{"total":1,"covered":1,"skipped":0,"pct":100},"branches":{"total":4,"covered":2,"skipped":0,"pct":50}}
,"localhost-3000/_next/static/chunks/app_(app)_my-programs_program_[subscriptionId]_page_tsx_7f6d6fc0._.js": {"lines":{"total":1,"covered":1,"skipped":0,"pct":100},"functions":{"total":0,"covered":0,"skipped":0,"pct":100},"statements":{"total":1,"covered":1,"skipped":0,"pct":100},"branches":{"total":4,"covered":2,"skipped":0,"pct":50}}
,"localhost-3000/_next/static/chunks/app_(app)_subscription_page_tsx_7f6d6fc0._.js": {"lines":{"total":1,"covered":1,"skipped":0,"pct":100},"functions":{"total":0,"covered":0,"skipped":0,"pct":100},"statements":{"total":1,"covered":1,"skipped":0,"pct":100},"branches":{"total":4,"covered":2,"skipped":0,"pct":50}}
,"localhost-3000/_next/static/chunks/app_(public)_checkout_page_tsx_9a3340b1._.js": {"lines":{"total":1,"covered":1,"skipped":0,"pct":100},"functions":{"total":0,"covered":0,"skipped":0,"pct":100},"statements":{"total":1,"covered":1,"skipped":0,"pct":100},"branches":{"total":4,"covered":2,"skipped":0,"pct":50}}
,"localhost-3000/_next/static/chunks/app_(public)_contact_page_tsx_9a3340b1._.js": {"lines":{"total":1,"covered":1,"skipped":0,"pct":100},"functions":{"total":0,"covered":0,"skipped":0,"pct":100},"statements":{"total":1,"covered":1,"skipped":0,"pct":100},"branches":{"total":4,"covered":2,"skipped":0,"pct":50}}
,"localhost-3000/_next/static/chunks/app_(public)_faq_page_tsx_9a3340b1._.js": {"lines":{"total":1,"covered":1,"skipped":0,"pct":100},"functions":{"total":0,"covered":0,"skipped":0,"pct":100},"statements":{"total":1,"covered":1,"skipped":0,"pct":100},"branches":{"total":4,"covered":2,"skipped":0,"pct":50}}
,"localhost-3000/_next/static/chunks/app_(public)_kore-brand_page_tsx_9a3340b1._.js": {"lines":{"total":1,"covered":1,"skipped":0,"pct":100},"functions":{"total":0,"covered":0,"skipped":0,"pct":100},"statements":{"total":1,"covered":1,"skipped":0,"pct":100},"branches":{"total":4,"covered":2,"skipped":0,"pct":50}}
,"localhost-3000/_next/static/chunks/app_(public)_layout_tsx_22648a07._.js": {"lines":{"total":1,"covered":1,"skipped":0,"pct":100},"functions":{"total":0,"covered":0,"skipped":0,"pct":100},"statements":{"total":1,"covered":1,"skipped":0,"pct":100},"branches":{"total":4,"covered":2,"skipped":0,"pct":50}}
,"localhost-3000/_next/static/chunks/app_(public)_login_page_tsx_9a3340b1._.js": {"lines":{"total":1,"covered":1,"skipped":0,"pct":100},"functions":{"total":0,"covered":0,"skipped":0,"pct":100},"statements":{"total":1,"covered":1,"skipped":0,"pct":100},"branches":{"total":4,"covered":2,"skipped":0,"pct":50}}
,"localhost-3000/_next/static/chunks/app_(public)_page_tsx_9a3340b1._.js": {"lines":{"total":1,"covered":1,"skipped":0,"pct":100},"functions":{"total":0,"covered":0,"skipped":0,"pct":100},"statements":{"total":1,"covered":1,"skipped":0,"pct":100},"branches":{"total":4,"covered":2,"skipped":0,"pct":50}}
,"localhost-3000/_next/static/chunks/app_(public)_programs_page_tsx_9a3340b1._.js": {"lines":{"total":1,"covered":1,"skipped":0,"pct":100},"functions":{"total":0,"covered":0,"skipped":0,"pct":100},"statements":{"total":1,"covered":1,"skipped":0,"pct":100},"branches":{"total":4,"covered":2,"skipped":0,"pct":50}}
,"localhost-3000/_next/static/chunks/app_(public)_register_page_tsx_9a3340b1._.js": {"lines":{"total":1,"covered":1,"skipped":0,"pct":100},"functions":{"total":0,"covered":0,"skipped":0,"pct":100},"statements":{"total":1,"covered":1,"skipped":0,"pct":100},"branches":{"total":4,"covered":2,"skipped":0,"pct":50}}
,"localhost-3000/_next/static/chunks/app_apple-icon_png_mjs_df2b0099._.js": {"lines":{"total":1,"covered":1,"skipped":0,"pct":100},"functions":{"total":0,"covered":0,"skipped":0,"pct":100},"statements":{"total":1,"covered":1,"skipped":0,"pct":100},"branches":{"total":4,"covered":2,"skipped":0,"pct":50}}
,"localhost-3000/_next/static/chunks/app_layout_tsx_1cf6b850._.js": {"lines":{"total":1,"covered":1,"skipped":0,"pct":100},"functions":{"total":0,"covered":0,"skipped":0,"pct":100},"statements":{"total":1,"covered":1,"skipped":0,"pct":100},"branches":{"total":4,"covered":2,"skipped":0,"pct":50}}
,"localhost-3000/book-session": {"lines":{"total":1,"covered":1,"skipped":0,"pct":100},"functions":{"total":0,"covered":0,"skipped":0,"pct":100},"statements":{"total":1,"covered":1,"skipped":0,"pct":100},"branches":{"total":0,"covered":0,"skipped":0,"pct":100}}
,"localhost-3000/book-session-reschedule=123&subscription=10": {"lines":{"total":1,"covered":1,"skipped":0,"pct":100},"functions":{"total":0,"covered":0,"skipped":0,"pct":100},"statements":{"total":1,"covered":1,"skipped":0,"pct":100},"branches":{"total":0,"covered":0,"skipped":0,"pct":100}}
,"localhost-3000/calendar": {"lines":{"total":1,"covered":1,"skipped":0,"pct":100},"functions":{"total":0,"covered":0,"skipped":0,"pct":100},"statements":{"total":1,"covered":1,"skipped":0,"pct":100},"branches":{"total":0,"covered":0,"skipped":0,"pct":100}}
,"localhost-3000/checkout": {"lines":{"total":1,"covered":1,"skipped":0,"pct":100},"functions":{"total":0,"covered":0,"skipped":0,"pct":100},"statements":{"total":1,"covered":1,"skipped":0,"pct":100},"branches":{"total":0,"covered":0,"skipped":0,"pct":100}}
,"localhost-3000/checkout-package=1": {"lines":{"total":1,"covered":1,"skipped":0,"pct":100},"functions":{"total":0,"covered":0,"skipped":0,"pct":100},"statements":{"total":1,"covered":1,"skipped":0,"pct":100},"branches":{"total":0,"covered":0,"skipped":0,"pct":100}}
,"localhost-3000/checkout-package=5": {"lines":{"total":1,"covered":1,"skipped":0,"pct":100},"functions":{"total":0,"covered":0,"skipped":0,"pct":100},"statements":{"total":1,"covered":1,"skipped":0,"pct":100},"branches":{"total":0,"covered":0,"skipped":0,"pct":100}}
,"localhost-3000/checkout-package=6": {"lines":{"total":1,"covered":1,"skipped":0,"pct":100},"functions":{"total":0,"covered":0,"skipped":0,"pct":100},"statements":{"total":1,"covered":1,"skipped":0,"pct":100},"branches":{"total":0,"covered":0,"skipped":0,"pct":100}}
,"localhost-3000/contact": {"lines":{"total":1,"covered":1,"skipped":0,"pct":100},"functions":{"total":0,"covered":0,"skipped":0,"pct":100},"statements":{"total":1,"covered":1,"skipped":0,"pct":100},"branches":{"total":0,"covered":0,"skipped":0,"pct":100}}
,"localhost-3000/dashboard": {"lines":{"total":1,"covered":1,"skipped":0,"pct":100},"functions":{"total":0,"covered":0,"skipped":0,"pct":100},"statements":{"total":1,"covered":1,"skipped":0,"pct":100},"branches":{"total":0,"covered":0,"skipped":0,"pct":100}}
,"localhost-3000/faq": {"lines":{"total":1,"covered":1,"skipped":0,"pct":100},"functions":{"total":0,"covered":0,"skipped":0,"pct":100},"statements":{"total":1,"covered":1,"skipped":0,"pct":100},"branches":{"total":0,"covered":0,"skipped":0,"pct":100}}
,"localhost-3000/kore-brand": {"lines":{"total":1,"covered":1,"skipped":0,"pct":100},"functions":{"total":0,"covered":0,"skipped":0,"pct":100},"statements":{"total":1,"covered":1,"skipped":0,"pct":100},"branches":{"total":0,"covered":0,"skipped":0,"pct":100}}
,"localhost-3000/login": {"lines":{"total":1,"covered":1,"skipped":0,"pct":100},"functions":{"total":0,"covered":0,"skipped":0,"pct":100},"statements":{"total":1,"covered":1,"skipped":0,"pct":100},"branches":{"total":0,"covered":0,"skipped":0,"pct":100}}
,"localhost-3000/my-programs": {"lines":{"total":1,"covered":1,"skipped":0,"pct":100},"functions":{"total":0,"covered":0,"skipped":0,"pct":100},"statements":{"total":1,"covered":1,"skipped":0,"pct":100},"branches":{"total":0,"covered":0,"skipped":0,"pct":100}}
,"localhost-3000/my-programs/program/11": {"lines":{"total":1,"covered":1,"skipped":0,"pct":100},"functions":{"total":0,"covered":0,"skipped":0,"pct":100},"statements":{"total":1,"covered":1,"skipped":0,"pct":100},"branches":{"total":0,"covered":0,"skipped":0,"pct":100}}
,"localhost-3000/my-programs/program/42": {"lines":{"total":1,"covered":1,"skipped":0,"pct":100},"functions":{"total":0,"covered":0,"skipped":0,"pct":100},"statements":{"total":1,"covered":1,"skipped":0,"pct":100},"branches":{"total":0,"covered":0,"skipped":0,"pct":100}}
,"localhost-3000/programs": {"lines":{"total":1,"covered":1,"skipped":0,"pct":100},"functions":{"total":0,"covered":0,"skipped":0,"pct":100},"statements":{"total":1,"covered":1,"skipped":0,"pct":100},"branches":{"total":0,"covered":0,"skipped":0,"pct":100}}
,"localhost-3000/register": {"lines":{"total":1,"covered":1,"skipped":0,"pct":100},"functions":{"total":0,"covered":0,"skipped":0,"pct":100},"statements":{"total":1,"covered":1,"skipped":0,"pct":100},"branches":{"total":0,"covered":0,"skipped":0,"pct":100}}
,"localhost-3000/register-package=6": {"lines":{"total":1,"covered":1,"skipped":0,"pct":100},"functions":{"total":0,"covered":0,"skipped":0,"pct":100},"statements":{"total":1,"covered":1,"skipped":0,"pct":100},"branches":{"total":0,"covered":0,"skipped":0,"pct":100}}
,"localhost-3000/subscription": {"lines":{"total":1,"covered":1,"skipped":0,"pct":100},"functions":{"total":0,"covered":0,"skipped":0,"pct":100},"statements":{"total":1,"covered":1,"skipped":0,"pct":100},"branches":{"total":0,"covered":0,"skipped":0,"pct":100}}
,"localhost-3000": {"lines":{"total":1,"covered":1,"skipped":0,"pct":100},"functions":{"total":0,"covered":0,"skipped":0,"pct":100},"statements":{"total":1,"covered":1,"skipped":0,"pct":100},"branches":{"total":0,"covered":0,"skipped":0,"pct":100}}
}
