TN:
SF:app/(app)/book-session/page.tsx
FN:16,BookSessionPage
FN:49,(anonymous_1)
FN:54,(anonymous_2)
FN:63,(anonymous_3)
FN:70,(anonymous_4)
FN:70,(anonymous_5)
FN:75,(anonymous_6)
FN:78,(anonymous_7)
FN:82,(anonymous_8)
FN:88,(anonymous_9)
FN:95,(anonymous_10)
FN:98,(anonymous_11)
FN:108,(anonymous_12)
FN:117,(anonymous_13)
FN:117,(anonymous_14)
FN:125,(anonymous_15)
FN:132,(anonymous_16)
FN:133,(anonymous_17)
FN:140,(anonymous_18)
FN:142,(anonymous_19)
FN:145,(anonymous_20)
FN:148,(anonymous_21)
FN:150,(anonymous_22)
FN:157,(anonymous_23)
FN:161,(anonymous_24)
FN:166,(anonymous_25)
FN:175,(anonymous_26)
FN:181,(anonymous_27)
FN:186,(anonymous_28)
FN:188,(anonymous_29)
FN:199,(anonymous_30)
FN:201,(anonymous_31)
FN:215,(anonymous_32)
FN:230,(anonymous_33)
FN:270,(anonymous_34)
FN:274,(anonymous_35)
FN:302,(anonymous_36)
FN:358,(anonymous_37)
FN:384,(anonymous_38)
FN:417,(anonymous_39)
FN:16,(anonymous_40)
FNF:41
FNH:38
FNDA:659,BookSessionPage
FNDA:82,(anonymous_1)
FNDA:82,(anonymous_2)
FNDA:43,(anonymous_3)
FNDA:132,(anonymous_4)
FNDA:46,(anonymous_5)
FNDA:132,(anonymous_6)
FNDA:6,(anonymous_7)
FNDA:40,(anonymous_8)
FNDA:60,(anonymous_9)
FNDA:85,(anonymous_10)
FNDA:21,(anonymous_11)
FNDA:43,(anonymous_12)
FNDA:170,(anonymous_13)
FNDA:82,(anonymous_14)
FNDA:60,(anonymous_15)
FNDA:120,(anonymous_16)
FNDA:4,(anonymous_17)
FNDA:120,(anonymous_18)
FNDA:4,(anonymous_19)
FNDA:120,(anonymous_20)
FNDA:0,(anonymous_21)
FNDA:4,(anonymous_22)
FNDA:120,(anonymous_23)
FNDA:0,(anonymous_24)
FNDA:82,(anonymous_25)
FNDA:82,(anonymous_26)
FNDA:66,(anonymous_27)
FNDA:196,(anonymous_28)
FNDA:86,(anonymous_29)
FNDA:228,(anonymous_30)
FNDA:44,(anonymous_31)
FNDA:11,(anonymous_32)
FNDA:1,(anonymous_33)
FNDA:0,(anonymous_34)
FNDA:208,(anonymous_35)
FNDA:568,(anonymous_36)
FNDA:16,(anonymous_37)
FNDA:12,(anonymous_38)
FNDA:1,(anonymous_39)
FNDA:41,(anonymous_40)
DA:1,47
DA:3,47
DA:4,47
DA:5,47
DA:6,47
DA:7,47
DA:8,47
DA:9,47
DA:10,47
DA:11,47
DA:12,47
DA:13,47
DA:14,47
DA:16,659
DA:17,659
DA:18,659
DA:19,659
DA:20,659
DA:21,659
DA:23,659
DA:47,659
DA:48,659
DA:49,659
DA:50,82
DA:51,6
DA:52,82
DA:54,659
DA:55,82
DA:56,6
DA:57,82
DA:59,659
DA:60,659
DA:63,659
DA:64,43
DA:65,43
DA:69,659
DA:75,659
DA:76,132
DA:77,8
DA:78,8
DA:80,0
DA:82,124
DA:86,659
DA:88,659
DA:89,60
DA:90,0
DA:95,659
DA:96,85
DA:97,85
DA:99,85
DA:100,18
DA:108,659
DA:109,43
DA:110,0
DA:116,659
DA:122,659
DA:125,659
DA:126,60
DA:127,20
DA:131,659
DA:140,659
DA:141,120
DA:142,120
DA:145,659
DA:146,120
DA:147,4
DA:150,4
DA:151,120
DA:157,659
DA:158,120
DA:159,114
DA:160,0
DA:166,659
DA:167,82
DA:168,4
DA:170,78
DA:171,0
DA:175,659
DA:176,82
DA:177,82
DA:181,659
DA:182,66
DA:186,659
DA:187,196
DA:188,196
DA:190,86
DA:191,86
DA:192,86
DA:193,86
DA:195,196
DA:199,659
DA:200,228
DA:201,32
DA:203,44
DA:204,44
DA:205,44
DA:209,659
DA:215,659
DA:216,11
DA:217,11
DA:218,0
DA:219,0
DA:221,11
DA:222,11
DA:230,659
DA:231,1
DA:232,1
DA:233,1
DA:234,0
DA:238,659
DA:239,360
DA:246,659
DA:359,16
DA:360,16
DA:385,12
DA:386,12
DA:387,12
LF:117
LH:109
BRDA:50,0,0,76
BRDA:50,0,1,6
BRDA:52,1,0,6
BRDA:52,1,1,0
BRDA:55,2,0,76
BRDA:55,2,1,6
BRDA:57,3,0,6
BRDA:57,3,1,0
BRDA:60,4,0,20
BRDA:60,4,1,636
BRDA:76,5,0,8
BRDA:76,5,1,124
BRDA:77,6,0,8
BRDA:77,6,1,0
BRDA:89,7,0,0
BRDA:89,7,1,60
BRDA:89,8,0,60
BRDA:89,8,1,3
BRDA:89,8,2,3
BRDA:96,9,0,46
BRDA:96,9,1,39
BRDA:97,10,0,39
BRDA:97,10,1,21
BRDA:99,11,0,18
BRDA:99,11,1,67
BRDA:109,12,0,0
BRDA:109,12,1,43
BRDA:109,13,0,43
BRDA:109,13,1,43
BRDA:117,14,0,170
BRDA:117,14,1,124
BRDA:117,14,2,88
BRDA:122,15,0,659
BRDA:122,15,1,636
BRDA:122,15,2,318
BRDA:126,16,0,20
BRDA:126,16,1,40
BRDA:134,17,0,4
BRDA:134,17,1,4
BRDA:134,17,2,4
BRDA:141,18,0,114
BRDA:141,18,1,6
BRDA:141,19,0,120
BRDA:141,19,1,6
BRDA:142,20,0,6
BRDA:142,20,1,2
BRDA:146,21,0,116
BRDA:146,21,1,4
BRDA:152,22,0,0
BRDA:152,22,1,4
BRDA:153,23,0,0
BRDA:153,23,1,4
BRDA:153,24,0,120
BRDA:153,24,1,4
BRDA:158,25,0,6
BRDA:158,25,1,114
BRDA:159,26,0,114
BRDA:159,26,1,0
BRDA:167,27,0,4
BRDA:167,27,1,78
BRDA:167,28,0,82
BRDA:167,28,1,6
BRDA:168,29,0,0
BRDA:168,29,1,4
BRDA:170,30,0,78
BRDA:170,30,1,0
BRDA:176,31,0,78
BRDA:176,31,1,4
BRDA:176,32,0,82
BRDA:176,32,1,6
BRDA:177,33,0,0
BRDA:177,33,1,4
BRDA:190,34,0,0
BRDA:190,34,1,86
BRDA:190,35,0,86
BRDA:190,35,1,0
BRDA:191,36,0,0
BRDA:191,36,1,86
BRDA:191,37,0,86
BRDA:191,37,1,0
BRDA:200,38,0,196
BRDA:200,38,1,32
BRDA:203,39,0,0
BRDA:203,39,1,44
BRDA:203,40,0,44
BRDA:203,40,1,0
BRDA:204,41,0,0
BRDA:204,41,1,44
BRDA:204,42,0,44
BRDA:204,42,1,0
BRDA:210,43,0,659
BRDA:210,43,1,20
BRDA:210,43,2,6
BRDA:210,43,3,4
BRDA:216,44,0,0
BRDA:216,44,1,11
BRDA:217,45,0,0
BRDA:217,45,1,11
BRDA:217,46,0,11
BRDA:217,46,1,0
BRDA:221,47,0,0
BRDA:221,47,1,11
BRDA:233,48,0,0
BRDA:233,48,1,1
BRDA:238,49,0,360
BRDA:238,49,1,299
BRDA:249,50,0,294
BRDA:249,50,1,4
BRDA:261,51,0,659
BRDA:261,51,1,208
BRDA:269,52,0,208
BRDA:269,52,1,0
BRDA:282,53,0,208
BRDA:282,53,1,204
BRDA:289,54,0,0
BRDA:289,54,1,204
BRDA:300,55,0,659
BRDA:300,55,1,284
BRDA:306,56,0,346
BRDA:306,56,1,222
BRDA:314,57,0,284
BRDA:314,57,1,284
BRDA:316,58,0,568
BRDA:316,58,1,284
BRDA:325,59,0,659
BRDA:325,59,1,68
BRDA:325,59,2,228
BRDA:326,60,0,4
BRDA:326,60,1,224
BRDA:327,61,0,228
BRDA:327,61,1,4
BRDA:359,62,0,16
BRDA:359,62,1,0
BRDA:371,63,0,40
BRDA:371,63,1,188
BRDA:379,64,0,40
BRDA:379,64,1,188
BRDA:385,65,0,12
BRDA:385,65,1,0
BRDA:391,66,0,40
BRDA:391,66,1,0
BRDA:408,67,0,659
BRDA:408,67,1,62
BRDA:408,67,2,62
BRDA:425,68,0,659
BRDA:425,68,1,6
BRDA:425,68,2,6
BRF:147
BRH:118
end_of_record
TN:
SF:app/(app)/calendar/page.tsx
FN:6,CalendarPage
FN:9,(anonymous_1)
FN:6,(anonymous_2)
FNF:3
FNH:3
FNDA:4,CalendarPage
FNDA:2,(anonymous_1)
FNDA:2,(anonymous_2)
DA:1,2
DA:3,2
DA:4,2
DA:6,4
DA:7,4
DA:9,4
DA:10,2
DA:13,4
LF:8
LH:8
BRF:0
BRH:0
end_of_record
TN:
SF:app/(app)/dashboard/page.tsx
FN:13,DashboardPage
FN:20,(anonymous_1)
FN:107,(anonymous_2)
FN:125,(anonymous_3)
FN:13,(anonymous_4)
FNF:5
FNH:5
FNDA:1430,DashboardPage
FNDA:192,(anonymous_1)
FNDA:4952,(anonymous_2)
FNDA:48,(anonymous_3)
FNDA:111,(anonymous_4)
DA:1,114
DA:3,114
DA:4,114
DA:5,114
DA:6,114
DA:7,114
DA:8,114
DA:9,114
DA:10,114
DA:11,114
DA:13,1430
DA:14,1430
DA:15,1430
DA:16,1430
DA:17,1430
DA:18,1430
DA:20,1430
DA:21,192
DA:22,192
DA:23,192
DA:26,1430
DA:27,192
DA:34,1430
DA:35,1430
DA:36,1430
DA:37,1430
DA:40,1430
DA:43,1430
DA:47,1430
DA:126,48
DA:127,48
DA:129,48
DA:130,48
LF:33
LH:33
BRDA:26,0,0,192
BRDA:26,0,1,1238
BRDA:34,1,0,1302
BRDA:34,1,1,1186
BRDA:35,2,0,1430
BRDA:35,2,1,1186
BRDA:36,3,0,1430
BRDA:36,3,1,1186
BRDA:37,4,0,64
BRDA:37,4,1,1174
BRDA:40,5,0,64
BRDA:40,5,1,1174
BRDA:43,6,0,52
BRDA:43,6,1,1186
BRDA:81,7,0,52
BRDA:81,7,1,1186
BRDA:124,8,0,44
BRDA:124,8,1,1194
BRDA:127,9,0,42
BRDA:127,9,1,6
BRDA:128,10,0,2
BRDA:128,10,1,4
BRDA:129,11,0,48
BRDA:129,11,1,2
BRDA:140,12,0,2
BRDA:140,12,1,46
BRF:26
BRH:26
end_of_record
TN:
SF:app/(app)/layout.tsx
FN:8,AppLayout
FN:16,(anonymous_1)
FN:20,(anonymous_2)
FN:8,(anonymous_3)
FNF:4
FNH:4
FNDA:773,AppLayout
FNDA:268,(anonymous_1)
FNDA:358,(anonymous_2)
FNDA:195,(anonymous_3)
DA:1,200
DA:3,200
DA:4,200
DA:5,200
DA:6,200
DA:8,773
DA:9,195
DA:13,773
DA:14,773
DA:16,773
DA:17,268
DA:20,773
DA:21,358
DA:22,11
DA:26,773
LF:15
LH:15
BRDA:21,0,0,11
BRDA:21,0,1,347
BRDA:21,1,0,358
BRDA:21,1,1,262
BRF:4
BRH:4
end_of_record
TN:
SF:app/(app)/my-programs/page.tsx
FN:16,SubscriptionCard
FN:65,MySessionsPage
FN:72,(anonymous_2)
FN:104,(anonymous_3)
FN:65,(anonymous_4)
FNF:5
FNH:5
FNDA:8,SubscriptionCard
FNDA:86,MySessionsPage
FNDA:14,(anonymous_2)
FNDA:8,(anonymous_3)
FNDA:12,(anonymous_4)
DA:1,13
DA:3,13
DA:4,13
DA:5,13
DA:6,13
DA:7,13
DA:10,13
DA:16,8
DA:17,8
DA:18,8
DA:20,8
DA:65,86
DA:66,86
DA:67,86
DA:68,86
DA:70,86
DA:72,86
DA:73,14
DA:76,86
DA:77,60
DA:84,86
LF:21
LH:21
BRDA:17,0,0,8
BRDA:17,0,1,2
BRDA:58,1,0,8
BRDA:58,1,1,0
BRDA:76,2,0,60
BRDA:76,2,1,26
BRDA:95,3,0,26
BRDA:95,3,1,4
BRDA:102,4,0,86
BRDA:102,4,1,22
BRDA:102,4,2,8
BRDA:111,5,0,86
BRDA:111,5,1,22
BRDA:111,5,2,14
BRF:14
BRH:13
end_of_record
TN:
SF:app/(app)/my-programs/program/[subscriptionId]/page.tsx
FN:24,BookingRow
FN:59,ProgramDetailPage
FN:79,(anonymous_2)
FN:86,(anonymous_3)
FN:90,(anonymous_4)
FN:97,(anonymous_5)
FN:97,(anonymous_6)
FN:102,(anonymous_7)
FN:103,(anonymous_8)
FN:194,(anonymous_9)
FN:197,(anonymous_10)
FN:236,(anonymous_11)
FN:237,(anonymous_12)
FN:246,(anonymous_13)
FN:246,(anonymous_14)
FN:256,(anonymous_15)
FN:256,(anonymous_16)
FN:270,(anonymous_17)
FN:59,(anonymous_18)
FNF:19
FNH:15
FNDA:68,BookingRow
FNDA:216,ProgramDetailPage
FNDA:1,(anonymous_2)
FNDA:17,(anonymous_3)
FNDA:17,(anonymous_4)
FNDA:70,(anonymous_5)
FNDA:34,(anonymous_6)
FNDA:78,(anonymous_7)
FNDA:44,(anonymous_8)
FNDA:164,(anonymous_9)
FNDA:3,(anonymous_10)
FNDA:68,(anonymous_11)
FNDA:12,(anonymous_12)
FNDA:0,(anonymous_13)
FNDA:0,(anonymous_14)
FNDA:0,(anonymous_15)
FNDA:0,(anonymous_16)
FNDA:1,(anonymous_17)
FNDA:18,(anonymous_18)
DA:1,19
DA:3,19
DA:4,19
DA:5,19
DA:6,19
DA:7,19
DA:8,19
DA:9,19
DA:12,19
DA:18,19
DA:24,68
DA:25,68
DA:26,68
DA:28,68
DA:59,216
DA:60,216
DA:61,216
DA:62,216
DA:63,216
DA:64,216
DA:66,216
DA:75,216
DA:76,216
DA:77,216
DA:79,216
DA:80,1
DA:81,1
DA:82,1
DA:86,216
DA:87,17
DA:90,216
DA:91,17
DA:92,17
DA:96,216
DA:101,216
DA:102,216
DA:103,78
DA:104,44
DA:105,44
DA:106,44
DA:110,216
DA:112,216
DA:113,134
DA:120,216
DA:122,216
LF:45
LH:45
BRDA:25,0,0,68
BRDA:25,0,1,0
BRDA:47,1,0,68
BRDA:47,1,1,66
BRDA:81,2,0,1
BRDA:81,2,1,0
BRDA:91,3,0,17
BRDA:91,3,1,0
BRDA:97,4,0,70
BRDA:97,4,1,36
BRDA:105,5,0,38
BRDA:105,5,1,6
BRDA:105,6,0,38
BRDA:105,6,1,36
BRDA:106,7,0,6
BRDA:106,7,1,4
BRDA:112,8,0,134
BRDA:112,8,1,82
BRDA:120,9,0,80
BRDA:120,9,1,0
BRDA:120,9,2,2
BRDA:135,10,0,216
BRDA:135,10,1,2
BRDA:140,11,0,216
BRDA:140,11,1,80
BRDA:148,12,0,80
BRDA:148,12,1,80
BRDA:182,13,0,80
BRDA:182,13,1,0
BRDA:199,14,0,82
BRDA:199,14,1,82
BRDA:204,15,0,82
BRDA:204,15,1,82
BRDA:212,16,0,216
BRDA:212,16,1,6
BRDA:218,17,0,216
BRDA:218,17,1,76
BRDA:218,17,2,8
BRDA:221,18,0,8
BRDA:221,18,1,0
BRDA:225,19,0,8
BRDA:225,19,1,8
BRDA:236,20,0,216
BRDA:236,20,1,76
BRDA:242,21,0,216
BRDA:242,21,1,2
BRDA:266,22,0,216
BRDA:266,22,1,32
BRF:48
BRH:42
end_of_record
TN:
SF:app/(app)/subscription/page.tsx
FN:10,SubscriptionPage
FN:30,(anonymous_1)
FN:35,(anonymous_2)
FN:35,(anonymous_3)
FN:39,(anonymous_4)
FN:39,(anonymous_5)
FN:42,(anonymous_6)
FN:46,(anonymous_7)
FN:49,(anonymous_8)
FN:55,(anonymous_9)
FN:64,(anonymous_10)
FN:71,(anonymous_11)
FN:80,(anonymous_12)
FN:103,(anonymous_13)
FN:109,(anonymous_14)
FN:198,(anonymous_15)
FN:207,(anonymous_16)
FN:216,(anonymous_17)
FN:316,(anonymous_18)
FN:348,(anonymous_19)
FN:366,(anonymous_20)
FN:376,(anonymous_21)
FN:10,(anonymous_22)
FNF:23
FNH:18
FNDA:158,SubscriptionPage
FNDA:12,(anonymous_1)
FNDA:46,(anonymous_2)
FNDA:20,(anonymous_3)
FNDA:46,(anonymous_4)
FNDA:20,(anonymous_5)
FNDA:66,(anonymous_6)
FNDA:20,(anonymous_7)
FNDA:33,(anonymous_8)
FNDA:10,(anonymous_9)
FNDA:22,(anonymous_10)
FNDA:46,(anonymous_11)
FNDA:154,(anonymous_12)
FNDA:40,(anonymous_13)
FNDA:0,(anonymous_14)
FNDA:0,(anonymous_15)
FNDA:36,(anonymous_16)
FNDA:4,(anonymous_17)
FNDA:6,(anonymous_18)
FNDA:0,(anonymous_19)
FNDA:0,(anonymous_20)
FNDA:0,(anonymous_21)
FNDA:12,(anonymous_22)
DA:1,13
DA:3,13
DA:4,13
DA:5,13
DA:6,13
DA:7,13
DA:8,13
DA:10,158
DA:11,158
DA:12,158
DA:26,158
DA:27,158
DA:28,158
DA:30,158
DA:31,12
DA:34,158
DA:38,158
DA:42,158
DA:43,66
DA:44,46
DA:46,66
DA:49,158
DA:50,33
DA:51,13
DA:52,13
DA:54,33
DA:57,33
DA:58,10
DA:60,33
DA:61,33
DA:64,158
DA:65,22
DA:66,10
DA:67,10
DA:71,158
DA:72,46
DA:80,158
DA:81,154
DA:88,158
DA:94,158
DA:100,158
DA:101,158
DA:103,158
DA:104,40
DA:105,40
DA:137,158
DA:138,114
DA:145,158
DA:199,0
DA:200,0
DA:367,0
DA:368,0
LF:52
LH:48
BRDA:39,0,0,20
BRDA:39,0,1,18
BRDA:43,1,0,46
BRDA:43,1,1,20
BRDA:46,2,0,20
BRDA:46,2,1,0
BRDA:50,3,0,13
BRDA:50,3,1,20
BRDA:54,4,0,10
BRDA:54,4,1,10
BRDA:57,5,0,10
BRDA:57,5,1,23
BRDA:60,6,0,10
BRDA:60,6,1,1
BRDA:61,7,0,33
BRDA:61,7,1,0
BRDA:65,8,0,10
BRDA:65,8,1,12
BRDA:101,9,0,158
BRDA:101,9,1,78
BRDA:101,9,2,60
BRDA:111,10,0,40
BRDA:111,10,1,0
BRDA:125,11,0,40
BRDA:125,11,1,0
BRDA:126,12,0,40
BRDA:126,12,1,0
BRDA:137,13,0,114
BRDA:137,13,1,44
BRDA:157,14,0,44
BRDA:157,14,1,6
BRDA:163,15,0,0
BRDA:163,15,1,44
BRDA:167,16,0,4
BRDA:167,16,1,40
BRDA:197,17,0,40
BRDA:197,17,1,0
BRDA:199,18,0,0
BRDA:199,18,1,0
BRDA:205,19,0,40
BRDA:205,19,1,36
BRDA:214,20,0,40
BRDA:214,20,1,4
BRDA:218,21,0,4
BRDA:218,21,1,0
BRDA:232,22,0,4
BRDA:232,22,1,36
BRDA:246,23,0,36
BRDA:246,23,1,4
BRDA:257,24,0,40
BRDA:257,24,1,40
BRDA:265,25,0,40
BRDA:265,25,1,0
BRDA:266,26,0,40
BRDA:266,26,1,0
BRDA:300,27,0,40
BRDA:300,27,1,28
BRDA:312,28,0,38
BRDA:312,28,1,2
BRDA:325,29,0,2
BRDA:325,29,1,4
BRDA:326,30,0,2
BRDA:326,30,1,2
BRDA:329,31,0,2
BRDA:329,31,1,4
BRDA:329,32,0,2
BRDA:329,32,1,2
BRDA:343,33,0,40
BRDA:343,33,1,36
BRDA:345,34,0,36
BRDA:345,34,1,0
BRDA:373,35,0,0
BRDA:373,35,1,0
BRDA:386,36,0,40
BRDA:386,36,1,4
BRF:75
BRH:60
end_of_record
TN:
SF:app/(public)/checkout/page.tsx
FN:14,CheckoutPage
FN:33,CheckoutContent
FN:58,(anonymous_2)
FN:67,(anonymous_3)
FN:71,(anonymous_4)
FN:96,(anonymous_5)
FN:112,(anonymous_6)
FN:121,(anonymous_7)
FN:133,(anonymous_8)
FN:140,(anonymous_9)
FN:144,(anonymous_10)
FN:155,(anonymous_11)
FN:159,(anonymous_12)
FN:165,(anonymous_13)
FN:172,(anonymous_14)
FN:178,(anonymous_15)
FN:179,(anonymous_16)
FN:185,(anonymous_17)
FN:199,(anonymous_18)
FN:217,(anonymous_19)
FN:241,(anonymous_20)
FN:419,(anonymous_21)
FN:33,(anonymous_22)
FNF:23
FNH:15
FNDA:46,CheckoutPage
FNDA:288,CheckoutContent
FNDA:58,(anonymous_2)
FNDA:25,(anonymous_3)
FNDA:45,(anonymous_4)
FNDA:45,(anonymous_5)
FNDA:39,(anonymous_6)
FNDA:38,(anonymous_7)
FNDA:0,(anonymous_8)
FNDA:0,(anonymous_9)
FNDA:0,(anonymous_10)
FNDA:0,(anonymous_11)
FNDA:12,(anonymous_12)
FNDA:0,(anonymous_13)
FNDA:0,(anonymous_14)
FNDA:25,(anonymous_15)
FNDA:6,(anonymous_16)
FNDA:8,(anonymous_17)
FNDA:0,(anonymous_18)
FNDA:5,(anonymous_19)
FNDA:170,(anonymous_20)
FNDA:0,(anonymous_21)
FNDA:23,(anonymous_22)
DA:1,23
DA:3,23
DA:4,23
DA:5,23
DA:6,23
DA:7,23
DA:8,23
DA:9,23
DA:11,23
DA:12,23
DA:14,46
DA:15,46
DA:33,288
DA:34,288
DA:35,288
DA:36,288
DA:37,288
DA:39,288
DA:40,288
DA:54,288
DA:55,288
DA:56,288
DA:57,288
DA:58,288
DA:59,58
DA:60,58
DA:61,58
DA:62,58
DA:65,288
DA:67,288
DA:68,25
DA:71,288
DA:72,45
DA:73,19
DA:76,30
DA:77,20
DA:78,20
DA:81,11
DA:85,6
DA:86,6
DA:87,45
DA:88,3
DA:89,3
DA:92,45
DA:93,45
DA:96,288
DA:97,45
DA:101,45
DA:102,45
DA:104,45
DA:105,8
DA:106,8
DA:110,288
DA:112,288
DA:113,39
DA:114,21
DA:115,21
DA:116,21
DA:121,288
DA:122,38
DA:125,38
DA:126,0
DA:127,0
DA:130,13
DA:131,26
DA:133,0
DA:134,0
DA:135,0
DA:136,0
DA:137,0
DA:140,0
DA:141,0
DA:142,0
DA:144,0
DA:145,0
DA:146,0
DA:150,13
DA:151,13
DA:152,13
DA:153,13
DA:155,13
DA:156,0
DA:159,13
DA:160,12
DA:161,12
DA:162,12
DA:165,13
DA:166,0
DA:167,0
DA:170,13
DA:172,13
DA:173,0
DA:178,288
DA:179,25
DA:180,6
DA:181,6
DA:185,288
DA:186,8
DA:187,8
DA:189,8
DA:193,8
DA:194,3
DA:195,3
DA:198,5
DA:199,5
DA:200,0
DA:201,0
DA:205,0
DA:209,5
DA:217,5
DA:218,5
DA:219,5
DA:220,5
DA:221,5
DA:222,4
DA:223,4
DA:225,1
DA:230,5
DA:241,288
DA:242,170
DA:250,288
DA:252,288
DA:253,54
DA:260,282
DA:262,288
DA:263,8
DA:324,288
LF:127
LH:107
BRDA:62,0,0,6
BRDA:62,0,1,52
BRDA:62,1,0,58
BRDA:62,1,1,6
BRDA:62,1,2,6
BRDA:72,2,0,19
BRDA:72,2,1,26
BRDA:76,3,0,20
BRDA:76,3,1,10
BRDA:87,4,0,3
BRDA:87,4,1,42
BRDA:87,5,0,9
BRDA:87,5,1,3
BRDA:87,5,2,3
BRDA:92,6,0,3
BRDA:92,6,1,0
BRDA:104,7,0,8
BRDA:104,7,1,37
BRDA:104,8,0,45
BRDA:104,8,1,23
BRDA:104,8,2,20
BRDA:104,8,3,18
BRDA:110,9,0,288
BRDA:110,9,1,86
BRDA:113,10,0,21
BRDA:113,10,1,18
BRDA:113,11,0,39
BRDA:113,11,1,37
BRDA:122,12,0,25
BRDA:122,12,1,13
BRDA:125,13,0,0
BRDA:125,13,1,38
BRDA:131,14,0,0
BRDA:131,14,1,26
BRDA:134,15,0,0
BRDA:134,15,1,0
BRDA:142,16,0,0
BRDA:142,16,1,0
BRDA:181,17,0,0
BRDA:181,17,1,6
BRDA:186,18,0,0
BRDA:186,18,1,8
BRDA:186,19,0,8
BRDA:186,19,1,8
BRDA:186,19,2,8
BRDA:191,20,0,7
BRDA:191,20,1,1
BRDA:191,20,2,0
BRDA:193,21,0,3
BRDA:193,21,1,5
BRDA:200,22,0,0
BRDA:200,22,1,0
BRDA:221,23,0,4
BRDA:221,23,1,1
BRDA:250,24,0,288
BRDA:250,24,1,272
BRDA:250,24,2,264
BRDA:252,25,0,54
BRDA:252,25,1,234
BRDA:260,26,0,6
BRDA:260,26,1,276
BRDA:262,27,0,8
BRDA:262,27,1,280
BRDA:262,28,0,228
BRDA:262,28,1,8
BRDA:290,29,0,8
BRDA:290,29,1,8
BRDA:352,30,0,44
BRDA:352,30,1,176
BRDA:359,31,0,50
BRDA:359,31,1,126
BRDA:362,32,0,50
BRDA:362,32,1,38
BRDA:403,33,0,126
BRDA:403,33,1,26
BRDA:411,34,0,0
BRDA:411,34,1,126
BRDA:429,35,0,126
BRDA:429,35,1,70
BRDA:432,36,0,34
BRDA:432,36,1,92
BRDA:438,37,0,8
BRDA:438,37,1,26
BRDA:440,38,0,56
BRDA:440,38,1,36
BRF:85
BRH:72
end_of_record
TN:
SF:app/(public)/contact/page.tsx
FN:27,ContactPage
FN:38,(anonymous_1)
FN:39,(anonymous_2)
FN:51,(anonymous_3)
FN:55,(anonymous_4)
FN:58,(anonymous_5)
FN:185,(anonymous_6)
FNF:7
FNH:7
FNDA:70,ContactPage
FNDA:7,(anonymous_1)
FNDA:7,(anonymous_2)
FNDA:14,(anonymous_3)
FNDA:28,(anonymous_4)
FNDA:2,(anonymous_5)
FNDA:1,(anonymous_6)
DA:1,13
DA:3,13
DA:4,13
DA:5,13
DA:27,70
DA:28,70
DA:29,70
DA:35,70
DA:36,70
DA:38,70
DA:39,7
DA:40,7
DA:41,7
DA:42,7
DA:44,0
DA:48,7
DA:51,70
DA:54,14
DA:55,14
DA:58,70
DA:59,2
DA:60,2
DA:61,2
DA:63,2
DA:64,2
DA:65,1
DA:66,1
DA:68,1
DA:69,1
DA:70,1
DA:74,70
LF:31
LH:30
BRDA:107,0,0,70
BRDA:107,0,1,28
BRDA:109,1,0,70
BRDA:109,1,1,42
BRDA:123,2,0,70
BRDA:123,2,1,28
BRDA:129,3,0,70
BRDA:129,3,1,42
BRDA:147,4,0,70
BRDA:147,4,1,42
BRDA:171,5,0,2
BRDA:171,5,1,68
BRDA:256,6,0,68
BRDA:256,6,1,2
BRDA:256,6,2,2
BRDA:265,7,0,4
BRDA:265,7,1,64
BRF:17
BRH:17
end_of_record
TN:
SF:app/(public)/faq/page.tsx
FN:3,(anonymous_0)
FN:27,FAQPage
FN:32,(anonymous_2)
FN:33,(anonymous_3)
FN:80,(anonymous_4)
FNF:5
FNH:4
FNDA:11,(anonymous_0)
FNDA:26,FAQPage
FNDA:6,(anonymous_2)
FNDA:6,(anonymous_3)
FNDA:0,(anonymous_4)
DA:1,11
DA:3,11
DA:4,11
DA:5,11
DA:27,26
DA:28,26
DA:29,26
DA:30,26
DA:32,26
DA:33,6
DA:34,6
DA:35,6
DA:36,4
DA:38,2
DA:39,2
DA:41,6
DA:45,6
DA:48,26
LF:18
LH:18
BRDA:68,0,0,14
BRDA:68,0,1,12
BRDA:76,1,0,4
BRDA:76,1,1,8
BRF:4
BRH:4
end_of_record
TN:
SF:app/(public)/kore-brand/page.tsx
FN:65,AnimatedArrow
FN:68,(anonymous_1)
FN:69,(anonymous_2)
FN:70,(anonymous_3)
FN:72,(anonymous_4)
FN:92,KoreBrandPage
FN:157,(anonymous_6)
FN:242,(anonymous_7)
FN:409,(anonymous_8)
FN:92,(anonymous_9)
FNF:10
FNH:9
FNDA:46,AnimatedArrow
FNDA:10,(anonymous_1)
FNDA:13,(anonymous_2)
FNDA:20,(anonymous_3)
FNDA:0,(anonymous_4)
FNDA:10,KoreBrandPage
FNDA:1,(anonymous_6)
FNDA:50,(anonymous_7)
FNDA:40,(anonymous_8)
FNDA:3,(anonymous_9)
DA:1,9
DA:3,9
DA:4,9
DA:5,9
DA:7,9
DA:65,46
DA:66,46
DA:68,46
DA:69,10
DA:70,13
DA:72,10
DA:75,46
DA:76,46
DA:78,46
DA:92,10
DA:93,10
DA:94,10
DA:95,10
DA:96,10
DA:98,10
LF:20
LH:20
BRDA:70,0,0,20
BRDA:70,0,1,0
BRDA:75,1,0,18
BRDA:75,1,1,28
BRDA:76,2,0,18
BRDA:76,2,1,28
BRDA:81,3,0,26
BRDA:81,3,1,20
BRF:8
BRH:7
end_of_record
TN:
SF:app/(public)/login/page.tsx
FN:13,LoginPage
FN:28,(anonymous_1)
FN:32,(anonymous_2)
FN:38,(anonymous_3)
FN:40,(anonymous_4)
FN:41,(anonymous_5)
FN:44,(anonymous_6)
FN:124,(anonymous_7)
FN:144,(anonymous_8)
FN:151,(anonymous_9)
FN:177,(anonymous_10)
FN:178,(anonymous_11)
FN:13,(anonymous_12)
FNF:13
FNH:10
FNDA:1110,LoginPage
FNDA:106,(anonymous_1)
FNDA:284,(anonymous_2)
FNDA:106,(anonymous_3)
FNDA:0,(anonymous_4)
FNDA:104,(anonymous_5)
FNDA:89,(anonymous_6)
FNDA:89,(anonymous_7)
FNDA:89,(anonymous_8)
FNDA:2,(anonymous_9)
FNDA:0,(anonymous_10)
FNDA:0,(anonymous_11)
FNDA:101,(anonymous_12)
DA:1,102
DA:3,102
DA:4,102
DA:5,102
DA:6,102
DA:7,102
DA:8,102
DA:9,102
DA:10,102
DA:11,102
DA:13,1110
DA:14,1110
DA:15,1110
DA:16,1110
DA:17,1110
DA:18,1110
DA:19,1110
DA:20,1110
DA:21,1110
DA:22,1110
DA:23,1110
DA:24,1110
DA:26,1110
DA:28,1110
DA:29,106
DA:32,1110
DA:33,284
DA:34,87
DA:38,1110
DA:39,106
DA:44,1110
DA:45,89
DA:46,89
DA:48,89
DA:49,0
DA:50,0
DA:53,89
DA:55,89
DA:57,89
DA:58,86
DA:60,3
DA:61,3
DA:62,3
DA:63,3
DA:67,1110
DA:68,186
DA:75,1110
LF:47
LH:45
BRDA:33,0,0,87
BRDA:33,0,1,197
BRDA:33,1,0,284
BRDA:33,1,1,192
BRDA:48,2,0,0
BRDA:48,2,1,89
BRDA:48,3,0,89
BRDA:48,3,1,0
BRDA:57,4,0,86
BRDA:57,4,1,3
BRDA:60,5,0,3
BRDA:60,5,1,0
BRDA:67,6,0,186
BRDA:67,6,1,924
BRDA:106,7,0,924
BRDA:106,7,1,6
BRDA:142,8,0,2
BRDA:142,8,1,922
BRDA:154,9,0,2
BRDA:154,9,1,922
BRDA:172,10,0,1110
BRDA:172,10,1,0
BRDA:189,11,0,350
BRDA:189,11,1,574
BRF:24
BRH:20
end_of_record
TN:
SF:app/(public)/programs/page.tsx
FN:72,formatPrice
FN:76,ProgramsPage
FN:87,(anonymous_2)
FN:91,(anonymous_3)
FN:94,(anonymous_4)
FN:105,(anonymous_5)
FN:108,(anonymous_6)
FN:114,handleProgramChange
FN:163,(anonymous_8)
FN:170,(anonymous_9)
FN:224,(anonymous_10)
FN:250,(anonymous_11)
FN:276,(anonymous_12)
FN:279,(anonymous_13)
FN:76,(anonymous_14)
FNF:15
FNH:15
FNDA:94,formatPrice
FNDA:78,ProgramsPage
FNDA:13,(anonymous_2)
FNDA:13,(anonymous_3)
FNDA:7,(anonymous_4)
FNDA:5,(anonymous_5)
FNDA:4,(anonymous_6)
FNDA:3,handleProgramChange
FNDA:44,(anonymous_8)
FNDA:3,(anonymous_9)
FNDA:2,(anonymous_10)
FNDA:234,(anonymous_11)
FNDA:234,(anonymous_12)
FNDA:3,(anonymous_13)
FNDA:12,(anonymous_14)
DA:1,14
DA:3,14
DA:4,14
DA:5,14
DA:6,14
DA:7,14
DA:8,14
DA:33,14
DA:72,94
DA:73,94
DA:76,78
DA:77,78
DA:78,78
DA:79,78
DA:80,78
DA:81,78
DA:82,78
DA:83,78
DA:85,78
DA:87,78
DA:88,13
DA:91,78
DA:92,13
DA:93,13
DA:95,7
DA:96,7
DA:97,7
DA:98,7
DA:99,30
DA:100,30
DA:102,7
DA:103,7
DA:106,5
DA:108,13
DA:111,78
DA:112,78
DA:114,3
DA:115,3
DA:116,3
DA:119,78
DA:121,78
DA:164,44
DA:165,44
DA:166,44
DA:167,44
DA:225,2
DA:226,0
DA:228,2
DA:231,2
LF:49
LH:48
BRDA:95,0,0,0
BRDA:95,0,1,7
BRDA:96,1,0,0
BRDA:96,1,1,6
BRDA:96,1,2,1
BRDA:99,2,0,18
BRDA:99,2,1,12
BRDA:106,3,0,3
BRDA:106,3,1,2
BRDA:112,4,0,78
BRDA:112,4,1,54
BRDA:119,5,0,6
BRDA:119,5,1,72
BRDA:151,6,0,46
BRDA:151,6,1,32
BRDA:158,7,0,8
BRDA:158,7,1,24
BRDA:172,8,0,6
BRDA:172,8,1,38
BRDA:182,9,0,6
BRDA:182,9,1,38
BRDA:187,10,0,44
BRDA:187,10,1,6
BRDA:198,11,0,20
BRDA:198,11,1,24
BRDA:205,12,0,6
BRDA:205,12,1,38
BRDA:220,13,0,78
BRDA:220,13,1,6
BRDA:225,14,0,0
BRDA:225,14,1,2
BRDA:228,15,0,1
BRDA:228,15,1,1
BRDA:254,16,0,78
BRDA:254,16,1,156
BRDA:281,17,0,78
BRDA:281,17,1,156
BRDA:289,18,0,78
BRDA:289,18,1,156
BRF:39
BRH:36
end_of_record
TN:
SF:app/(public)/register/page.tsx
FN:15,RegisterPage
FN:23,RegisterContent
FN:46,(anonymous_2)
FN:50,(anonymous_3)
FN:60,(anonymous_4)
FN:62,(anonymous_5)
FN:63,(anonymous_6)
FN:65,(anonymous_7)
FN:72,(anonymous_8)
FN:93,(anonymous_9)
FN:145,(anonymous_10)
FN:216,(anonymous_11)
FN:233,(anonymous_12)
FN:253,(anonymous_13)
FN:272,(anonymous_14)
FN:291,(anonymous_15)
FN:299,(anonymous_16)
FN:319,(anonymous_17)
FN:333,(anonymous_18)
FN:334,(anonymous_19)
FN:23,(anonymous_20)
FNF:21
FNH:17
FNDA:32,RegisterPage
FNDA:140,RegisterContent
FNDA:20,(anonymous_2)
FNDA:32,(anonymous_3)
FNDA:20,(anonymous_4)
FNDA:0,(anonymous_5)
FNDA:20,(anonymous_6)
FNDA:8,(anonymous_7)
FNDA:2,(anonymous_8)
FNDA:6,(anonymous_9)
FNDA:1,(anonymous_10)
FNDA:6,(anonymous_11)
FNDA:6,(anonymous_12)
FNDA:6,(anonymous_13)
FNDA:0,(anonymous_14)
FNDA:6,(anonymous_15)
FNDA:2,(anonymous_16)
FNDA:6,(anonymous_17)
FNDA:0,(anonymous_18)
FNDA:0,(anonymous_19)
FNDA:16,(anonymous_20)
DA:1,16
DA:3,16
DA:4,16
DA:5,16
DA:6,16
DA:7,16
DA:8,16
DA:9,16
DA:10,16
DA:12,16
DA:13,16
DA:15,32
DA:16,32
DA:23,140
DA:24,140
DA:25,140
DA:26,140
DA:27,140
DA:28,140
DA:29,140
DA:30,140
DA:31,140
DA:32,140
DA:33,140
DA:34,140
DA:35,140
DA:36,140
DA:37,140
DA:38,140
DA:39,140
DA:40,140
DA:42,140
DA:44,140
DA:46,140
DA:47,20
DA:50,140
DA:51,32
DA:52,2
DA:53,1
DA:55,1
DA:60,140
DA:61,20
DA:65,20
DA:66,8
DA:67,0
DA:72,140
DA:73,2
DA:74,0
DA:77,2
DA:78,2
DA:79,0
DA:82,2
DA:83,2
DA:84,1
DA:86,1
DA:87,1
DA:90,0
DA:93,140
DA:94,6
DA:95,6
DA:97,6
DA:98,1
DA:99,1
DA:102,5
DA:103,1
DA:104,1
DA:107,6
DA:108,0
DA:109,0
DA:112,4
DA:113,1
DA:114,1
DA:115,1
DA:116,1
DA:119,3
DA:121,6
DA:122,6
DA:132,1
DA:133,1
DA:134,1
DA:137,1
DA:138,1
DA:140,2
DA:141,2
DA:143,2
DA:144,2
DA:145,2
DA:146,1
DA:149,0
DA:152,2
DA:153,2
DA:154,2
DA:158,140
DA:159,26
DA:166,140
LF:95
LH:88
BRDA:51,0,0,2
BRDA:51,0,1,30
BRDA:51,1,0,32
BRDA:51,1,1,20
BRDA:52,2,0,1
BRDA:52,2,1,1
BRDA:66,3,0,0
BRDA:66,3,1,8
BRDA:73,4,0,0
BRDA:73,4,1,2
BRDA:73,5,0,2
BRDA:73,5,1,2
BRDA:78,6,0,0
BRDA:78,6,1,2
BRDA:83,7,0,1
BRDA:83,7,1,1
BRDA:83,8,0,2
BRDA:83,8,1,1
BRDA:86,9,0,1
BRDA:86,9,1,0
BRDA:97,10,0,1
BRDA:97,10,1,5
BRDA:102,11,0,1
BRDA:102,11,1,4
BRDA:107,12,0,0
BRDA:107,12,1,6
BRDA:107,13,0,4
BRDA:107,13,1,0
BRDA:112,14,0,1
BRDA:112,14,1,3
BRDA:128,15,0,3
BRDA:128,15,1,3
BRDA:132,16,0,1
BRDA:132,16,1,0
BRDA:143,17,0,2
BRDA:143,17,1,0
BRDA:158,18,0,26
BRDA:158,18,1,114
BRDA:197,19,0,114
BRDA:197,19,1,10
BRDA:289,20,0,2
BRDA:289,20,1,112
BRDA:302,21,0,2
BRDA:302,21,1,112
BRDA:317,22,0,2
BRDA:317,22,1,112
BRDA:328,23,0,140
BRDA:328,23,1,0
BRDA:345,24,0,6
BRDA:345,24,1,108
BRF:50
BRH:41
end_of_record
TN:
SF:app/components/Gallery.tsx
FN:20,Gallery
FN:44,(anonymous_1)
FN:20,(anonymous_2)
FNF:3
FNH:3
FNDA:12,Gallery
FNDA:120,(anonymous_1)
FNDA:6,(anonymous_2)
DA:1,8
DA:3,8
DA:4,8
DA:5,8
DA:7,8
DA:20,12
DA:21,12
DA:22,12
DA:24,12
LF:9
LH:9
BRF:0
BRH:0
end_of_record
TN:
SF:app/components/Hero.tsx
FN:3,(anonymous_0)
FN:7,Hero
FN:7,(anonymous_2)
FNF:3
FNH:3
FNDA:11,(anonymous_0)
FNDA:22,Hero
FNDA:9,(anonymous_2)
DA:1,11
DA:3,11
DA:4,11
DA:5,11
DA:7,22
DA:8,22
DA:9,22
DA:11,22
LF:8
LH:8
BRF:0
BRH:0
end_of_record
TN:
SF:app/components/Philosophy.tsx
FN:3,(anonymous_0)
FN:31,Philosophy
FN:55,(anonymous_2)
FN:31,(anonymous_3)
FNF:4
FNH:4
FNDA:11,(anonymous_0)
FNDA:20,Philosophy
FNDA:60,(anonymous_2)
FNDA:9,(anonymous_3)
DA:1,11
DA:3,11
DA:4,11
DA:5,11
DA:7,11
DA:31,20
DA:32,20
DA:33,20
DA:35,20
LF:9
LH:9
BRF:0
BRH:0
end_of_record
TN:
SF:app/components/PricingTable.tsx
FN:3,(anonymous_0)
FN:81,PricingTable
FN:106,(anonymous_2)
FN:109,(anonymous_3)
FN:131,(anonymous_4)
FN:81,(anonymous_5)
FNF:6
FNH:6
FNDA:9,(anonymous_0)
FNDA:20,PricingTable
FNDA:60,(anonymous_2)
FNDA:3,(anonymous_3)
FNDA:116,(anonymous_4)
FNDA:7,(anonymous_5)
DA:1,9
DA:3,9
DA:4,9
DA:26,9
DA:81,20
DA:82,20
DA:83,20
DA:84,20
DA:85,20
DA:87,20
DA:132,116
DA:135,116
LF:12
LH:12
BRDA:111,0,0,20
BRDA:111,0,1,40
BRDA:139,1,0,20
BRDA:139,1,1,96
BRDA:144,2,0,116
BRDA:144,2,1,20
BRDA:163,3,0,18
BRDA:163,3,1,98
BRDA:192,4,0,20
BRDA:192,4,1,96
BRF:10
BRH:10
end_of_record
TN:
SF:app/components/Process.tsx
FN:3,(anonymous_0)
FN:46,Process
FN:77,(anonymous_2)
FN:46,(anonymous_3)
FNF:4
FNH:4
FNDA:8,(anonymous_0)
FNDA:12,Process
FNDA:72,(anonymous_2)
FNDA:6,(anonymous_3)
DA:1,8
DA:3,8
DA:4,8
DA:5,8
DA:7,8
DA:46,12
DA:47,12
DA:48,12
DA:50,12
LF:9
LH:9
BRF:0
BRH:0
end_of_record
TN:
SF:app/components/Programs.tsx
FN:3,(anonymous_0)
FN:55,Programs
FN:78,(anonymous_2)
FN:108,(anonymous_3)
FN:55,(anonymous_4)
FNF:5
FNH:5
FNDA:10,(anonymous_0)
FNDA:18,Programs
FNDA:54,(anonymous_2)
FNDA:216,(anonymous_3)
FNDA:8,(anonymous_4)
DA:1,10
DA:3,10
DA:4,10
DA:5,10
DA:7,10
DA:55,18
DA:56,18
DA:57,18
DA:59,18
LF:9
LH:9
BRF:0
BRH:0
end_of_record
TN:
SF:app/components/booking/BookingCalendar.tsx
FN:3,(anonymous_0)
FN:11,BookingCalendar
FN:26,(anonymous_2)
FN:27,(anonymous_3)
FN:29,(anonymous_4)
FN:36,dateStr
FN:42,prevMonth
FN:51,nextMonth
FN:89,(anonymous_8)
FN:98,(anonymous_9)
FN:101,(anonymous_10)
FN:111,(anonymous_11)
FNF:12
FNH:12
FNDA:47,(anonymous_0)
FNDA:262,BookingCalendar
FNDA:80,(anonymous_2)
FNDA:7418,(anonymous_3)
FNDA:74,(anonymous_4)
FNDA:7418,dateStr
FNDA:3,prevMonth
FNDA:14,nextMonth
FNDA:1834,(anonymous_8)
FNDA:80,(anonymous_9)
FNDA:7418,(anonymous_10)
FNDA:16,(anonymous_11)
DA:1,47
DA:3,47
DA:11,262
DA:12,262
DA:13,262
DA:14,262
DA:16,262
DA:17,262
DA:19,262
DA:21,262
DA:26,262
DA:27,262
DA:29,262
DA:30,74
DA:31,74
DA:32,74
DA:33,74
DA:36,7418
DA:37,7418
DA:38,7418
DA:39,7418
DA:42,3
DA:43,3
DA:44,1
DA:45,1
DA:47,2
DA:51,14
DA:52,14
DA:53,2
DA:54,2
DA:56,12
DA:60,262
DA:102,7418
DA:103,7418
DA:104,7418
DA:105,7418
DA:107,7418
LF:37
LH:37
BRDA:43,0,0,1
BRDA:43,0,1,2
BRDA:52,1,0,2
BRDA:52,1,1,12
BRDA:110,2,0,7418
BRDA:110,2,1,2824
BRDA:114,3,0,40
BRDA:114,3,1,7378
BRDA:114,3,2,94
BRDA:116,4,0,94
BRDA:116,4,1,7284
BRDA:123,5,0,7418
BRDA:123,5,1,134
BRDA:123,5,2,134
BRDA:123,5,3,94
BRF:15
BRH:15
end_of_record
TN:
SF:app/components/booking/BookingConfirmation.tsx
FN:4,(anonymous_0)
FN:17,BookingConfirmation
FN:17,(anonymous_2)
FNF:3
FNH:3
FNDA:47,(anonymous_0)
FNDA:62,BookingConfirmation
FNDA:12,(anonymous_2)
DA:1,47
DA:4,47
DA:5,47
DA:17,62
DA:18,12
DA:26,62
DA:28,62
LF:7
LH:7
BRDA:46,0,0,62
BRDA:46,0,1,0
BRDA:52,1,0,62
BRDA:52,1,1,0
BRDA:55,2,0,62
BRDA:55,2,1,62
BRDA:66,3,0,62
BRDA:66,3,1,40
BRDA:86,4,0,22
BRDA:86,4,1,40
BRF:10
BRH:8
end_of_record
TN:
SF:app/components/booking/BookingSuccess.tsx
FN:3,(anonymous_0)
FN:12,BookingSuccess
FN:20,(anonymous_2)
FNF:3
FNH:3
FNDA:47,(anonymous_0)
FNDA:6,BookingSuccess
FNDA:1,(anonymous_2)
DA:1,47
DA:3,47
DA:4,47
DA:12,47
DA:13,6
DA:14,6
DA:15,6
DA:19,6
DA:21,1
DA:26,6
LF:10
LH:10
BRDA:15,0,0,4
BRDA:15,0,1,2
BRDA:21,1,0,0
BRDA:21,1,1,1
BRDA:87,2,0,6
BRDA:87,2,1,4
BRDA:100,3,0,6
BRDA:100,3,1,2
BRF:8
BRH:7
end_of_record
TN:
SF:app/components/booking/NoSessionsModal.tsx
FN:3,(anonymous_0)
FN:9,NoSessionsModal
FNF:2
FNH:2
FNDA:47,(anonymous_0)
FNDA:4,NoSessionsModal
DA:1,47
DA:3,47
DA:9,4
DA:10,4
LF:4
LH:4
BRDA:27,0,0,4
BRDA:27,0,1,0
BRF:2
BRH:1
end_of_record
TN:
SF:app/components/booking/SessionDetailModal.tsx
FN:3,(anonymous_0)
FN:23,SessionDetailModal
FN:44,(anonymous_2)
FN:50,(anonymous_3)
FN:57,(anonymous_4)
FN:171,(anonymous_5)
FN:192,(anonymous_6)
FN:199,(anonymous_7)
FN:23,(anonymous_8)
FNF:9
FNH:9
FNDA:19,(anonymous_0)
FNDA:42,SessionDetailModal
FNDA:9,(anonymous_2)
FNDA:2,(anonymous_3)
FNDA:2,(anonymous_4)
FNDA:3,(anonymous_5)
FNDA:1,(anonymous_6)
FNDA:1,(anonymous_7)
FNDA:12,(anonymous_8)
DA:1,19
DA:3,19
DA:4,19
DA:5,19
DA:8,19
DA:14,19
DA:23,42
DA:24,42
DA:25,42
DA:27,42
DA:28,42
DA:30,42
DA:31,42
DA:32,42
DA:33,42
DA:34,42
DA:35,42
DA:37,42
DA:39,42
DA:43,42
DA:45,9
DA:50,42
DA:51,2
DA:52,2
DA:53,2
DA:54,2
DA:57,42
DA:58,2
DA:59,2
DA:60,1
DA:61,1
DA:65,42
LF:32
LH:32
BRDA:34,0,0,42
BRDA:34,0,1,40
BRDA:37,1,0,42
BRDA:37,1,1,0
BRDA:39,2,0,42
BRDA:39,2,1,0
BRDA:45,3,0,0
BRDA:45,3,1,9
BRDA:59,4,0,1
BRDA:59,4,1,1
BRDA:100,5,0,42
BRDA:100,5,1,6
BRDA:100,5,2,6
BRDA:100,5,3,4
BRDA:132,6,0,42
BRDA:132,6,1,42
BRDA:138,7,0,42
BRDA:138,7,1,42
BRDA:144,8,0,42
BRDA:144,8,1,2
BRDA:153,9,0,42
BRDA:153,9,1,2
BRDA:160,10,0,42
BRDA:160,10,1,42
BRDA:160,10,2,40
BRDA:160,10,3,24
BRDA:164,11,0,24
BRDA:164,11,1,20
BRDA:165,12,0,4
BRDA:165,12,1,20
BRDA:172,13,0,24
BRDA:172,13,1,20
BRDA:173,14,0,4
BRDA:173,14,1,20
BRDA:182,15,0,42
BRDA:182,15,1,16
BRDA:210,16,0,4
BRDA:210,16,1,12
BRF:38
BRH:35
end_of_record
TN:
SF:app/components/booking/TimeSlotPicker.tsx
FN:3,(anonymous_0)
FN:12,TimeSlotPicker
FN:15,formatTime
FN:36,(anonymous_3)
FN:44,(anonymous_4)
FN:55,(anonymous_5)
FN:60,(anonymous_6)
FNF:7
FNH:7
FNDA:47,(anonymous_0)
FNDA:48,TimeSlotPicker
FNDA:148,formatTime
FNDA:2,(anonymous_3)
FNDA:2,(anonymous_4)
FNDA:74,(anonymous_5)
FNDA:12,(anonymous_6)
DA:1,47
DA:3,47
DA:12,48
DA:13,48
DA:15,148
DA:16,148
DA:17,148
DA:18,132
DA:20,16
DA:23,48
DA:24,0
DA:31,48
DA:56,74
DA:57,74
LF:14
LH:13
BRDA:17,0,0,132
BRDA:17,0,1,16
BRDA:23,1,0,0
BRDA:23,1,1,48
BRDA:38,2,0,4
BRDA:38,2,1,44
BRDA:46,3,0,44
BRDA:46,3,1,4
BRDA:62,4,0,8
BRDA:62,4,1,66
BRF:10
BRH:9
end_of_record
TN:
SF:app/components/booking/TrainerInfoPanel.tsx
FN:1,(anonymous_0)
FN:11,TrainerInfoPanel
FNF:2
FNH:2
FNDA:47,(anonymous_0)
FNDA:290,TrainerInfoPanel
DA:1,47
DA:11,290
DA:12,290
DA:14,290
LF:4
LH:4
BRDA:12,0,0,290
BRDA:12,0,1,290
BRDA:20,1,0,218
BRDA:20,1,1,72
BRDA:25,2,0,218
BRDA:25,2,1,72
BRDA:27,3,0,290
BRDA:27,3,1,218
BRDA:43,4,0,290
BRDA:43,4,1,72
BRDA:62,5,0,290
BRDA:62,5,1,70
BRF:12
BRH:12
end_of_record
TN:
SF:app/components/booking/UpcomingSessionReminder.tsx
FN:3,(anonymous_0)
FN:8,UpcomingSessionReminder
FN:11,(anonymous_2)
FN:18,(anonymous_3)
FN:74,(anonymous_4)
FN:85,(anonymous_5)
FN:8,(anonymous_6)
FNF:7
FNH:7
FNDA:114,(anonymous_0)
FNDA:1238,UpcomingSessionReminder
FNDA:200,(anonymous_2)
FNDA:202,(anonymous_3)
FNDA:2,(anonymous_4)
FNDA:1,(anonymous_5)
FNDA:100,(anonymous_6)
DA:1,114
DA:3,114
DA:4,114
DA:5,114
DA:6,114
DA:8,1238
DA:9,1238
DA:10,1238
DA:11,1238
DA:12,200
DA:13,200
DA:18,1238
DA:19,202
DA:20,168
DA:24,1238
DA:26,56
DA:27,56
DA:28,56
DA:31,1238
DA:33,56
DA:38,56
DA:43,1238
DA:47,1238
DA:75,2
DA:76,2
DA:77,2
LF:26
LH:26
BRDA:12,0,0,200
BRDA:12,0,1,0
BRDA:19,1,0,168
BRDA:19,1,1,34
BRDA:24,2,0,1182
BRDA:24,2,1,56
BRDA:24,3,0,1238
BRDA:24,3,1,1166
BRDA:24,3,2,56
BRDA:31,4,0,0
BRDA:31,4,1,1238
BRDA:31,5,0,56
BRDA:31,5,1,56
BRDA:43,6,0,36
BRDA:43,6,1,20
BRF:15
BRH:13
end_of_record
TN:
SF:app/components/faq/FAQAccordion.tsx
FN:30,AccordionItem
FN:64,FAQAccordion
FN:67,(anonymous_2)
FN:68,(anonymous_3)
FN:89,(anonymous_4)
FN:97,(anonymous_5)
FN:102,(anonymous_6)
FNF:7
FNH:7
FNDA:10,AccordionItem
FNDA:12,FAQAccordion
FNDA:2,(anonymous_2)
FNDA:4,(anonymous_3)
FNDA:10,(anonymous_4)
FNDA:10,(anonymous_5)
FNDA:2,(anonymous_6)
DA:1,11
DA:3,11
DA:4,11
DA:30,10
DA:35,10
DA:64,12
DA:65,12
DA:67,12
DA:68,2
DA:69,4
DA:70,4
DA:71,2
DA:73,2
DA:75,4
DA:79,12
DA:80,2
DA:87,10
LF:17
LH:17
BRDA:47,0,0,2
BRDA:47,0,1,8
BRDA:53,1,0,2
BRDA:53,1,1,8
BRDA:70,2,0,2
BRDA:70,2,1,2
BRDA:79,3,0,2
BRDA:79,3,1,10
BRDA:91,4,0,10
BRDA:91,4,1,10
BRDA:90,5,0,10
BRDA:90,5,1,0
BRF:12
BRH:11
end_of_record
TN:
SF:app/components/layouts/Navbar.tsx
FN:17,Navbar
FN:22,(anonymous_1)
FN:29,(anonymous_2)
FN:51,(anonymous_3)
FN:85,(anonymous_4)
FN:115,(anonymous_5)
FN:119,(anonymous_6)
FN:133,(anonymous_7)
FN:17,(anonymous_8)
FNF:9
FNH:8
FNDA:982,Navbar
FNDA:167,(anonymous_1)
FNDA:14730,(anonymous_2)
FNDA:4910,(anonymous_3)
FNDA:4,(anonymous_4)
FNDA:4910,(anonymous_5)
FNDA:2,(anonymous_6)
FNDA:0,(anonymous_7)
FNDA:188,(anonymous_8)
DA:1,188
DA:3,188
DA:4,188
DA:5,188
DA:6,188
DA:7,188
DA:9,188
DA:17,982
DA:18,982
DA:19,982
DA:20,982
DA:22,982
DA:23,167
DA:26,982
DA:27,982
DA:29,982
DA:32,982
LF:17
LH:17
BRDA:26,0,0,230
BRDA:26,0,1,752
BRDA:27,1,0,230
BRDA:27,1,1,752
BRDA:30,2,0,2946
BRDA:30,2,1,11784
BRDA:56,3,0,214
BRDA:56,3,1,4696
BRDA:66,4,0,214
BRDA:66,4,1,4696
BRDA:91,5,0,6
BRDA:91,5,1,976
BRDA:96,6,0,6
BRDA:96,6,1,976
BRDA:101,7,0,6
BRDA:101,7,1,976
BRDA:111,8,0,6
BRDA:111,8,1,976
BRDA:121,9,0,214
BRDA:121,9,1,4696
BRF:20
BRH:20
end_of_record
TN:
SF:app/components/layouts/Sidebar.tsx
FN:3,(anonymous_0)
FN:48,Sidebar
FN:54,(anonymous_2)
FN:58,(anonymous_3)
FN:67,(anonymous_4)
FN:80,(anonymous_5)
FN:95,(anonymous_6)
FN:125,(anonymous_7)
FN:48,(anonymous_8)
FNF:9
FNH:9
FNDA:200,(anonymous_0)
FNDA:820,Sidebar
FNDA:274,(anonymous_2)
FNDA:2,(anonymous_3)
FNDA:2,(anonymous_4)
FNDA:1,(anonymous_5)
FNDA:1,(anonymous_6)
FNDA:3280,(anonymous_7)
FNDA:194,(anonymous_8)
DA:1,200
DA:3,200
DA:4,200
DA:5,200
DA:6,200
DA:7,200
DA:9,200
DA:48,820
DA:49,820
DA:50,820
DA:51,820
DA:52,820
DA:54,820
DA:55,274
DA:58,820
DA:59,2
DA:60,2
DA:63,820
DA:126,3280
DA:127,3280
LF:20
LH:20
BRDA:77,0,0,820
BRDA:77,0,1,8
BRDA:85,1,0,8
BRDA:85,1,1,812
BRDA:106,2,0,820
BRDA:106,2,1,406
BRDA:126,3,0,3280
BRDA:126,3,1,2574
BRDA:126,3,2,2092
BRDA:132,4,0,810
BRDA:132,4,1,2470
BRF:11
BRH:11
end_of_record
TN:
SF:app/components/subscription/SubscriptionExpiryReminder.tsx
FN:3,(anonymous_0)
FN:8,SubscriptionExpiryReminder
FN:11,(anonymous_2)
FN:18,(anonymous_3)
FN:36,(anonymous_4)
FN:43,(anonymous_5)
FN:8,(anonymous_6)
FNF:7
FNH:7
FNDA:114,(anonymous_0)
FNDA:1242,SubscriptionExpiryReminder
FNDA:200,(anonymous_2)
FNDA:202,(anonymous_3)
FNDA:2,(anonymous_4)
FNDA:1,(anonymous_5)
FNDA:100,(anonymous_6)
DA:1,114
DA:3,114
DA:4,114
DA:5,114
DA:6,114
DA:8,1242
DA:9,1242
DA:10,1242
DA:11,1242
DA:12,200
DA:13,200
DA:18,1242
DA:19,202
DA:20,168
DA:24,1242
DA:26,46
DA:27,46
DA:28,46
DA:30,46
DA:36,46
DA:37,2
DA:38,2
DA:39,2
DA:40,2
DA:43,46
DA:44,1
DA:45,1
DA:48,1242
DA:49,1242
DA:51,1242
LF:30
LH:30
BRDA:12,0,0,200
BRDA:12,0,1,0
BRDA:19,1,0,168
BRDA:19,1,1,34
BRDA:24,2,0,1196
BRDA:24,2,1,46
BRDA:24,3,0,1242
BRDA:24,3,1,1170
BRDA:24,3,2,50
BRDA:49,4,0,46
BRDA:49,4,1,0
BRDA:67,5,0,1242
BRDA:67,5,1,0
BRDA:73,6,0,0
BRDA:73,6,1,46
BRDA:75,7,0,0
BRDA:75,7,1,46
BRF:17
BRH:12
end_of_record
TN:
SF:app/composables/useScrollAnimations.ts
FN:3,(anonymous_0)
FN:9,useTextReveal
FN:10,(anonymous_2)
FN:13,(anonymous_3)
FN:16,(anonymous_4)
FN:86,(anonymous_5)
FN:90,useHeroAnimation
FN:91,(anonymous_7)
FN:94,(anonymous_8)
FN:114,(anonymous_9)
FNF:10
FNH:10
FNDA:111,(anonymous_0)
FNDA:92,useTextReveal
FNDA:32,(anonymous_2)
FNDA:32,(anonymous_3)
FNDA:194,(anonymous_4)
FNDA:5,(anonymous_5)
FNDA:4194,useHeroAnimation
FNDA:450,(anonymous_7)
FNDA:233,(anonymous_8)
FNDA:116,(anonymous_9)
DA:1,264
DA:3,264
DA:4,264
DA:5,264
DA:7,264
DA:9,92
DA:10,92
DA:11,32
DA:13,32
DA:14,32
DA:16,32
DA:17,194
DA:18,194
DA:20,194
DA:22,194
DA:35,194
DA:37,96
DA:39,0
DA:40,0
DA:41,0
DA:43,6
DA:44,6
DA:45,6
DA:46,6
DA:48,36
DA:49,36
DA:50,36
DA:51,36
DA:53,18
DA:54,18
DA:55,18
DA:56,18
DA:58,30
DA:59,30
DA:60,30
DA:61,30
DA:63,8
DA:64,8
DA:65,8
DA:66,8
DA:79,8
DA:82,186
DA:86,32
DA:90,4194
DA:91,4194
DA:92,450
DA:94,233
DA:95,233
DA:97,233
DA:98,233
DA:99,233
DA:100,233
DA:101,233
DA:102,233
DA:103,233
DA:105,233
DA:106,233
DA:107,233
DA:108,233
DA:109,233
DA:110,233
DA:111,233
DA:114,233
LF:63
LH:60
BRDA:11,0,0,0
BRDA:11,0,1,32
BRDA:18,1,0,194
BRDA:18,1,1,36
BRDA:35,2,0,96
BRDA:35,2,1,0
BRDA:35,2,2,6
BRDA:35,2,3,36
BRDA:35,2,4,18
BRDA:35,2,5,30
BRDA:35,2,6,8
BRDA:92,3,0,217
BRDA:92,3,1,233
BRDA:105,4,0,233
BRDA:105,4,1,0
BRDA:106,5,0,205
BRDA:106,5,1,28
BRDA:106,6,0,205
BRDA:106,6,1,0
BRDA:107,7,0,49
BRDA:107,7,1,184
BRDA:108,8,0,229
BRDA:108,8,1,4
BRDA:109,9,0,221
BRDA:109,9,1,12
BRDA:110,10,0,6
BRDA:110,10,1,227
BRDA:111,11,0,6
BRDA:111,11,1,227
BRF:29
BRH:25
end_of_record
TN:
SF:lib/constants.ts
FN:1,(anonymous_0)
FNF:1
FNH:1
FNDA:206,(anonymous_0)
DA:8,206
DA:9,206
LF:2
LH:2
BRF:0
BRH:0
end_of_record
TN:
SF:lib/services/http.ts
FNF:0
FNH:0
DA:1,294
DA:3,294
DA:4,294
LF:3
LH:3
BRDA:4,0,0,294
BRDA:4,0,1,294
BRF:2
BRH:2
end_of_record
TN:
SF:lib/stores/authStore.ts
FN:1,(anonymous_0)
FN:58,clearAuthCookies
FN:64,mapUser
FN:78,(anonymous_3)
FN:85,(anonymous_4)
FN:114,(anonymous_5)
FN:143,(anonymous_6)
FN:151,(anonymous_7)
FN:183,(anonymous_8)
FN:188,(anonymous_9)
FN:194,(anonymous_10)
FNF:11
FNH:10
FNDA:291,(anonymous_0)
FNDA:5,clearAuthCookies
FNDA:192,mapUser
FNDA:291,(anonymous_3)
FNDA:89,(anonymous_4)
FNDA:0,(anonymous_5)
FNDA:2,(anonymous_6)
FNDA:599,(anonymous_7)
FNDA:106,(anonymous_8)
FNDA:1,(anonymous_9)
FNDA:6,(anonymous_10)
DA:1,291
DA:2,291
DA:3,291
DA:58,5
DA:59,5
DA:60,5
DA:61,5
DA:64,192
DA:65,192
DA:66,192
DA:67,192
DA:78,291
DA:86,89
DA:87,89
DA:89,86
DA:90,86
DA:92,86
DA:93,86
DA:94,86
DA:96,86
DA:97,86
DA:100,86
DA:101,86
DA:103,3
DA:104,3
DA:106,3
DA:107,3
DA:115,0
DA:116,0
DA:118,0
DA:119,0
DA:121,0
DA:122,0
DA:123,0
DA:125,0
DA:126,0
DA:128,0
DA:129,0
DA:130,0
DA:131,0
DA:132,0
DA:133,0
DA:134,0
DA:135,0
DA:136,0
DA:139,0
DA:144,2
DA:145,2
DA:146,2
DA:148,2
DA:152,599
DA:153,344
DA:156,255
DA:157,599
DA:158,0
DA:159,0
DA:162,255
DA:163,255
DA:165,599
DA:166,139
DA:167,139
DA:170,138
DA:171,116
DA:173,2
DA:174,2
DA:175,2
DA:178,114
DA:180,114
DA:184,106
DA:185,106
DA:186,106
DA:189,1
DA:190,1
DA:195,6
LF:74
LH:53
BRDA:65,0,0,192
BRDA:65,0,1,1
BRDA:66,1,0,192
BRDA:66,1,1,1
BRDA:72,2,0,192
BRDA:72,2,1,192
BRDA:74,3,0,192
BRDA:74,3,1,1
BRDA:96,4,0,86
BRDA:96,4,1,0
BRDA:104,5,0,3
BRDA:104,5,1,2
BRDA:106,6,0,1
BRDA:106,6,1,2
BRDA:109,7,0,2
BRDA:109,7,1,1
BRDA:131,8,0,0
BRDA:131,8,1,0
BRDA:133,9,0,0
BRDA:133,9,1,0
BRDA:135,10,0,0
BRDA:135,10,1,0
BRDA:145,11,0,2
BRDA:145,11,1,0
BRDA:152,12,0,344
BRDA:152,12,1,255
BRDA:157,13,0,0
BRDA:157,13,1,599
BRDA:157,14,0,599
BRDA:157,14,1,0
BRDA:157,14,2,0
BRDA:165,15,0,139
BRDA:165,15,1,460
BRDA:165,16,0,255
BRDA:165,16,1,116
BRF:35
BRH:24
end_of_record
TN:
SF:lib/stores/bookingStore.ts
FN:1,(anonymous_0)
FN:128,authHeaders
FN:133,extractErrorMessage
FN:159,(anonymous_3)
FN:179,(anonymous_4)
FN:180,(anonymous_5)
FN:181,(anonymous_6)
FN:182,(anonymous_7)
FN:192,(anonymous_8)
FN:207,(anonymous_9)
FN:208,(anonymous_10)
FN:230,(anonymous_11)
FN:249,(anonymous_12)
FN:283,(anonymous_13)
FN:298,(anonymous_14)
FN:318,(anonymous_15)
FN:329,(anonymous_16)
FN:347,(anonymous_17)
FN:370,(anonymous_18)
FNF:19
FNH:15
FNDA:114,(anonymous_0)
FNDA:787,authHeaders
FNDA:8,extractErrorMessage
FNDA:186,(anonymous_3)
FNDA:13,(anonymous_4)
FNDA:16,(anonymous_5)
FNDA:12,(anonymous_6)
FNDA:1,(anonymous_7)
FNDA:43,(anonymous_8)
FNDA:0,(anonymous_9)
FNDA:0,(anonymous_10)
FNDA:0,(anonymous_11)
FNDA:66,(anonymous_12)
FNDA:75,(anonymous_13)
FNDA:230,(anonymous_14)
FNDA:360,(anonymous_15)
FNDA:11,(anonymous_16)
FNDA:2,(anonymous_17)
FNDA:0,(anonymous_18)
DA:1,186
DA:2,186
DA:3,186
DA:128,787
DA:129,787
DA:130,787
DA:133,8
DA:134,8
DA:137,8
DA:138,3
DA:139,3
DA:143,5
DA:144,2
DA:145,2
DA:149,3
DA:150,3
DA:151,6
DA:152,6
DA:153,6
DA:156,1
DA:159,186
DA:193,43
DA:194,43
DA:195,43
DA:198,43
DA:199,43
DA:201,13
DA:203,37
DA:208,0
DA:210,0
DA:211,0
DA:212,0
DA:215,0
DA:216,0
DA:217,0
DA:220,0
DA:221,0
DA:223,0
DA:224,0
DA:226,0
DA:231,0
DA:232,0
DA:233,0
DA:234,0
DA:235,0
DA:236,0
DA:240,0
DA:241,0
DA:243,0
DA:245,0
DA:250,66
DA:251,66
DA:252,66
DA:253,66
DA:254,66
DA:255,66
DA:257,66
DA:258,66
DA:264,42
DA:266,43
DA:267,2
DA:268,2
DA:271,66
DA:272,66
DA:273,66
DA:274,66
DA:277,42
DA:279,17
DA:284,75
DA:285,75
DA:286,75
DA:289,75
DA:290,75
DA:292,19
DA:294,65
DA:299,230
DA:300,230
DA:301,230
DA:302,230
DA:303,230
DA:307,31
DA:312,103
DA:314,134
DA:319,360
DA:320,360
DA:323,360
DA:325,69
DA:330,11
DA:331,11
DA:332,11
DA:335,3
DA:336,3
DA:338,8
DA:339,8
DA:340,8
DA:341,8
DA:343,11
DA:348,2
DA:349,2
DA:350,2
DA:355,2
DA:356,0
DA:358,1
DA:360,1
DA:363,1
DA:364,1
DA:366,2
DA:371,0
DA:372,0
DA:373,0
DA:378,0
DA:379,0
DA:381,0
DA:384,0
DA:385,0
DA:387,0
LF:116
LH:84
BRDA:130,0,0,776
BRDA:130,0,1,11
BRDA:134,1,0,0
BRDA:134,1,1,8
BRDA:137,2,0,3
BRDA:137,2,1,5
BRDA:138,3,0,2
BRDA:138,3,1,1
BRDA:139,4,0,1
BRDA:139,4,1,2
BRDA:139,5,0,1
BRDA:139,5,1,1
BRDA:143,6,0,2
BRDA:143,6,1,3
BRDA:144,7,0,1
BRDA:144,7,1,1
BRDA:145,8,0,1
BRDA:145,8,1,1
BRDA:145,9,0,1
BRDA:145,9,1,1
BRDA:152,10,0,0
BRDA:152,10,1,6
BRDA:153,11,0,2
BRDA:153,11,1,4
BRDA:153,12,0,6
BRDA:153,12,1,2
BRDA:198,13,0,24
BRDA:198,13,1,1
BRDA:199,14,0,24
BRDA:199,14,1,0
BRDA:199,15,0,43
BRDA:199,15,1,1
BRDA:199,16,0,24
BRDA:199,16,1,0
BRDA:208,17,0,0
BRDA:208,17,1,0
BRDA:210,18,0,0
BRDA:210,18,1,0
BRDA:234,19,0,0
BRDA:234,19,1,0
BRDA:235,20,0,0
BRDA:235,20,1,0
BRDA:240,21,0,0
BRDA:240,21,1,0
BRDA:241,22,0,0
BRDA:241,22,1,0
BRDA:252,23,0,23
BRDA:252,23,1,43
BRDA:262,24,0,66
BRDA:262,24,1,0
BRDA:266,25,0,2
BRDA:266,25,1,41
BRDA:271,26,0,40
BRDA:271,26,1,0
BRDA:273,27,0,66
BRDA:273,27,1,40
BRDA:289,28,0,46
BRDA:289,28,1,1
BRDA:290,29,0,46
BRDA:290,29,1,0
BRDA:298,30,0,230
BRDA:302,31,0,38
BRDA:302,31,1,192
BRDA:323,32,0,17
BRDA:323,32,1,106
BRDA:352,33,0,1
BRDA:352,33,1,1
BRDA:355,34,0,0
BRDA:355,34,1,2
BRDA:361,35,0,1
BRDA:361,35,1,0
BRDA:361,36,0,0
BRDA:361,36,1,0
BRDA:363,37,0,1
BRDA:363,37,1,0
BRDA:382,38,0,0
BRDA:382,38,1,0
BRDA:382,39,0,0
BRDA:382,39,1,0
BRDA:384,40,0,0
BRDA:384,40,1,0
BRF:81
BRH:51
end_of_record
TN:
SF:lib/stores/checkoutStore.ts
FN:1,(anonymous_0)
FN:82,applyAutoLoginSession
FN:108,(anonymous_2)
FN:116,(anonymous_3)
FN:126,(anonymous_4)
FN:139,(anonymous_5)
FN:158,(anonymous_6)
FN:186,(anonymous_7)
FN:218,(anonymous_8)
FN:221,(anonymous_9)
FN:265,(anonymous_10)
FNF:11
FNH:9
FNDA:23,(anonymous_0)
FNDA:1,applyAutoLoginSession
FNDA:23,(anonymous_2)
FNDA:21,(anonymous_3)
FNDA:21,(anonymous_4)
FNDA:0,(anonymous_5)
FNDA:8,(anonymous_6)
FNDA:0,(anonymous_7)
FNDA:4,(anonymous_8)
FNDA:4,(anonymous_9)
FNDA:21,(anonymous_10)
DA:1,23
DA:2,23
DA:3,23
DA:5,23
DA:79,23
DA:80,23
DA:82,1
DA:83,1
DA:84,1
DA:85,1
DA:95,1
DA:96,1
DA:97,1
DA:99,1
DA:108,23
DA:117,21
DA:118,21
DA:119,21
DA:120,14
DA:122,3
DA:127,21
DA:128,21
DA:129,21
DA:130,1
DA:131,1
DA:133,13
DA:135,3
DA:140,0
DA:141,0
DA:142,0
DA:143,0
DA:146,0
DA:151,0
DA:153,0
DA:154,0
DA:159,8
DA:160,8
DA:161,8
DA:162,8
DA:165,8
DA:166,1
DA:168,8
DA:172,8
DA:177,5
DA:179,3
DA:180,3
DA:181,3
DA:182,3
DA:187,0
DA:188,0
DA:189,0
DA:190,0
DA:195,0
DA:196,0
DA:199,0
DA:203,0
DA:208,0
DA:209,0
DA:211,0
DA:212,0
DA:213,0
DA:214,0
DA:219,4
DA:220,4
DA:221,4
DA:222,4
DA:223,4
DA:224,4
DA:225,1
DA:227,4
DA:228,4
DA:231,4
DA:240,4
DA:244,4
DA:246,4
DA:247,2
DA:248,1
DA:250,2
DA:251,2
DA:253,2
DA:254,2
DA:255,2
DA:261,0
DA:262,0
DA:266,21
LF:85
LH:61
BRDA:83,0,0,1
BRDA:83,0,1,0
BRDA:84,1,0,1
BRDA:84,1,1,0
BRDA:90,2,0,1
BRDA:90,2,1,1
BRDA:92,3,0,1
BRDA:92,3,1,0
BRDA:129,4,0,1
BRDA:129,4,1,20
BRDA:143,5,0,0
BRDA:143,5,1,0
BRDA:165,6,0,1
BRDA:165,6,1,7
BRDA:168,7,0,7
BRDA:168,7,1,1
BRDA:180,8,0,3
BRDA:180,8,1,3
BRDA:195,9,0,0
BRDA:195,9,1,0
BRDA:199,10,0,0
BRDA:199,10,1,0
BRDA:212,11,0,0
BRDA:212,11,1,0
BRDA:224,12,0,1
BRDA:224,12,1,3
BRDA:224,13,0,4
BRDA:224,13,1,1
BRDA:227,14,0,4
BRDA:227,14,1,0
BRDA:231,15,0,3
BRDA:231,15,1,1
BRDA:234,16,0,3
BRDA:234,16,1,0
BRDA:236,17,0,1
BRDA:236,17,1,0
BRDA:246,18,0,2
BRDA:246,18,1,2
BRDA:247,19,0,1
BRDA:247,19,1,1
BRDA:253,20,0,2
BRDA:253,20,1,0
BRF:42
BRH:27
end_of_record
TN:
SF:lib/stores/subscriptionStore.ts
FN:33,authHeaders
FN:38,(anonymous_1)
FN:48,(anonymous_2)
FN:55,(anonymous_3)
FN:62,(anonymous_4)
FN:66,(anonymous_5)
FN:72,(anonymous_6)
FN:73,(anonymous_7)
FN:82,(anonymous_8)
FN:94,(anonymous_9)
FN:105,(anonymous_10)
FNF:11
FNH:8
FNDA:385,authHeaders
FNDA:127,(anonymous_1)
FNDA:204,(anonymous_2)
FNDA:25,(anonymous_3)
FNDA:23,(anonymous_4)
FNDA:0,(anonymous_5)
FNDA:0,(anonymous_6)
FNDA:0,(anonymous_7)
FNDA:10,(anonymous_8)
FNDA:168,(anonymous_9)
FNDA:3,(anonymous_10)
DA:1,127
DA:2,127
DA:3,127
DA:33,385
DA:34,385
DA:35,385
DA:38,127
DA:49,204
DA:50,204
DA:51,204
DA:54,204
DA:55,204
DA:56,204
DA:58,44
DA:63,23
DA:67,0
DA:68,0
DA:69,0
DA:72,0
DA:73,0
DA:74,0
DA:75,0
DA:77,0
DA:78,0
DA:83,10
DA:84,10
DA:85,10
DA:88,8
DA:90,2
DA:95,168
DA:96,168
DA:99,168
DA:101,68
DA:106,3
DA:107,3
DA:110,2
DA:111,2
DA:113,1
LF:38
LH:29
BRDA:35,0,0,383
BRDA:35,0,1,2
BRDA:54,1,0,64
BRDA:54,1,1,1
BRDA:55,2,0,204
BRDA:55,2,1,40
BRDA:72,3,0,0
BRDA:72,3,1,0
BRDA:73,4,0,0
BRDA:73,4,1,0
BRDA:99,5,0,6
BRDA:99,5,1,15
BRF:12
BRH:8
end_of_record
TN:
SF:localhost-3000/_next/static/chunks/[turbopack]_browser_dev_hmr-client_hmr-client_ts_956a0d3a._.js
FN:2,(anonymous_0)
FN:4,(anonymous_1)
FN:8,(anonymous_2)
FN:8,(anonymous_3)
FNF:4
FNH:4
FNDA:299,(anonymous_0)
FNDA:299,(anonymous_1)
FNDA:598,(anonymous_2)
FNDA:298,(anonymous_3)
DA:1,301
DA:4,299
DA:5,299
DA:9,298
LF:4
LH:4
BRDA:1,0,0,301
BRDA:1,0,1,229
BRDA:1,1,0,301
BRDA:1,1,1,0
BRF:4
BRH:3
end_of_record
TN:
SF:localhost-3000/_next/static/chunks/[turbopack]_browser_dev_hmr-client_hmr-client_ts_c7192189._.js
FNF:0
FNH:0
DA:1,298
LF:1
LH:1
BRDA:1,0,0,298
BRDA:1,0,1,0
BRDA:2,1,0,298
BRDA:2,1,1,0
BRF:4
BRH:2
end_of_record
TN:
SF:localhost-3000/_next/static/chunks/_a0ff3932._.js
FNF:0
FNH:0
DA:1,301
LF:1
LH:1
BRDA:1,0,0,301
BRDA:1,0,1,301
BRDA:2,1,0,301
BRDA:2,1,1,0
BRF:4
BRH:3
end_of_record
TN:
SF:localhost-3000/_next/static/chunks/app_(app)_book-session_page_tsx_7f6d6fc0._.js
FNF:0
FNH:0
DA:1,49
LF:1
LH:1
BRDA:1,0,0,49
BRDA:1,0,1,0
BRDA:2,1,0,49
BRDA:2,1,1,0
BRF:4
BRH:2
end_of_record
TN:
SF:localhost-3000/_next/static/chunks/app_(app)_calendar_page_tsx_7f6d6fc0._.js
FNF:0
FNH:0
DA:1,2
LF:1
LH:1
BRDA:1,0,0,2
BRDA:1,0,1,0
BRDA:2,1,0,2
BRDA:2,1,1,0
BRF:4
BRH:2
end_of_record
TN:
SF:localhost-3000/_next/static/chunks/app_(app)_dashboard_page_tsx_7f6d6fc0._.js
FNF:0
FNH:0
DA:1,171
LF:1
LH:1
BRDA:1,0,0,171
BRDA:1,0,1,0
BRDA:2,1,0,171
BRDA:2,1,1,0
BRF:4
BRH:2
end_of_record
TN:
SF:localhost-3000/_next/static/chunks/app_(app)_layout_tsx_22648a07._.js
FNF:0
FNH:0
DA:1,260
LF:1
LH:1
BRDA:1,0,0,260
BRDA:1,0,1,0
BRDA:2,1,0,260
BRDA:2,1,1,0
BRF:4
BRH:2
end_of_record
TN:
SF:localhost-3000/_next/static/chunks/app_(app)_my-programs_page_tsx_7f6d6fc0._.js
FNF:0
FNH:0
DA:1,13
LF:1
LH:1
BRDA:1,0,0,13
BRDA:1,0,1,0
BRDA:2,1,0,13
BRDA:2,1,1,0
BRF:4
BRH:2
end_of_record
TN:
SF:localhost-3000/_next/static/chunks/app_(app)_my-programs_program_[subscriptionId]_page_tsx_7f6d6fc0._.js
FNF:0
FNH:0
DA:1,19
LF:1
LH:1
BRDA:1,0,0,19
BRDA:1,0,1,0
BRDA:2,1,0,19
BRDA:2,1,1,0
BRF:4
BRH:2
end_of_record
TN:
SF:localhost-3000/_next/static/chunks/app_(app)_subscription_page_tsx_7f6d6fc0._.js
FNF:0
FNH:0
DA:1,13
LF:1
LH:1
BRDA:1,0,0,13
BRDA:1,0,1,0
BRDA:2,1,0,13
BRDA:2,1,1,0
BRF:4
BRH:2
end_of_record
TN:
SF:localhost-3000/_next/static/chunks/app_(public)_checkout_page_tsx_9a3340b1._.js
FNF:0
FNH:0
DA:1,24
LF:1
LH:1
BRDA:1,0,0,24
BRDA:1,0,1,0
BRDA:2,1,0,24
BRDA:2,1,1,0
BRF:4
BRH:2
end_of_record
TN:
SF:localhost-3000/_next/static/chunks/app_(public)_contact_page_tsx_9a3340b1._.js
FNF:0
FNH:0
DA:1,13
LF:1
LH:1
BRDA:1,0,0,13
BRDA:1,0,1,0
BRDA:2,1,0,13
BRDA:2,1,1,0
BRF:4
BRH:2
end_of_record
TN:
SF:localhost-3000/_next/static/chunks/app_(public)_faq_page_tsx_9a3340b1._.js
FNF:0
FNH:0
DA:1,11
LF:1
LH:1
BRDA:1,0,0,11
BRDA:1,0,1,0
BRDA:2,1,0,11
BRDA:2,1,1,0
BRF:4
BRH:2
end_of_record
TN:
SF:localhost-3000/_next/static/chunks/app_(public)_kore-brand_page_tsx_9a3340b1._.js
FNF:0
FNH:0
DA:1,9
LF:1
LH:1
BRDA:1,0,0,9
BRDA:1,0,1,0
BRDA:2,1,0,9
BRDA:2,1,1,0
BRF:4
BRH:2
end_of_record
TN:
SF:localhost-3000/_next/static/chunks/app_(public)_layout_tsx_22648a07._.js
FNF:0
FNH:0
DA:1,202
LF:1
LH:1
BRDA:1,0,0,202
BRDA:1,0,1,0
BRDA:2,1,0,202
BRDA:2,1,1,0
BRF:4
BRH:2
end_of_record
TN:
SF:localhost-3000/_next/static/chunks/app_(public)_login_page_tsx_9a3340b1._.js
FNF:0
FNH:0
DA:1,108
LF:1
LH:1
BRDA:1,0,0,108
BRDA:1,0,1,0
BRDA:2,1,0,108
BRDA:2,1,1,0
BRF:4
BRH:2
end_of_record
TN:
SF:localhost-3000/_next/static/chunks/app_(public)_page_tsx_9a3340b1._.js
FNF:0
FNH:0
DA:1,21
LF:1
LH:1
BRDA:1,0,0,21
BRDA:1,0,1,0
BRDA:2,1,0,21
BRDA:2,1,1,0
BRF:4
BRH:2
end_of_record
TN:
SF:localhost-3000/_next/static/chunks/app_(public)_programs_page_tsx_9a3340b1._.js
FNF:0
FNH:0
DA:1,16
LF:1
LH:1
BRDA:1,0,0,16
BRDA:1,0,1,0
BRDA:2,1,0,16
BRDA:2,1,1,0
BRF:4
BRH:2
end_of_record
TN:
SF:localhost-3000/_next/static/chunks/app_(public)_register_page_tsx_9a3340b1._.js
FNF:0
FNH:0
DA:1,20
LF:1
LH:1
BRDA:1,0,0,20
BRDA:1,0,1,0
BRDA:2,1,0,20
BRDA:2,1,1,0
BRF:4
BRH:2
end_of_record
TN:
SF:localhost-3000/_next/static/chunks/app_apple-icon_png_mjs_df2b0099._.js
FNF:0
FNH:0
DA:1,299
LF:1
LH:1
BRDA:1,0,0,299
BRDA:1,0,1,0
BRDA:2,1,0,299
BRDA:2,1,1,0
BRF:4
BRH:2
end_of_record
TN:
SF:localhost-3000/_next/static/chunks/app_layout_tsx_1cf6b850._.js
FNF:0
FNH:0
DA:1,299
LF:1
LH:1
BRDA:1,0,0,299
BRDA:1,0,1,0
BRDA:2,1,0,299
BRDA:2,1,1,0
BRF:4
BRH:2
end_of_record
TN:
SF:localhost-3000/book-session
FNF:0
FNH:0
DA:1,1
LF:1
LH:1
BRF:0
BRH:0
end_of_record
TN:
SF:localhost-3000/book-session-reschedule=123&subscription=10
FNF:0
FNH:0
DA:1,1
LF:1
LH:1
BRF:0
BRH:0
end_of_record
TN:
SF:localhost-3000/calendar
FNF:0
FNH:0
DA:1,1
LF:1
LH:1
BRF:0
BRH:0
end_of_record
TN:
SF:localhost-3000/checkout
FNF:0
FNH:0
DA:1,1
LF:1
LH:1
BRF:0
BRH:0
end_of_record
TN:
SF:localhost-3000/checkout-package=1
FNF:0
FNH:0
DA:1,1
LF:1
LH:1
BRF:0
BRH:0
end_of_record
TN:
SF:localhost-3000/checkout-package=5
FNF:0
FNH:0
DA:1,1
LF:1
LH:1
BRF:0
BRH:0
end_of_record
TN:
SF:localhost-3000/checkout-package=6
FNF:0
FNH:0
DA:1,1
LF:1
LH:1
BRF:0
BRH:0
end_of_record
TN:
SF:localhost-3000/contact
FNF:0
FNH:0
DA:1,1
LF:1
LH:1
BRF:0
BRH:0
end_of_record
TN:
SF:localhost-3000/dashboard
FNF:0
FNH:0
DA:1,1
LF:1
LH:1
BRF:0
BRH:0
end_of_record
TN:
SF:localhost-3000/faq
FNF:0
FNH:0
DA:1,1
LF:1
LH:1
BRF:0
BRH:0
end_of_record
TN:
SF:localhost-3000/kore-brand
FNF:0
FNH:0
DA:1,1
LF:1
LH:1
BRF:0
BRH:0
end_of_record
TN:
SF:localhost-3000/login
FNF:0
FNH:0
DA:1,1
LF:1
LH:1
BRF:0
BRH:0
end_of_record
TN:
SF:localhost-3000/my-programs
FNF:0
FNH:0
DA:1,1
LF:1
LH:1
BRF:0
BRH:0
end_of_record
TN:
SF:localhost-3000/my-programs/program/11
FNF:0
FNH:0
DA:1,1
LF:1
LH:1
BRF:0
BRH:0
end_of_record
TN:
SF:localhost-3000/my-programs/program/42
FNF:0
FNH:0
DA:1,1
LF:1
LH:1
BRF:0
BRH:0
end_of_record
TN:
SF:localhost-3000/programs
FNF:0
FNH:0
DA:1,1
LF:1
LH:1
BRF:0
BRH:0
end_of_record
TN:
SF:localhost-3000/register
FNF:0
FNH:0
DA:1,1
LF:1
LH:1
BRF:0
BRH:0
end_of_record
TN:
SF:localhost-3000/register-package=6
FNF:0
FNH:0
DA:1,1
LF:1
LH:1
BRF:0
BRH:0
end_of_record
TN:
SF:localhost-3000/subscription
FNF:0
FNH:0
DA:1,1
LF:1
LH:1
BRF:0
BRH:0
end_of_record
TN:
SF:localhost-3000
FNF:0
FNH:0
DA:1,1
LF:1
LH:1
BRF:0
BRH:0
end_of_record
